[0.131s] Invoking command in '/home/nalsem/ros2_ws/build/ydlidar_ros2_driver': CMAKE_PREFIX_PATH=${CMAKE_PREFIX_PATH}:/home/nalsem/ros2_ws/install/nalsem_A:/home/nalsem/ros2_ws/install/mecha_autoship_camera:/home/nalsem/ros2_ws/install/mecha_autoship_bringup:/opt/ros/foxy /usr/bin/cmake --build /home/nalsem/ros2_ws/build/ydlidar_ros2_driver -- -j4 -l4
[0.623s] [ 50%] Built target ydlidar_ros2_driver_client
[0.631s] [100%] Built target ydlidar_ros2_driver_node
[0.687s] Invoked command in '/home/nalsem/ros2_ws/build/ydlidar_ros2_driver' returned '0': CMAKE_PREFIX_PATH=${CMAKE_PREFIX_PATH}:/home/nalsem/ros2_ws/install/nalsem_A:/home/nalsem/ros2_ws/install/mecha_autoship_camera:/home/nalsem/ros2_ws/install/mecha_autoship_bringup:/opt/ros/foxy /usr/bin/cmake --build /home/nalsem/ros2_ws/build/ydlidar_ros2_driver -- -j4 -l4
[0.799s] Invoking command in '/home/nalsem/ros2_ws/build/ydlidar_ros2_driver': CMAKE_PREFIX_PATH=${CMAKE_PREFIX_PATH}:/home/nalsem/ros2_ws/install/nalsem_A:/home/nalsem/ros2_ws/install/mecha_autoship_camera:/home/nalsem/ros2_ws/install/mecha_autoship_bringup:/opt/ros/foxy /usr/bin/cmake --install /home/nalsem/ros2_ws/build/ydlidar_ros2_driver
[0.836s] -- Install configuration: ""
[0.838s] -- Execute custom install script
[0.840s] -- Up-to-date symlink: /home/nalsem/ros2_ws/install/ydlidar_ros2_driver/lib/ydlidar_ros2_driver/ydlidar_ros2_driver_node
[0.841s] -- Up-to-date symlink: /home/nalsem/ros2_ws/install/ydlidar_ros2_driver/lib/ydlidar_ros2_driver/ydlidar_ros2_driver_client
[0.844s] -- Up-to-date symlink: /home/nalsem/ros2_ws/install/ydlidar_ros2_driver/share/ydlidar_ros2_driver/launch/ydlidar.py
[0.844s] -- Up-to-date symlink: /home/nalsem/ros2_ws/install/ydlidar_ros2_driver/share/ydlidar_ros2_driver/launch/ydlidar_launch.py
[0.845s] -- Up-to-date symlink: /home/nalsem/ros2_ws/install/ydlidar_ros2_driver/share/ydlidar_ros2_driver/launch/ydlidar_launch_view.py
[0.847s] -- Up-to-date symlink: /home/nalsem/ros2_ws/install/ydlidar_ros2_driver/share/ydlidar_ros2_driver/params/ydlidar.yaml
[0.849s] -- Up-to-date symlink: /home/nalsem/ros2_ws/install/ydlidar_ros2_driver/share/ydlidar_ros2_driver/startup/initenv.sh
[0.850s] -- Up-to-date symlink: /home/nalsem/ros2_ws/install/ydlidar_ros2_driver/share/ydlidar_ros2_driver/config/ydlidar.rviz
[0.852s] -- Up-to-date symlink: /home/nalsem/ros2_ws/install/ydlidar_ros2_driver/share/ament_index/resource_index/package_run_dependencies/ydlidar_ros2_driver
[0.853s] -- Up-to-date symlink: /home/nalsem/ros2_ws/install/ydlidar_ros2_driver/share/ament_index/resource_index/parent_prefix_path/ydlidar_ros2_driver
[0.854s] -- Up-to-date symlink: /home/nalsem/ros2_ws/install/ydlidar_ros2_driver/share/ydlidar_ros2_driver/environment/ament_prefix_path.sh
[0.856s] -- Up-to-date symlink: /home/nalsem/ros2_ws/install/ydlidar_ros2_driver/share/ydlidar_ros2_driver/environment/ament_prefix_path.dsv
[0.857s] -- Up-to-date symlink: /home/nalsem/ros2_ws/install/ydlidar_ros2_driver/share/ydlidar_ros2_driver/environment/path.sh
[0.858s] -- Up-to-date symlink: /home/nalsem/ros2_ws/install/ydlidar_ros2_driver/share/ydlidar_ros2_driver/environment/path.dsv
[0.859s] -- Up-to-date symlink: /home/nalsem/ros2_ws/install/ydlidar_ros2_driver/share/ydlidar_ros2_driver/local_setup.bash
[0.861s] -- Up-to-date symlink: /home/nalsem/ros2_ws/install/ydlidar_ros2_driver/share/ydlidar_ros2_driver/local_setup.sh
[0.862s] -- Up-to-date symlink: /home/nalsem/ros2_ws/install/ydlidar_ros2_driver/share/ydlidar_ros2_driver/local_setup.zsh
[0.863s] -- Up-to-date symlink: /home/nalsem/ros2_ws/install/ydlidar_ros2_driver/share/ydlidar_ros2_driver/local_setup.dsv
[0.864s] -- Symlinking: /home/nalsem/ros2_ws/install/ydlidar_ros2_driver/share/ydlidar_ros2_driver/package.dsv
[0.917s] -- Up-to-date symlink: /home/nalsem/ros2_ws/install/ydlidar_ros2_driver/share/ament_index/resource_index/packages/ydlidar_ros2_driver
[0.918s] -- Up-to-date symlink: /home/nalsem/ros2_ws/install/ydlidar_ros2_driver/share/ydlidar_ros2_driver/cmake/ydlidar_ros2_driverConfig.cmake
[0.918s] -- Up-to-date symlink: /home/nalsem/ros2_ws/install/ydlidar_ros2_driver/share/ydlidar_ros2_driver/cmake/ydlidar_ros2_driverConfig-version.cmake
[0.919s] -- Up-to-date symlink: /home/nalsem/ros2_ws/install/ydlidar_ros2_driver/share/ydlidar_ros2_driver/package.xml
[0.931s] Invoked command in '/home/nalsem/ros2_ws/build/ydlidar_ros2_driver' returned '0': CMAKE_PREFIX_PATH=${CMAKE_PREFIX_PATH}:/home/nalsem/ros2_ws/install/nalsem_A:/home/nalsem/ros2_ws/install/mecha_autoship_camera:/home/nalsem/ros2_ws/install/mecha_autoship_bringup:/opt/ros/foxy /usr/bin/cmake --install /home/nalsem/ros2_ws/build/ydlidar_ros2_driver
