[5.581s] Invoking command in '/home/nalsem/ros2_ws/build/mecha_autoship_bringup': PYTHONPATH=/home/nalsem/ros2_ws/install/mecha_autoship_bringup/lib/python3.8/site-packages:${PYTHONPATH} /usr/bin/python3 setup.py develop --prefix /home/nalsem/ros2_ws/install/mecha_autoship_bringup --editable --build-directory /home/nalsem/ros2_ws/build/mecha_autoship_bringup/build --no-deps install_data --install-dir /home/nalsem/ros2_ws/install/mecha_autoship_bringup
[6.772s] running develop
[7.530s] running egg_info
[7.531s] creating mecha_autoship_bringup.egg-info
[7.532s] writing mecha_autoship_bringup.egg-info/PKG-INFO
[7.532s] writing dependency_links to mecha_autoship_bringup.egg-info/dependency_links.txt
[7.533s] writing entry points to mecha_autoship_bringup.egg-info/entry_points.txt
[7.533s] writing requirements to mecha_autoship_bringup.egg-info/requires.txt
[7.534s] writing top-level names to mecha_autoship_bringup.egg-info/top_level.txt
[7.548s] writing manifest file 'mecha_autoship_bringup.egg-info/SOURCES.txt'
[7.768s] reading manifest file 'mecha_autoship_bringup.egg-info/SOURCES.txt'
[7.769s] writing manifest file 'mecha_autoship_bringup.egg-info/SOURCES.txt'
[7.971s] running build_ext
[7.972s] Creating /home/nalsem/ros2_ws/install/mecha_autoship_bringup/lib/python3.8/site-packages/site.py
[7.988s] Creating /home/nalsem/ros2_ws/install/mecha_autoship_bringup/lib/python3.8/site-packages/mecha-autoship-bringup.egg-link (link to .)
[7.992s] Installing mecha_autoship_lidar_node script to /home/nalsem/ros2_ws/install/mecha_autoship_bringup/lib/mecha_autoship_bringup
[8.001s] Installing mecha_autoship_mcu_node script to /home/nalsem/ros2_ws/install/mecha_autoship_bringup/lib/mecha_autoship_bringup
[8.002s] 
[8.003s] Installed /home/nalsem/ros2_ws/build/mecha_autoship_bringup
[8.003s] running install_data
[8.004s] creating /home/nalsem/ros2_ws/install/mecha_autoship_bringup/share/ament_index
[8.005s] creating /home/nalsem/ros2_ws/install/mecha_autoship_bringup/share/ament_index/resource_index
[8.006s] creating /home/nalsem/ros2_ws/install/mecha_autoship_bringup/share/ament_index/resource_index/packages
[8.012s] copying resource/mecha_autoship_bringup -> /home/nalsem/ros2_ws/install/mecha_autoship_bringup/share/ament_index/resource_index/packages
[8.013s] copying package.xml -> /home/nalsem/ros2_ws/install/mecha_autoship_bringup/share/mecha_autoship_bringup
[8.022s] creating /home/nalsem/ros2_ws/install/mecha_autoship_bringup/share/mecha_autoship_bringup/launch
[8.025s] copying launch/mecha_autoship_bringup.launch.py -> /home/nalsem/ros2_ws/install/mecha_autoship_bringup/share/mecha_autoship_bringup/launch
[8.026s] creating /home/nalsem/ros2_ws/install/mecha_autoship_bringup/share/mecha_autoship_bringup/param
[8.027s] copying param/mecha_autoship_lidar.yaml -> /home/nalsem/ros2_ws/install/mecha_autoship_bringup/share/mecha_autoship_bringup/param
[8.261s] Invoked command in '/home/nalsem/ros2_ws/build/mecha_autoship_bringup' returned '0': PYTHONPATH=/home/nalsem/ros2_ws/install/mecha_autoship_bringup/lib/python3.8/site-packages:${PYTHONPATH} /usr/bin/python3 setup.py develop --prefix /home/nalsem/ros2_ws/install/mecha_autoship_bringup --editable --build-directory /home/nalsem/ros2_ws/build/mecha_autoship_bringup/build --no-deps install_data --install-dir /home/nalsem/ros2_ws/install/mecha_autoship_bringup
