[0.058s] Invoking command in '/home/nalsem/ros2_ws/build/ydlidar_ros2_driver': CMAKE_PREFIX_PATH=${CMAKE_PREFIX_PATH}:/home/nalsem/ros2_ws/install/nalsem_A:/home/nalsem/ros2_ws/install/mecha_autoship_camera:/home/nalsem/ros2_ws/install/mecha_autoship_bringup:/opt/ros/foxy /usr/bin/cmake --build /home/nalsem/ros2_ws/build/ydlidar_ros2_driver -- -j4 -l4
[0.404s] [ 50%] Built target ydlidar_ros2_driver_node
[0.417s] [100%] Built target ydlidar_ros2_driver_client
[0.465s] Invoked command in '/home/nalsem/ros2_ws/build/ydlidar_ros2_driver' returned '0': CMAKE_PREFIX_PATH=${CMAKE_PREFIX_PATH}:/home/nalsem/ros2_ws/install/nalsem_A:/home/nalsem/ros2_ws/install/mecha_autoship_camera:/home/nalsem/ros2_ws/install/mecha_autoship_bringup:/opt/ros/foxy /usr/bin/cmake --build /home/nalsem/ros2_ws/build/ydlidar_ros2_driver -- -j4 -l4
[0.578s] Invoking command in '/home/nalsem/ros2_ws/build/ydlidar_ros2_driver': CMAKE_PREFIX_PATH=${CMAKE_PREFIX_PATH}:/home/nalsem/ros2_ws/install/nalsem_A:/home/nalsem/ros2_ws/install/mecha_autoship_camera:/home/nalsem/ros2_ws/install/mecha_autoship_bringup:/opt/ros/foxy /usr/bin/cmake --install /home/nalsem/ros2_ws/build/ydlidar_ros2_driver
[0.614s] -- Install configuration: ""
[0.618s] -- Execute custom install script
[0.622s] -- Up-to-date symlink: /home/nalsem/ros2_ws/install/ydlidar_ros2_driver/lib/ydlidar_ros2_driver/ydlidar_ros2_driver_node
[0.624s] -- Up-to-date symlink: /home/nalsem/ros2_ws/install/ydlidar_ros2_driver/lib/ydlidar_ros2_driver/ydlidar_ros2_driver_client
[0.628s] -- Up-to-date symlink: /home/nalsem/ros2_ws/install/ydlidar_ros2_driver/share/ydlidar_ros2_driver/launch/ydlidar.py
[0.629s] -- Up-to-date symlink: /home/nalsem/ros2_ws/install/ydlidar_ros2_driver/share/ydlidar_ros2_driver/launch/ydlidar_launch.py
[0.630s] -- Up-to-date symlink: /home/nalsem/ros2_ws/install/ydlidar_ros2_driver/share/ydlidar_ros2_driver/launch/ydlidar_launch_view.py
[0.634s] -- Up-to-date symlink: /home/nalsem/ros2_ws/install/ydlidar_ros2_driver/share/ydlidar_ros2_driver/params/ydlidar.yaml
[0.637s] -- Up-to-date symlink: /home/nalsem/ros2_ws/install/ydlidar_ros2_driver/share/ydlidar_ros2_driver/startup/initenv.sh
[0.640s] -- Up-to-date symlink: /home/nalsem/ros2_ws/install/ydlidar_ros2_driver/share/ydlidar_ros2_driver/config/ydlidar.rviz
[0.641s] -- Up-to-date symlink: /home/nalsem/ros2_ws/install/ydlidar_ros2_driver/share/ament_index/resource_index/package_run_dependencies/ydlidar_ros2_driver
[0.644s] -- Up-to-date symlink: /home/nalsem/ros2_ws/install/ydlidar_ros2_driver/share/ament_index/resource_index/parent_prefix_path/ydlidar_ros2_driver
[0.646s] -- Up-to-date symlink: /home/nalsem/ros2_ws/install/ydlidar_ros2_driver/share/ydlidar_ros2_driver/environment/ament_prefix_path.sh
[0.647s] -- Up-to-date symlink: /home/nalsem/ros2_ws/install/ydlidar_ros2_driver/share/ydlidar_ros2_driver/environment/ament_prefix_path.dsv
[0.649s] -- Up-to-date symlink: /home/nalsem/ros2_ws/install/ydlidar_ros2_driver/share/ydlidar_ros2_driver/environment/path.sh
[0.651s] -- Up-to-date symlink: /home/nalsem/ros2_ws/install/ydlidar_ros2_driver/share/ydlidar_ros2_driver/environment/path.dsv
[0.653s] -- Up-to-date symlink: /home/nalsem/ros2_ws/install/ydlidar_ros2_driver/share/ydlidar_ros2_driver/local_setup.bash
[0.655s] -- Up-to-date symlink: /home/nalsem/ros2_ws/install/ydlidar_ros2_driver/share/ydlidar_ros2_driver/local_setup.sh
[0.656s] -- Up-to-date symlink: /home/nalsem/ros2_ws/install/ydlidar_ros2_driver/share/ydlidar_ros2_driver/local_setup.zsh
[0.658s] -- Up-to-date symlink: /home/nalsem/ros2_ws/install/ydlidar_ros2_driver/share/ydlidar_ros2_driver/local_setup.dsv
[0.659s] -- Symlinking: /home/nalsem/ros2_ws/install/ydlidar_ros2_driver/share/ydlidar_ros2_driver/package.dsv
[0.704s] -- Up-to-date symlink: /home/nalsem/ros2_ws/install/ydlidar_ros2_driver/share/ament_index/resource_index/packages/ydlidar_ros2_driver
[0.706s] -- Up-to-date symlink: /home/nalsem/ros2_ws/install/ydlidar_ros2_driver/share/ydlidar_ros2_driver/cmake/ydlidar_ros2_driverConfig.cmake
[0.708s] -- Up-to-date symlink: /home/nalsem/ros2_ws/install/ydlidar_ros2_driver/share/ydlidar_ros2_driver/cmake/ydlidar_ros2_driverConfig-version.cmake
[0.711s] -- Up-to-date symlink: /home/nalsem/ros2_ws/install/ydlidar_ros2_driver/share/ydlidar_ros2_driver/package.xml
[0.732s] Invoked command in '/home/nalsem/ros2_ws/build/ydlidar_ros2_driver' returned '0': CMAKE_PREFIX_PATH=${CMAKE_PREFIX_PATH}:/home/nalsem/ros2_ws/install/nalsem_A:/home/nalsem/ros2_ws/install/mecha_autoship_camera:/home/nalsem/ros2_ws/install/mecha_autoship_bringup:/opt/ros/foxy /usr/bin/cmake --install /home/nalsem/ros2_ws/build/ydlidar_ros2_driver
