[0.151s] Invoking command in '/home/nalsem/ros2_ws/build/ydlidar_sdk': /usr/bin/cmake --build /home/nalsem/ros2_ws/build/ydlidar_sdk -- -j4 -l4
[0.401s] [ 53%] Built target ydlidar_sdk
[0.649s] [ 60%] Built target et_test
[0.661s] [ 66%] Built target gs_test
[0.671s] [ 73%] Built target tri_test
[0.700s] [ 80%] Built target tof_test
[0.884s] [ 86%] Built target lidar_c_api_test
[0.931s] [ 93%] Built target tmini_test
[0.995s] [100%] Built target lidar_test
[1.045s] Invoked command in '/home/nalsem/ros2_ws/build/ydlidar_sdk' returned '0': /usr/bin/cmake --build /home/nalsem/ros2_ws/build/ydlidar_sdk -- -j4 -l4
[1.424s] Invoking command in '/home/nalsem/ros2_ws/build/ydlidar_sdk': /usr/bin/cmake --install /home/nalsem/ros2_ws/build/ydlidar_sdk
[1.470s] -- Install configuration: ""
[1.472s] -- Up-to-date: /home/nalsem/ros2_ws/install/ydlidar_sdk/include/core/base/datatype.h
[1.473s] -- Up-to-date: /home/nalsem/ros2_ws/install/ydlidar_sdk/include/core/base/locker.h
[1.474s] -- Up-to-date: /home/nalsem/ros2_ws/install/ydlidar_sdk/include/core/base/thread.h
[1.475s] -- Up-to-date: /home/nalsem/ros2_ws/install/ydlidar_sdk/include/core/base/timer.h
[1.477s] -- Up-to-date: /home/nalsem/ros2_ws/install/ydlidar_sdk/include/core/base/typedef.h
[1.478s] -- Up-to-date: /home/nalsem/ros2_ws/install/ydlidar_sdk/include/core/base/utils.h
[1.480s] -- Up-to-date: /home/nalsem/ros2_ws/install/ydlidar_sdk/include/core/base/v8stdint.h
[1.481s] -- Up-to-date: /home/nalsem/ros2_ws/install/ydlidar_sdk/include/core/base/ydlidar.h
[1.483s] -- Up-to-date: /home/nalsem/ros2_ws/install/ydlidar_sdk/include/core/common/ChannelDevice.h
[1.486s] -- Up-to-date: /home/nalsem/ros2_ws/install/ydlidar_sdk/include/core/common/DriverInterface.h
[1.497s] -- Up-to-date: /home/nalsem/ros2_ws/install/ydlidar_sdk/include/core/common/ydlidar_datatype.h
[1.499s] -- Up-to-date: /home/nalsem/ros2_ws/install/ydlidar_sdk/include/core/common/ydlidar_def.h
[1.501s] -- Up-to-date: /home/nalsem/ros2_ws/install/ydlidar_sdk/include/core/common/ydlidar_help.h
[1.502s] -- Up-to-date: /home/nalsem/ros2_ws/install/ydlidar_sdk/include/core/common/ydlidar_protocol.h
[1.503s] -- Up-to-date: /home/nalsem/ros2_ws/install/ydlidar_sdk/include/core/math/angles.h
[1.504s] -- Up-to-date: /home/nalsem/ros2_ws/install/ydlidar_sdk/include/core/network/ActiveSocket.h
[1.506s] -- Up-to-date: /home/nalsem/ros2_ws/install/ydlidar_sdk/include/core/network/PassiveSocket.h
[1.508s] -- Up-to-date: /home/nalsem/ros2_ws/install/ydlidar_sdk/include/core/network/SimpleSocket.h
[1.509s] -- Up-to-date: /home/nalsem/ros2_ws/install/ydlidar_sdk/include/core/network/StatTimer.h
[1.510s] -- Up-to-date: /home/nalsem/ros2_ws/install/ydlidar_sdk/include/core/serial/common.h
[1.511s] -- Up-to-date: /home/nalsem/ros2_ws/install/ydlidar_sdk/include/core/serial/serial.h
[1.512s] -- Up-to-date: /home/nalsem/ros2_ws/install/ydlidar_sdk/include/core/serial/impl/unix/lock.h
[1.513s] -- Up-to-date: /home/nalsem/ros2_ws/install/ydlidar_sdk/include/core/serial/impl/unix/unix.h
[1.515s] -- Up-to-date: /home/nalsem/ros2_ws/install/ydlidar_sdk/include/core/serial/impl/unix/unix_serial.h
[1.516s] -- Up-to-date: /home/nalsem/ros2_ws/install/ydlidar_sdk/include/src/CYdLidar.h
[1.518s] -- Up-to-date: /home/nalsem/ros2_ws/install/ydlidar_sdk/include/src/ETLidarDriver.h
[1.519s] -- Up-to-date: /home/nalsem/ros2_ws/install/ydlidar_sdk/include/src/GS2LidarDriver.h
[1.520s] -- Up-to-date: /home/nalsem/ros2_ws/install/ydlidar_sdk/include/src/YDlidarDriver.h
[1.521s] -- Up-to-date: /home/nalsem/ros2_ws/install/ydlidar_sdk/include/src/ydlidar_sdk.h
[1.522s] -- Up-to-date: /home/nalsem/ros2_ws/install/ydlidar_sdk/include/src/filters/FilterInterface.h
[1.523s] -- Up-to-date: /home/nalsem/ros2_ws/install/ydlidar_sdk/include/src/filters/NoiseFilter.h
[1.525s] -- Up-to-date: /home/nalsem/ros2_ws/install/ydlidar_sdk/include/ydlidar_config.h
[1.528s] -- Up-to-date: /home/nalsem/ros2_ws/install/ydlidar_sdk/lib/libydlidar_sdk.a
[1.530s] -- Up-to-date: /home/nalsem/ros2_ws/install/ydlidar_sdk/lib/pkgconfig/YDLIDAR_SDK.pc
[1.539s] -- Up-to-date: /home/nalsem/ros2_ws/install/ydlidar_sdk/lib/cmake/ydlidar_sdk/ydlidar_sdkConfig.cmake
[1.544s] -- Up-to-date: /home/nalsem/ros2_ws/install/ydlidar_sdk/lib/cmake/ydlidar_sdk/ydlidar_sdkTargets.cmake
[1.545s] -- Up-to-date: /home/nalsem/ros2_ws/install/ydlidar_sdk/lib/cmake/ydlidar_sdk/ydlidar_sdkConfigVersion.cmake
[1.545s] -- Up-to-date: /home/nalsem/ros2_ws/install/ydlidar_sdk/share/YDLIDAR_SDK/FindYDLIDAR_SDK.cmake
[1.546s] -- Up-to-date: /home/nalsem/ros2_ws/install/ydlidar_sdk/share/YDLIDAR_SDK
[1.547s] -- Up-to-date: /home/nalsem/ros2_ws/install/ydlidar_sdk/share/YDLIDAR_SDK/PackageConfigVersion.cmake.in
[1.547s] -- Up-to-date: /home/nalsem/ros2_ws/install/ydlidar_sdk/share/YDLIDAR_SDK/PkgConfig.pc.in
[1.568s] -- Up-to-date: /home/nalsem/ros2_ws/install/ydlidar_sdk/share/YDLIDAR_SDK/PackageConfig.cmake.in
[1.569s] -- Up-to-date: /home/nalsem/ros2_ws/install/ydlidar_sdk/share/YDLIDAR_SDK/FindPackage.cmake.in
[1.570s] -- Up-to-date: /home/nalsem/ros2_ws/install/ydlidar_sdk/share/YDLIDAR_SDK/common
[1.570s] -- Up-to-date: /home/nalsem/ros2_ws/install/ydlidar_sdk/share/YDLIDAR_SDK/common/ydlidar_parse.cmake
[1.574s] -- Up-to-date: /home/nalsem/ros2_ws/install/ydlidar_sdk/share/YDLIDAR_SDK/common/ydlidar_base.cmake
[1.574s] -- Up-to-date: /home/nalsem/ros2_ws/install/ydlidar_sdk/share/YDLIDAR_SDK/install_package.cmake
[1.575s] -- Up-to-date: /home/nalsem/ros2_ws/install/ydlidar_sdk/share/YDLIDAR_SDK/cmake_uninstall.cmake.in
[1.593s] -- Up-to-date: /home/nalsem/ros2_ws/install/ydlidar_sdk/share/YDLIDAR_SDK/script_show_final_summary.cmake
[1.593s] -- Up-to-date: /home/nalsem/ros2_ws/install/ydlidar_sdk/share/YDLIDAR_SDK/LICENSE.txt
[1.594s] -- Up-to-date: /home/nalsem/ros2_ws/install/ydlidar_sdk/share/YDLIDAR_SDK/README.md
[1.594s] -- Up-to-date: /home/nalsem/ros2_ws/install/ydlidar_sdk/share/YDLIDAR_SDK/doc
[1.595s] -- Up-to-date: /home/nalsem/ros2_ws/install/ydlidar_sdk/share/YDLIDAR_SDK/doc/YDLidar_SDK_Communication_Protocol.pdf
[1.609s] -- Up-to-date: /home/nalsem/ros2_ws/install/ydlidar_sdk/share/YDLIDAR_SDK/doc/YDLIDAR_SDK_API_for_Developers.md
[1.609s] -- Up-to-date: /home/nalsem/ros2_ws/install/ydlidar_sdk/share/YDLIDAR_SDK/doc/images
[1.610s] -- Up-to-date: /home/nalsem/ros2_ws/install/ydlidar_sdk/share/YDLIDAR_SDK/doc/images/angle_q2.png
[1.610s] -- Up-to-date: /home/nalsem/ros2_ws/install/ydlidar_sdk/share/YDLIDAR_SDK/doc/images/communication_mechanism.png
[1.611s] -- Up-to-date: /home/nalsem/ros2_ws/install/ydlidar_sdk/share/YDLIDAR_SDK/doc/images/system_workflow.png
[1.611s] -- Up-to-date: /home/nalsem/ros2_ws/install/ydlidar_sdk/share/YDLIDAR_SDK/doc/images/sdk_init.png
[1.612s] -- Up-to-date: /home/nalsem/ros2_ws/install/ydlidar_sdk/share/YDLIDAR_SDK/doc/images/YDLidar.jpg
[1.612s] -- Up-to-date: /home/nalsem/ros2_ws/install/ydlidar_sdk/share/YDLIDAR_SDK/doc/images/frame_intensity.png
[1.613s] -- Up-to-date: /home/nalsem/ros2_ws/install/ydlidar_sdk/share/YDLIDAR_SDK/doc/images/YDLidar.png
[1.613s] -- Up-to-date: /home/nalsem/ros2_ws/install/ydlidar_sdk/share/YDLIDAR_SDK/doc/images/frame.png
[1.614s] -- Up-to-date: /home/nalsem/ros2_ws/install/ydlidar_sdk/share/YDLIDAR_SDK/doc/images/EAI.png
[1.614s] -- Up-to-date: /home/nalsem/ros2_ws/install/ydlidar_sdk/share/YDLIDAR_SDK/doc/images/FlowChart.png
[1.631s] -- Up-to-date: /home/nalsem/ros2_ws/install/ydlidar_sdk/share/YDLIDAR_SDK/doc/images/sdk_scanning.png
[1.632s] -- Up-to-date: /home/nalsem/ros2_ws/install/ydlidar_sdk/share/YDLIDAR_SDK/doc/images/sequence.png
[1.632s] -- Up-to-date: /home/nalsem/ros2_ws/install/ydlidar_sdk/share/YDLIDAR_SDK/doc/images/sdk_architecture.png
[1.633s] -- Up-to-date: /home/nalsem/ros2_ws/install/ydlidar_sdk/share/YDLIDAR_SDK/doc/YDLidar-SDK-Communication-Protocol.pdf
[1.633s] -- Up-to-date: /home/nalsem/ros2_ws/install/ydlidar_sdk/share/YDLIDAR_SDK/doc/YDLidar-SDK-Communication-Protocol.html
[1.634s] -- Up-to-date: /home/nalsem/ros2_ws/install/ydlidar_sdk/share/YDLIDAR_SDK/doc/Tutorials.md
[1.634s] -- Up-to-date: /home/nalsem/ros2_ws/install/ydlidar_sdk/share/YDLIDAR_SDK/doc/howto
[1.635s] -- Up-to-date: /home/nalsem/ros2_ws/install/ydlidar_sdk/share/YDLIDAR_SDK/doc/howto/how_to_create_a_csharp_project.md
[1.635s] -- Up-to-date: /home/nalsem/ros2_ws/install/ydlidar_sdk/share/YDLIDAR_SDK/doc/howto/images
[1.636s] -- Up-to-date: /home/nalsem/ros2_ws/install/ydlidar_sdk/share/YDLIDAR_SDK/doc/howto/images/csharp_exception.png
[1.645s] -- Up-to-date: /home/nalsem/ros2_ws/install/ydlidar_sdk/share/YDLIDAR_SDK/doc/howto/images/ydlidar_lidar_monitor.png
[1.680s] -- Up-to-date: /home/nalsem/ros2_ws/install/ydlidar_sdk/share/YDLIDAR_SDK/doc/howto/images/sdk_init.png
[1.680s] -- Up-to-date: /home/nalsem/ros2_ws/install/ydlidar_sdk/share/YDLIDAR_SDK/doc/howto/images/sdk_scanning.png
[1.680s] -- Up-to-date: /home/nalsem/ros2_ws/install/ydlidar_sdk/share/YDLIDAR_SDK/doc/howto/images/ttyUSB0.png
[1.681s] -- Up-to-date: /home/nalsem/ros2_ws/install/ydlidar_sdk/share/YDLIDAR_SDK/doc/howto/images/sequence.png
[1.681s] -- Up-to-date: /home/nalsem/ros2_ws/install/ydlidar_sdk/share/YDLIDAR_SDK/doc/howto/images/csharp_project.png
[1.682s] -- Up-to-date: /home/nalsem/ros2_ws/install/ydlidar_sdk/share/YDLIDAR_SDK/doc/howto/images/csharp_running.png
[1.682s] -- Up-to-date: /home/nalsem/ros2_ws/install/ydlidar_sdk/share/YDLIDAR_SDK/doc/howto/images/cpack.png
[1.683s] -- Up-to-date: /home/nalsem/ros2_ws/install/ydlidar_sdk/share/YDLIDAR_SDK/doc/howto/images/ttyUSB1.png
[1.695s] -- Up-to-date: /home/nalsem/ros2_ws/install/ydlidar_sdk/share/YDLIDAR_SDK/doc/howto/images/csharp_build.png
[1.696s] -- Up-to-date: /home/nalsem/ros2_ws/install/ydlidar_sdk/share/YDLIDAR_SDK/doc/howto/images/vscode
[1.697s] -- Up-to-date: /home/nalsem/ros2_ws/install/ydlidar_sdk/share/YDLIDAR_SDK/doc/howto/images/vscode/run_tasks.jpg
[1.698s] -- Up-to-date: /home/nalsem/ros2_ws/install/ydlidar_sdk/share/YDLIDAR_SDK/doc/howto/images/vscode/tasks.png
[1.699s] -- Up-to-date: /home/nalsem/ros2_ws/install/ydlidar_sdk/share/YDLIDAR_SDK/doc/howto/images/csharp_library.png
[1.700s] -- Up-to-date: /home/nalsem/ros2_ws/install/ydlidar_sdk/share/YDLIDAR_SDK/doc/howto/how_to_create_a_pull.md
[1.714s] -- Up-to-date: /home/nalsem/ros2_ws/install/ydlidar_sdk/share/YDLIDAR_SDK/doc/howto/how_to_build_and_install.md
[1.716s] -- Up-to-date: /home/nalsem/ros2_ws/install/ydlidar_sdk/share/YDLIDAR_SDK/doc/howto/how_to_gerenrate_vs_project_by_cmake.md
[1.717s] -- Up-to-date: /home/nalsem/ros2_ws/install/ydlidar_sdk/share/YDLIDAR_SDK/doc/howto/how_to_solve_slow_pull_from_cn.md
[1.719s] -- Up-to-date: /home/nalsem/ros2_ws/install/ydlidar_sdk/share/YDLIDAR_SDK/doc/howto/how_to_build_and_debug_using_vscode.md
[1.720s] -- Up-to-date: /home/nalsem/ros2_ws/install/ydlidar_sdk/share/YDLIDAR_SDK/doc/howto/README.md
[1.724s] -- Up-to-date: /home/nalsem/ros2_ws/install/ydlidar_sdk/share/YDLIDAR_SDK/doc/howto/how_to_create_a_udev_rules.md
[1.725s] -- Up-to-date: /home/nalsem/ros2_ws/install/ydlidar_sdk/share/YDLIDAR_SDK/doc/tutorials
[1.726s] -- Up-to-date: /home/nalsem/ros2_ws/install/ydlidar_sdk/share/YDLIDAR_SDK/doc/tutorials/examine_the_simple_lidar_tutorial.md
[1.727s] -- Up-to-date: /home/nalsem/ros2_ws/install/ydlidar_sdk/share/YDLIDAR_SDK/doc/tutorials/writing_lidar_tutorial_python.md
[1.729s] -- Up-to-date: /home/nalsem/ros2_ws/install/ydlidar_sdk/share/YDLIDAR_SDK/doc/tutorials/writing_lidar_tutorial_c.md
[1.730s] -- Up-to-date: /home/nalsem/ros2_ws/install/ydlidar_sdk/share/YDLIDAR_SDK/doc/tutorials/writing_lidar_network_adapter_tutorial_c++.md
[1.743s] -- Up-to-date: /home/nalsem/ros2_ws/install/ydlidar_sdk/share/YDLIDAR_SDK/doc/tutorials/writing_lidar_tutorial_c++.md
[1.746s] -- Up-to-date: /home/nalsem/ros2_ws/install/ydlidar_sdk/share/YDLIDAR_SDK/doc/SDK.pdf
[1.747s] -- Up-to-date: /home/nalsem/ros2_ws/install/ydlidar_sdk/share/YDLIDAR_SDK/doc/FAQs
[1.758s] -- Up-to-date: /home/nalsem/ros2_ws/install/ydlidar_sdk/share/YDLIDAR_SDK/doc/FAQs/General_FAQs_cn.md
[1.769s] -- Up-to-date: /home/nalsem/ros2_ws/install/ydlidar_sdk/share/YDLIDAR_SDK/doc/FAQs/Hardware_FAQs_cn.md
[1.771s] -- Up-to-date: /home/nalsem/ros2_ws/install/ydlidar_sdk/share/YDLIDAR_SDK/doc/FAQs/Software_FAQs_cn.md
[1.773s] -- Up-to-date: /home/nalsem/ros2_ws/install/ydlidar_sdk/share/YDLIDAR_SDK/doc/FAQs/Hardware_FAQs.md
[1.774s] -- Up-to-date: /home/nalsem/ros2_ws/install/ydlidar_sdk/share/YDLIDAR_SDK/doc/FAQs/Software_FAQs.md
[1.776s] -- Up-to-date: /home/nalsem/ros2_ws/install/ydlidar_sdk/share/YDLIDAR_SDK/doc/FAQs/README.md
[1.776s] -- Up-to-date: /home/nalsem/ros2_ws/install/ydlidar_sdk/share/YDLIDAR_SDK/doc/FAQs/General_FAQs.md
[1.778s] -- Up-to-date: /home/nalsem/ros2_ws/install/ydlidar_sdk/share/YDLIDAR_SDK/doc/Dataset.md
[1.785s] -- Up-to-date: /home/nalsem/ros2_ws/install/ydlidar_sdk/share/YDLIDAR_SDK/doc/Diagram.md
[1.794s] -- Up-to-date: /home/nalsem/ros2_ws/install/ydlidar_sdk/share/YDLIDAR_SDK/doc/README.md
[1.797s] -- Up-to-date: /home/nalsem/ros2_ws/install/ydlidar_sdk/share/YDLIDAR_SDK/doc/quickstart
[1.798s] -- Up-to-date: /home/nalsem/ros2_ws/install/ydlidar_sdk/share/YDLIDAR_SDK/doc/quickstart/ydlidar_sdk_software_installation_guide.md
[1.800s] -- Up-to-date: /home/nalsem/ros2_ws/install/ydlidar_sdk/share/YDLIDAR_SDK/doc/quickstart/README.md
[1.802s] -- Up-to-date: /home/nalsem/ros2_ws/install/ydlidar_sdk/share/YDLIDAR_SDK/doc/YDLidar-SDK-Communication-Protocol.md
[1.804s] -- Up-to-date: /home/nalsem/ros2_ws/install/ydlidar_sdk/startup/initenv.sh
[1.806s] -- Up-to-date: /home/nalsem/ros2_ws/install/ydlidar_sdk/bin/et_test
[1.807s] -- Up-to-date: /home/nalsem/ros2_ws/install/ydlidar_sdk/bin/gs_test
[1.808s] -- Up-to-date: /home/nalsem/ros2_ws/install/ydlidar_sdk/bin/tmini_test
[1.810s] -- Up-to-date: /home/nalsem/ros2_ws/install/ydlidar_sdk/bin/tof_test
[1.811s] -- Up-to-date: /home/nalsem/ros2_ws/install/ydlidar_sdk/bin/tri_test
[1.813s] -- Up-to-date: /home/nalsem/ros2_ws/install/ydlidar_sdk/bin/lidar_c_api_test
[1.814s] Invoked command in '/home/nalsem/ros2_ws/build/ydlidar_sdk' returned '0': /usr/bin/cmake --install /home/nalsem/ros2_ws/build/ydlidar_sdk
