[2.996s] Invoking command in '/home/nalsem/ros2_ws/build/sllidar_ros2': CMAKE_PREFIX_PATH=${CMAKE_PREFIX_PATH}:/home/nalsem/ros2_ws/install/nalsem_A:/home/nalsem/ros2_ws/install/mecha_autoship_camera:/opt/ros/foxy /usr/bin/cmake --build /home/nalsem/ros2_ws/build/sllidar_ros2 -- -j4 -l4
[3.968s] [ 85%] Built target sllidar_node
[3.969s] [100%] Built target sllidar_client
[4.026s] Invoked command in '/home/nalsem/ros2_ws/build/sllidar_ros2' returned '0': CMAKE_PREFIX_PATH=${CMAKE_PREFIX_PATH}:/home/nalsem/ros2_ws/install/nalsem_A:/home/nalsem/ros2_ws/install/mecha_autoship_camera:/opt/ros/foxy /usr/bin/cmake --build /home/nalsem/ros2_ws/build/sllidar_ros2 -- -j4 -l4
[4.251s] Invoking command in '/home/nalsem/ros2_ws/build/sllidar_ros2': CMAKE_PREFIX_PATH=${CMAKE_PREFIX_PATH}:/home/nalsem/ros2_ws/install/nalsem_A:/home/nalsem/ros2_ws/install/mecha_autoship_camera:/opt/ros/foxy /usr/bin/cmake --install /home/nalsem/ros2_ws/build/sllidar_ros2
[4.309s] -- Install configuration: ""
[4.313s] -- Execute custom install script
[4.321s] -- Up-to-date symlink: /home/nalsem/ros2_ws/install/sllidar_ros2/share/sllidar_ros2/launch/sllidar_a3_launch.py
[4.322s] -- Up-to-date symlink: /home/nalsem/ros2_ws/install/sllidar_ros2/share/sllidar_ros2/launch/sllidar_launch.py
[4.324s] -- Up-to-date symlink: /home/nalsem/ros2_ws/install/sllidar_ros2/share/sllidar_ros2/launch/sllidar_s1_launch.py
[4.325s] -- Up-to-date symlink: /home/nalsem/ros2_ws/install/sllidar_ros2/share/sllidar_ros2/launch/sllidar_s1_tcp_launch.py
[4.327s] -- Up-to-date symlink: /home/nalsem/ros2_ws/install/sllidar_ros2/share/sllidar_ros2/launch/sllidar_s2_launch.py
[4.329s] -- Up-to-date symlink: /home/nalsem/ros2_ws/install/sllidar_ros2/share/sllidar_ros2/launch/sllidar_s2e_launch.py
[4.330s] -- Up-to-date symlink: /home/nalsem/ros2_ws/install/sllidar_ros2/share/sllidar_ros2/launch/sllidar_t1_launch.py
[4.332s] -- Up-to-date symlink: /home/nalsem/ros2_ws/install/sllidar_ros2/share/sllidar_ros2/launch/view_sllidar_a3_launch.py
[4.333s] -- Up-to-date symlink: /home/nalsem/ros2_ws/install/sllidar_ros2/share/sllidar_ros2/launch/view_sllidar_launch.py
[4.364s] -- Up-to-date symlink: /home/nalsem/ros2_ws/install/sllidar_ros2/share/sllidar_ros2/launch/view_sllidar_s1_launch.py
[4.367s] -- Up-to-date symlink: /home/nalsem/ros2_ws/install/sllidar_ros2/share/sllidar_ros2/launch/view_sllidar_s1_tcp_launch.py
[4.368s] -- Up-to-date symlink: /home/nalsem/ros2_ws/install/sllidar_ros2/share/sllidar_ros2/launch/view_sllidar_s2_launch.py
[4.372s] -- Up-to-date symlink: /home/nalsem/ros2_ws/install/sllidar_ros2/share/sllidar_ros2/launch/view_sllidar_s2e_launch.py
[4.373s] -- Up-to-date symlink: /home/nalsem/ros2_ws/install/sllidar_ros2/share/sllidar_ros2/launch/view_sllidar_t1_launch.py
[4.377s] -- Up-to-date symlink: /home/nalsem/ros2_ws/install/sllidar_ros2/share/sllidar_ros2/rviz/sllidar_ros2.rviz
[4.380s] -- Up-to-date symlink: /home/nalsem/ros2_ws/install/sllidar_ros2/lib/sllidar_ros2/sllidar_node
[4.381s] -- Up-to-date symlink: /home/nalsem/ros2_ws/install/sllidar_ros2/lib/sllidar_ros2/sllidar_client
[4.384s] -- Up-to-date symlink: /home/nalsem/ros2_ws/install/sllidar_ros2/share/ament_index/resource_index/package_run_dependencies/sllidar_ros2
[4.386s] -- Up-to-date symlink: /home/nalsem/ros2_ws/install/sllidar_ros2/share/ament_index/resource_index/parent_prefix_path/sllidar_ros2
[4.389s] -- Up-to-date symlink: /home/nalsem/ros2_ws/install/sllidar_ros2/share/sllidar_ros2/environment/ament_prefix_path.sh
[4.391s] -- Up-to-date symlink: /home/nalsem/ros2_ws/install/sllidar_ros2/share/sllidar_ros2/environment/ament_prefix_path.dsv
[4.393s] -- Up-to-date symlink: /home/nalsem/ros2_ws/install/sllidar_ros2/share/sllidar_ros2/environment/path.sh
[4.394s] -- Up-to-date symlink: /home/nalsem/ros2_ws/install/sllidar_ros2/share/sllidar_ros2/environment/path.dsv
[4.424s] -- Up-to-date symlink: /home/nalsem/ros2_ws/install/sllidar_ros2/share/sllidar_ros2/local_setup.bash
[4.426s] -- Up-to-date symlink: /home/nalsem/ros2_ws/install/sllidar_ros2/share/sllidar_ros2/local_setup.sh
[4.428s] -- Up-to-date symlink: /home/nalsem/ros2_ws/install/sllidar_ros2/share/sllidar_ros2/local_setup.zsh
[4.429s] -- Up-to-date symlink: /home/nalsem/ros2_ws/install/sllidar_ros2/share/sllidar_ros2/local_setup.dsv
[4.430s] -- Symlinking: /home/nalsem/ros2_ws/install/sllidar_ros2/share/sllidar_ros2/package.dsv
[4.466s] -- Up-to-date symlink: /home/nalsem/ros2_ws/install/sllidar_ros2/share/ament_index/resource_index/packages/sllidar_ros2
[4.468s] -- Up-to-date symlink: /home/nalsem/ros2_ws/install/sllidar_ros2/share/sllidar_ros2/cmake/ament_cmake_export_dependencies-extras.cmake
[4.470s] -- Up-to-date symlink: /home/nalsem/ros2_ws/install/sllidar_ros2/share/sllidar_ros2/cmake/ament_cmake_export_include_directories-extras.cmake
[4.474s] -- Up-to-date symlink: /home/nalsem/ros2_ws/install/sllidar_ros2/share/sllidar_ros2/cmake/sllidar_ros2Config.cmake
[4.476s] -- Up-to-date symlink: /home/nalsem/ros2_ws/install/sllidar_ros2/share/sllidar_ros2/cmake/sllidar_ros2Config-version.cmake
[4.478s] -- Up-to-date symlink: /home/nalsem/ros2_ws/install/sllidar_ros2/share/sllidar_ros2/package.xml
[4.489s] Invoked command in '/home/nalsem/ros2_ws/build/sllidar_ros2' returned '0': CMAKE_PREFIX_PATH=${CMAKE_PREFIX_PATH}:/home/nalsem/ros2_ws/install/nalsem_A:/home/nalsem/ros2_ws/install/mecha_autoship_camera:/opt/ros/foxy /usr/bin/cmake --install /home/nalsem/ros2_ws/build/sllidar_ros2
