[0.118s] Invoking command in '/home/nalsem/ros2_ws/build/ydlidar_ros2_driver': CMAKE_PREFIX_PATH=${CMAKE_PREFIX_PATH}:/home/nalsem/ros2_ws/install/nalsem_A:/home/nalsem/ros2_ws/install/mecha_autoship_camera:/opt/ros/foxy /usr/bin/cmake --build /home/nalsem/ros2_ws/build/ydlidar_ros2_driver -- -j4 -l4
[0.825s] [ 50%] Built target ydlidar_ros2_driver_node
[0.871s] [100%] Built target ydlidar_ros2_driver_client
[0.918s] Invoked command in '/home/nalsem/ros2_ws/build/ydlidar_ros2_driver' returned '0': CMAKE_PREFIX_PATH=${CMAKE_PREFIX_PATH}:/home/nalsem/ros2_ws/install/nalsem_A:/home/nalsem/ros2_ws/install/mecha_autoship_camera:/opt/ros/foxy /usr/bin/cmake --build /home/nalsem/ros2_ws/build/ydlidar_ros2_driver -- -j4 -l4
[1.042s] Invoking command in '/home/nalsem/ros2_ws/build/ydlidar_ros2_driver': CMAKE_PREFIX_PATH=${CMAKE_PREFIX_PATH}:/home/nalsem/ros2_ws/install/nalsem_A:/home/nalsem/ros2_ws/install/mecha_autoship_camera:/opt/ros/foxy /usr/bin/cmake --install /home/nalsem/ros2_ws/build/ydlidar_ros2_driver
[1.096s] -- Install configuration: ""
[1.113s] -- Execute custom install script
[1.119s] -- Up-to-date symlink: /home/nalsem/ros2_ws/install/ydlidar_ros2_driver/lib/ydlidar_ros2_driver/ydlidar_ros2_driver_node
[1.122s] -- Up-to-date symlink: /home/nalsem/ros2_ws/install/ydlidar_ros2_driver/lib/ydlidar_ros2_driver/ydlidar_ros2_driver_client
[1.127s] -- Up-to-date symlink: /home/nalsem/ros2_ws/install/ydlidar_ros2_driver/share/ydlidar_ros2_driver/launch/ydlidar.py
[1.130s] -- Up-to-date symlink: /home/nalsem/ros2_ws/install/ydlidar_ros2_driver/share/ydlidar_ros2_driver/launch/ydlidar_launch.py
[1.133s] -- Up-to-date symlink: /home/nalsem/ros2_ws/install/ydlidar_ros2_driver/share/ydlidar_ros2_driver/launch/ydlidar_launch_view.py
[1.137s] -- Up-to-date symlink: /home/nalsem/ros2_ws/install/ydlidar_ros2_driver/share/ydlidar_ros2_driver/params/ydlidar.yaml
[1.140s] -- Up-to-date symlink: /home/nalsem/ros2_ws/install/ydlidar_ros2_driver/share/ydlidar_ros2_driver/startup/initenv.sh
[1.143s] -- Up-to-date symlink: /home/nalsem/ros2_ws/install/ydlidar_ros2_driver/share/ydlidar_ros2_driver/config/ydlidar.rviz
[1.146s] -- Up-to-date symlink: /home/nalsem/ros2_ws/install/ydlidar_ros2_driver/share/ament_index/resource_index/package_run_dependencies/ydlidar_ros2_driver
[1.148s] -- Up-to-date symlink: /home/nalsem/ros2_ws/install/ydlidar_ros2_driver/share/ament_index/resource_index/parent_prefix_path/ydlidar_ros2_driver
[1.159s] -- Up-to-date symlink: /home/nalsem/ros2_ws/install/ydlidar_ros2_driver/share/ydlidar_ros2_driver/environment/ament_prefix_path.sh
[1.162s] -- Up-to-date symlink: /home/nalsem/ros2_ws/install/ydlidar_ros2_driver/share/ydlidar_ros2_driver/environment/ament_prefix_path.dsv
[1.164s] -- Up-to-date symlink: /home/nalsem/ros2_ws/install/ydlidar_ros2_driver/share/ydlidar_ros2_driver/environment/path.sh
[1.167s] -- Up-to-date symlink: /home/nalsem/ros2_ws/install/ydlidar_ros2_driver/share/ydlidar_ros2_driver/environment/path.dsv
[1.170s] -- Up-to-date symlink: /home/nalsem/ros2_ws/install/ydlidar_ros2_driver/share/ydlidar_ros2_driver/local_setup.bash
[1.173s] -- Up-to-date symlink: /home/nalsem/ros2_ws/install/ydlidar_ros2_driver/share/ydlidar_ros2_driver/local_setup.sh
[1.177s] -- Up-to-date symlink: /home/nalsem/ros2_ws/install/ydlidar_ros2_driver/share/ydlidar_ros2_driver/local_setup.zsh
[1.181s] -- Up-to-date symlink: /home/nalsem/ros2_ws/install/ydlidar_ros2_driver/share/ydlidar_ros2_driver/local_setup.dsv
[1.183s] -- Symlinking: /home/nalsem/ros2_ws/install/ydlidar_ros2_driver/share/ydlidar_ros2_driver/package.dsv
[1.237s] -- Up-to-date symlink: /home/nalsem/ros2_ws/install/ydlidar_ros2_driver/share/ament_index/resource_index/packages/ydlidar_ros2_driver
[1.240s] -- Up-to-date symlink: /home/nalsem/ros2_ws/install/ydlidar_ros2_driver/share/ydlidar_ros2_driver/cmake/ydlidar_ros2_driverConfig.cmake
[1.241s] -- Up-to-date symlink: /home/nalsem/ros2_ws/install/ydlidar_ros2_driver/share/ydlidar_ros2_driver/cmake/ydlidar_ros2_driverConfig-version.cmake
[1.242s] -- Up-to-date symlink: /home/nalsem/ros2_ws/install/ydlidar_ros2_driver/share/ydlidar_ros2_driver/package.xml
[1.258s] Invoked command in '/home/nalsem/ros2_ws/build/ydlidar_ros2_driver' returned '0': CMAKE_PREFIX_PATH=${CMAKE_PREFIX_PATH}:/home/nalsem/ros2_ws/install/nalsem_A:/home/nalsem/ros2_ws/install/mecha_autoship_camera:/opt/ros/foxy /usr/bin/cmake --install /home/nalsem/ros2_ws/build/ydlidar_ros2_driver
