running develop
running egg_info
creating mecha_autoship_camera.egg-info
writing mecha_autoship_camera.egg-info/PKG-INFO
writing dependency_links to mecha_autoship_camera.egg-info/dependency_links.txt
writing entry points to mecha_autoship_camera.egg-info/entry_points.txt
writing requirements to mecha_autoship_camera.egg-info/requires.txt
writing top-level names to mecha_autoship_camera.egg-info/top_level.txt
writing manifest file 'mecha_autoship_camera.egg-info/SOURCES.txt'
reading manifest file 'mecha_autoship_camera.egg-info/SOURCES.txt'
writing manifest file 'mecha_autoship_camera.egg-info/SOURCES.txt'
running build_ext
Creating /home/nalsem/ros2_ws/install/mecha_autoship_camera/lib/python3.8/site-packages/site.py
Creating /home/nalsem/ros2_ws/install/mecha_autoship_camera/lib/python3.8/site-packages/mecha-autoship-camera.egg-link (link to .)
Installing mecha_autoship_filtered_image_sub_node script to /home/nalsem/ros2_ws/install/mecha_autoship_camera/lib/mecha_autoship_camera
Installing mecha_autoship_image_color_filter_node script to /home/nalsem/ros2_ws/install/mecha_autoship_camera/lib/mecha_autoship_camera
Installing mecha_autoship_image_pub_node script to /home/nalsem/ros2_ws/install/mecha_autoship_camera/lib/mecha_autoship_camera
Installing mecha_autoship_image_sub_node script to /home/nalsem/ros2_ws/install/mecha_autoship_camera/lib/mecha_autoship_camera

Installed /home/nalsem/ros2_ws/build/mecha_autoship_camera
running install_data
creating /home/nalsem/ros2_ws/install/mecha_autoship_camera/share/ament_index
creating /home/nalsem/ros2_ws/install/mecha_autoship_camera/share/ament_index/resource_index
creating /home/nalsem/ros2_ws/install/mecha_autoship_camera/share/ament_index/resource_index/packages
copying resource/mecha_autoship_camera -> /home/nalsem/ros2_ws/install/mecha_autoship_camera/share/ament_index/resource_index/packages
copying package.xml -> /home/nalsem/ros2_ws/install/mecha_autoship_camera/share/mecha_autoship_camera
creating /home/nalsem/ros2_ws/install/mecha_autoship_camera/share/mecha_autoship_camera/launch
copying launch/mecha_autoship_camera_publisher.launch.py -> /home/nalsem/ros2_ws/install/mecha_autoship_camera/share/mecha_autoship_camera/launch
copying launch/mecha_autoship_camera_subscriber.launch.py -> /home/nalsem/ros2_ws/install/mecha_autoship_camera/share/mecha_autoship_camera/launch
creating /home/nalsem/ros2_ws/install/mecha_autoship_camera/share/mecha_autoship_camera/param
copying param/mecha_autoship_camera.yaml -> /home/nalsem/ros2_ws/install/mecha_autoship_camera/share/mecha_autoship_camera/param
