[5.842s] Invoking command in '/home/nalsem/ros2_ws/build/mecha_autoship_camera': PYTHONPATH=/home/nalsem/ros2_ws/install/mecha_autoship_camera/lib/python3.8/site-packages:${PYTHONPATH} /usr/bin/python3 setup.py develop --prefix /home/nalsem/ros2_ws/install/mecha_autoship_camera --editable --build-directory /home/nalsem/ros2_ws/build/mecha_autoship_camera/build --no-deps install_data --install-dir /home/nalsem/ros2_ws/install/mecha_autoship_camera
[7.050s] running develop
[7.753s] running egg_info
[7.754s] writing mecha_autoship_camera.egg-info/PKG-INFO
[7.755s] writing dependency_links to mecha_autoship_camera.egg-info/dependency_links.txt
[7.756s] writing entry points to mecha_autoship_camera.egg-info/entry_points.txt
[7.757s] writing requirements to mecha_autoship_camera.egg-info/requires.txt
[7.758s] writing top-level names to mecha_autoship_camera.egg-info/top_level.txt
[7.927s] reading manifest file 'mecha_autoship_camera.egg-info/SOURCES.txt'
[7.932s] writing manifest file 'mecha_autoship_camera.egg-info/SOURCES.txt'
[8.110s] running build_ext
[8.112s] Creating /home/nalsem/ros2_ws/install/mecha_autoship_camera/lib/python3.8/site-packages/mecha-autoship-camera.egg-link (link to .)
[8.126s] Installing mecha_autoship_filtered_image_sub_node script to /home/nalsem/ros2_ws/install/mecha_autoship_camera/lib/mecha_autoship_camera
[8.128s] Installing mecha_autoship_image_color_filter_node script to /home/nalsem/ros2_ws/install/mecha_autoship_camera/lib/mecha_autoship_camera
[8.129s] Installing mecha_autoship_image_pub_node script to /home/nalsem/ros2_ws/install/mecha_autoship_camera/lib/mecha_autoship_camera
[8.131s] Installing mecha_autoship_image_sub_node script to /home/nalsem/ros2_ws/install/mecha_autoship_camera/lib/mecha_autoship_camera
[8.132s] 
[8.133s] Installed /home/nalsem/ros2_ws/build/mecha_autoship_camera
[8.134s] running install_data
[8.367s] Invoked command in '/home/nalsem/ros2_ws/build/mecha_autoship_camera' returned '0': PYTHONPATH=/home/nalsem/ros2_ws/install/mecha_autoship_camera/lib/python3.8/site-packages:${PYTHONPATH} /usr/bin/python3 setup.py develop --prefix /home/nalsem/ros2_ws/install/mecha_autoship_camera --editable --build-directory /home/nalsem/ros2_ws/build/mecha_autoship_camera/build --no-deps install_data --install-dir /home/nalsem/ros2_ws/install/mecha_autoship_camera
