[0.193s] Invoking command in '/home/nalsem/ros2_ws/build/ydlidar_ros2_driver': CMAKE_PREFIX_PATH=${CMAKE_PREFIX_PATH}:/home/nalsem/ros2_ws/install/nalsem_A:/home/nalsem/ros2_ws/install/mecha_autoship_camera:/home/nalsem/ros2_ws/install/mecha_autoship_bringup:/opt/ros/foxy /usr/bin/cmake --build /home/nalsem/ros2_ws/build/ydlidar_ros2_driver -- -j4 -l4
[0.963s] [ 50%] Built target ydlidar_ros2_driver_client
[1.109s] [100%] Built target ydlidar_ros2_driver_node
[1.240s] Invoked command in '/home/nalsem/ros2_ws/build/ydlidar_ros2_driver' returned '0': CMAKE_PREFIX_PATH=${CMAKE_PREFIX_PATH}:/home/nalsem/ros2_ws/install/nalsem_A:/home/nalsem/ros2_ws/install/mecha_autoship_camera:/home/nalsem/ros2_ws/install/mecha_autoship_bringup:/opt/ros/foxy /usr/bin/cmake --build /home/nalsem/ros2_ws/build/ydlidar_ros2_driver -- -j4 -l4
[1.658s] Invoking command in '/home/nalsem/ros2_ws/build/ydlidar_ros2_driver': CMAKE_PREFIX_PATH=${CMAKE_PREFIX_PATH}:/home/nalsem/ros2_ws/install/nalsem_A:/home/nalsem/ros2_ws/install/mecha_autoship_camera:/home/nalsem/ros2_ws/install/mecha_autoship_bringup:/opt/ros/foxy /usr/bin/cmake --install /home/nalsem/ros2_ws/build/ydlidar_ros2_driver
[1.704s] -- Install configuration: ""
[1.708s] -- Execute custom install script
[1.712s] -- Up-to-date symlink: /home/nalsem/ros2_ws/install/ydlidar_ros2_driver/lib/ydlidar_ros2_driver/ydlidar_ros2_driver_node
[1.714s] -- Up-to-date symlink: /home/nalsem/ros2_ws/install/ydlidar_ros2_driver/lib/ydlidar_ros2_driver/ydlidar_ros2_driver_client
[1.718s] -- Up-to-date symlink: /home/nalsem/ros2_ws/install/ydlidar_ros2_driver/share/ydlidar_ros2_driver/launch/ydlidar.py
[1.720s] -- Up-to-date symlink: /home/nalsem/ros2_ws/install/ydlidar_ros2_driver/share/ydlidar_ros2_driver/launch/ydlidar_launch.py
[1.723s] -- Up-to-date symlink: /home/nalsem/ros2_ws/install/ydlidar_ros2_driver/share/ydlidar_ros2_driver/launch/ydlidar_launch_view.py
[1.725s] -- Up-to-date symlink: /home/nalsem/ros2_ws/install/ydlidar_ros2_driver/share/ydlidar_ros2_driver/params/ydlidar.yaml
[1.728s] -- Up-to-date symlink: /home/nalsem/ros2_ws/install/ydlidar_ros2_driver/share/ydlidar_ros2_driver/startup/initenv.sh
[1.731s] -- Up-to-date symlink: /home/nalsem/ros2_ws/install/ydlidar_ros2_driver/share/ydlidar_ros2_driver/config/ydlidar.rviz
[1.733s] -- Up-to-date symlink: /home/nalsem/ros2_ws/install/ydlidar_ros2_driver/share/ament_index/resource_index/package_run_dependencies/ydlidar_ros2_driver
[1.736s] -- Up-to-date symlink: /home/nalsem/ros2_ws/install/ydlidar_ros2_driver/share/ament_index/resource_index/parent_prefix_path/ydlidar_ros2_driver
[1.738s] -- Up-to-date symlink: /home/nalsem/ros2_ws/install/ydlidar_ros2_driver/share/ydlidar_ros2_driver/environment/ament_prefix_path.sh
[1.741s] -- Up-to-date symlink: /home/nalsem/ros2_ws/install/ydlidar_ros2_driver/share/ydlidar_ros2_driver/environment/ament_prefix_path.dsv
[1.744s] -- Up-to-date symlink: /home/nalsem/ros2_ws/install/ydlidar_ros2_driver/share/ydlidar_ros2_driver/environment/path.sh
[1.747s] -- Up-to-date symlink: /home/nalsem/ros2_ws/install/ydlidar_ros2_driver/share/ydlidar_ros2_driver/environment/path.dsv
[1.749s] -- Up-to-date symlink: /home/nalsem/ros2_ws/install/ydlidar_ros2_driver/share/ydlidar_ros2_driver/local_setup.bash
[1.752s] -- Up-to-date symlink: /home/nalsem/ros2_ws/install/ydlidar_ros2_driver/share/ydlidar_ros2_driver/local_setup.sh
[1.771s] -- Up-to-date symlink: /home/nalsem/ros2_ws/install/ydlidar_ros2_driver/share/ydlidar_ros2_driver/local_setup.zsh
[1.773s] -- Up-to-date symlink: /home/nalsem/ros2_ws/install/ydlidar_ros2_driver/share/ydlidar_ros2_driver/local_setup.dsv
[1.774s] -- Symlinking: /home/nalsem/ros2_ws/install/ydlidar_ros2_driver/share/ydlidar_ros2_driver/package.dsv
[1.847s] -- Up-to-date symlink: /home/nalsem/ros2_ws/install/ydlidar_ros2_driver/share/ament_index/resource_index/packages/ydlidar_ros2_driver
[1.848s] -- Up-to-date symlink: /home/nalsem/ros2_ws/install/ydlidar_ros2_driver/share/ydlidar_ros2_driver/cmake/ydlidar_ros2_driverConfig.cmake
[1.850s] -- Up-to-date symlink: /home/nalsem/ros2_ws/install/ydlidar_ros2_driver/share/ydlidar_ros2_driver/cmake/ydlidar_ros2_driverConfig-version.cmake
[1.852s] -- Up-to-date symlink: /home/nalsem/ros2_ws/install/ydlidar_ros2_driver/share/ydlidar_ros2_driver/package.xml
[1.877s] Invoked command in '/home/nalsem/ros2_ws/build/ydlidar_ros2_driver' returned '0': CMAKE_PREFIX_PATH=${CMAKE_PREFIX_PATH}:/home/nalsem/ros2_ws/install/nalsem_A:/home/nalsem/ros2_ws/install/mecha_autoship_camera:/home/nalsem/ros2_ws/install/mecha_autoship_bringup:/opt/ros/foxy /usr/bin/cmake --install /home/nalsem/ros2_ws/build/ydlidar_ros2_driver
