[0.102s] Invoking command in '/home/nalsem/ros2_ws/build/ydlidar_sdk': /usr/bin/cmake --build /home/nalsem/ros2_ws/build/ydlidar_sdk -- -j4 -l4
[0.886s] [ 53%] Built target ydlidar_sdk
[1.168s] [ 60%] Built target gs_test
[1.198s] [ 66%] Built target tri_test
[1.250s] [ 73%] Built target et_test
[1.282s] [ 80%] Built target tof_test
[1.416s] [ 86%] Built target lidar_c_api_test
[1.422s] [ 93%] Built target tmini_test
[1.487s] [100%] Built target lidar_test
[1.534s] Invoked command in '/home/nalsem/ros2_ws/build/ydlidar_sdk' returned '0': /usr/bin/cmake --build /home/nalsem/ros2_ws/build/ydlidar_sdk -- -j4 -l4
[1.771s] Invoking command in '/home/nalsem/ros2_ws/build/ydlidar_sdk': /usr/bin/cmake --install /home/nalsem/ros2_ws/build/ydlidar_sdk
[1.809s] -- Install configuration: ""
[1.810s] -- Up-to-date: /home/nalsem/ros2_ws/install/ydlidar_sdk/include/core/base/datatype.h
[1.810s] -- Up-to-date: /home/nalsem/ros2_ws/install/ydlidar_sdk/include/core/base/locker.h
[1.811s] -- Up-to-date: /home/nalsem/ros2_ws/install/ydlidar_sdk/include/core/base/thread.h
[1.812s] -- Up-to-date: /home/nalsem/ros2_ws/install/ydlidar_sdk/include/core/base/timer.h
[1.813s] -- Up-to-date: /home/nalsem/ros2_ws/install/ydlidar_sdk/include/core/base/typedef.h
[1.813s] -- Up-to-date: /home/nalsem/ros2_ws/install/ydlidar_sdk/include/core/base/utils.h
[1.813s] -- Up-to-date: /home/nalsem/ros2_ws/install/ydlidar_sdk/include/core/base/v8stdint.h
[1.814s] -- Up-to-date: /home/nalsem/ros2_ws/install/ydlidar_sdk/include/core/base/ydlidar.h
[1.814s] -- Up-to-date: /home/nalsem/ros2_ws/install/ydlidar_sdk/include/core/common/ChannelDevice.h
[1.818s] -- Up-to-date: /home/nalsem/ros2_ws/install/ydlidar_sdk/include/core/common/DriverInterface.h
[1.819s] -- Up-to-date: /home/nalsem/ros2_ws/install/ydlidar_sdk/include/core/common/ydlidar_datatype.h
[1.820s] -- Up-to-date: /home/nalsem/ros2_ws/install/ydlidar_sdk/include/core/common/ydlidar_def.h
[1.820s] -- Up-to-date: /home/nalsem/ros2_ws/install/ydlidar_sdk/include/core/common/ydlidar_help.h
[1.820s] -- Up-to-date: /home/nalsem/ros2_ws/install/ydlidar_sdk/include/core/common/ydlidar_protocol.h
[1.821s] -- Up-to-date: /home/nalsem/ros2_ws/install/ydlidar_sdk/include/core/math/angles.h
[1.822s] -- Up-to-date: /home/nalsem/ros2_ws/install/ydlidar_sdk/include/core/network/ActiveSocket.h
[1.824s] -- Up-to-date: /home/nalsem/ros2_ws/install/ydlidar_sdk/include/core/network/PassiveSocket.h
[1.825s] -- Up-to-date: /home/nalsem/ros2_ws/install/ydlidar_sdk/include/core/network/SimpleSocket.h
[1.826s] -- Up-to-date: /home/nalsem/ros2_ws/install/ydlidar_sdk/include/core/network/StatTimer.h
[1.827s] -- Up-to-date: /home/nalsem/ros2_ws/install/ydlidar_sdk/include/core/serial/common.h
[1.828s] -- Up-to-date: /home/nalsem/ros2_ws/install/ydlidar_sdk/include/core/serial/serial.h
[1.829s] -- Up-to-date: /home/nalsem/ros2_ws/install/ydlidar_sdk/include/core/serial/impl/unix/lock.h
[1.830s] -- Up-to-date: /home/nalsem/ros2_ws/install/ydlidar_sdk/include/core/serial/impl/unix/unix.h
[1.830s] -- Up-to-date: /home/nalsem/ros2_ws/install/ydlidar_sdk/include/core/serial/impl/unix/unix_serial.h
[1.831s] -- Up-to-date: /home/nalsem/ros2_ws/install/ydlidar_sdk/include/src/CYdLidar.h
[1.832s] -- Up-to-date: /home/nalsem/ros2_ws/install/ydlidar_sdk/include/src/ETLidarDriver.h
[1.833s] -- Up-to-date: /home/nalsem/ros2_ws/install/ydlidar_sdk/include/src/GS2LidarDriver.h
[1.835s] -- Up-to-date: /home/nalsem/ros2_ws/install/ydlidar_sdk/include/src/YDlidarDriver.h
[1.852s] -- Up-to-date: /home/nalsem/ros2_ws/install/ydlidar_sdk/include/src/ydlidar_sdk.h
[1.853s] -- Up-to-date: /home/nalsem/ros2_ws/install/ydlidar_sdk/include/src/filters/FilterInterface.h
[1.854s] -- Up-to-date: /home/nalsem/ros2_ws/install/ydlidar_sdk/include/src/filters/NoiseFilter.h
[1.854s] -- Up-to-date: /home/nalsem/ros2_ws/install/ydlidar_sdk/include/ydlidar_config.h
[1.855s] -- Up-to-date: /home/nalsem/ros2_ws/install/ydlidar_sdk/lib/libydlidar_sdk.a
[1.855s] -- Up-to-date: /home/nalsem/ros2_ws/install/ydlidar_sdk/lib/pkgconfig/YDLIDAR_SDK.pc
[1.856s] -- Up-to-date: /home/nalsem/ros2_ws/install/ydlidar_sdk/lib/cmake/ydlidar_sdk/ydlidar_sdkConfig.cmake
[1.856s] -- Up-to-date: /home/nalsem/ros2_ws/install/ydlidar_sdk/lib/cmake/ydlidar_sdk/ydlidar_sdkTargets.cmake
[1.857s] -- Up-to-date: /home/nalsem/ros2_ws/install/ydlidar_sdk/lib/cmake/ydlidar_sdk/ydlidar_sdkConfigVersion.cmake
[1.857s] -- Up-to-date: /home/nalsem/ros2_ws/install/ydlidar_sdk/share/YDLIDAR_SDK/FindYDLIDAR_SDK.cmake
[1.858s] -- Up-to-date: /home/nalsem/ros2_ws/install/ydlidar_sdk/share/YDLIDAR_SDK
[1.858s] -- Up-to-date: /home/nalsem/ros2_ws/install/ydlidar_sdk/share/YDLIDAR_SDK/PackageConfigVersion.cmake.in
[1.869s] -- Up-to-date: /home/nalsem/ros2_ws/install/ydlidar_sdk/share/YDLIDAR_SDK/PkgConfig.pc.in
[1.869s] -- Up-to-date: /home/nalsem/ros2_ws/install/ydlidar_sdk/share/YDLIDAR_SDK/PackageConfig.cmake.in
[1.870s] -- Up-to-date: /home/nalsem/ros2_ws/install/ydlidar_sdk/share/YDLIDAR_SDK/FindPackage.cmake.in
[1.870s] -- Up-to-date: /home/nalsem/ros2_ws/install/ydlidar_sdk/share/YDLIDAR_SDK/common
[1.871s] -- Up-to-date: /home/nalsem/ros2_ws/install/ydlidar_sdk/share/YDLIDAR_SDK/common/ydlidar_parse.cmake
[1.871s] -- Up-to-date: /home/nalsem/ros2_ws/install/ydlidar_sdk/share/YDLIDAR_SDK/common/ydlidar_base.cmake
[1.872s] -- Up-to-date: /home/nalsem/ros2_ws/install/ydlidar_sdk/share/YDLIDAR_SDK/install_package.cmake
[1.872s] -- Up-to-date: /home/nalsem/ros2_ws/install/ydlidar_sdk/share/YDLIDAR_SDK/cmake_uninstall.cmake.in
[1.873s] -- Up-to-date: /home/nalsem/ros2_ws/install/ydlidar_sdk/share/YDLIDAR_SDK/script_show_final_summary.cmake
[1.876s] -- Up-to-date: /home/nalsem/ros2_ws/install/ydlidar_sdk/share/YDLIDAR_SDK/LICENSE.txt
[1.877s] -- Up-to-date: /home/nalsem/ros2_ws/install/ydlidar_sdk/share/YDLIDAR_SDK/README.md
[1.878s] -- Up-to-date: /home/nalsem/ros2_ws/install/ydlidar_sdk/share/YDLIDAR_SDK/doc
[1.878s] -- Up-to-date: /home/nalsem/ros2_ws/install/ydlidar_sdk/share/YDLIDAR_SDK/doc/YDLidar_SDK_Communication_Protocol.pdf
[1.879s] -- Up-to-date: /home/nalsem/ros2_ws/install/ydlidar_sdk/share/YDLIDAR_SDK/doc/YDLIDAR_SDK_API_for_Developers.md
[1.880s] -- Up-to-date: /home/nalsem/ros2_ws/install/ydlidar_sdk/share/YDLIDAR_SDK/doc/images
[1.893s] -- Up-to-date: /home/nalsem/ros2_ws/install/ydlidar_sdk/share/YDLIDAR_SDK/doc/images/angle_q2.png
[1.894s] -- Up-to-date: /home/nalsem/ros2_ws/install/ydlidar_sdk/share/YDLIDAR_SDK/doc/images/communication_mechanism.png
[1.894s] -- Up-to-date: /home/nalsem/ros2_ws/install/ydlidar_sdk/share/YDLIDAR_SDK/doc/images/system_workflow.png
[1.895s] -- Up-to-date: /home/nalsem/ros2_ws/install/ydlidar_sdk/share/YDLIDAR_SDK/doc/images/sdk_init.png
[1.895s] -- Up-to-date: /home/nalsem/ros2_ws/install/ydlidar_sdk/share/YDLIDAR_SDK/doc/images/YDLidar.jpg
[1.896s] -- Up-to-date: /home/nalsem/ros2_ws/install/ydlidar_sdk/share/YDLIDAR_SDK/doc/images/frame_intensity.png
[1.896s] -- Up-to-date: /home/nalsem/ros2_ws/install/ydlidar_sdk/share/YDLIDAR_SDK/doc/images/YDLidar.png
[1.897s] -- Up-to-date: /home/nalsem/ros2_ws/install/ydlidar_sdk/share/YDLIDAR_SDK/doc/images/frame.png
[1.897s] -- Up-to-date: /home/nalsem/ros2_ws/install/ydlidar_sdk/share/YDLIDAR_SDK/doc/images/EAI.png
[1.898s] -- Up-to-date: /home/nalsem/ros2_ws/install/ydlidar_sdk/share/YDLIDAR_SDK/doc/images/FlowChart.png
[1.898s] -- Up-to-date: /home/nalsem/ros2_ws/install/ydlidar_sdk/share/YDLIDAR_SDK/doc/images/sdk_scanning.png
[1.899s] -- Up-to-date: /home/nalsem/ros2_ws/install/ydlidar_sdk/share/YDLIDAR_SDK/doc/images/sequence.png
[1.899s] -- Up-to-date: /home/nalsem/ros2_ws/install/ydlidar_sdk/share/YDLIDAR_SDK/doc/images/sdk_architecture.png
[1.907s] -- Up-to-date: /home/nalsem/ros2_ws/install/ydlidar_sdk/share/YDLIDAR_SDK/doc/YDLidar-SDK-Communication-Protocol.pdf
[1.908s] -- Up-to-date: /home/nalsem/ros2_ws/install/ydlidar_sdk/share/YDLIDAR_SDK/doc/YDLidar-SDK-Communication-Protocol.html
[1.908s] -- Up-to-date: /home/nalsem/ros2_ws/install/ydlidar_sdk/share/YDLIDAR_SDK/doc/Tutorials.md
[1.909s] -- Up-to-date: /home/nalsem/ros2_ws/install/ydlidar_sdk/share/YDLIDAR_SDK/doc/howto
[1.909s] -- Up-to-date: /home/nalsem/ros2_ws/install/ydlidar_sdk/share/YDLIDAR_SDK/doc/howto/how_to_create_a_csharp_project.md
[1.910s] -- Up-to-date: /home/nalsem/ros2_ws/install/ydlidar_sdk/share/YDLIDAR_SDK/doc/howto/images
[1.910s] -- Up-to-date: /home/nalsem/ros2_ws/install/ydlidar_sdk/share/YDLIDAR_SDK/doc/howto/images/csharp_exception.png
[1.911s] -- Up-to-date: /home/nalsem/ros2_ws/install/ydlidar_sdk/share/YDLIDAR_SDK/doc/howto/images/ydlidar_lidar_monitor.png
[1.912s] -- Up-to-date: /home/nalsem/ros2_ws/install/ydlidar_sdk/share/YDLIDAR_SDK/doc/howto/images/sdk_init.png
[1.913s] -- Up-to-date: /home/nalsem/ros2_ws/install/ydlidar_sdk/share/YDLIDAR_SDK/doc/howto/images/sdk_scanning.png
[1.914s] -- Up-to-date: /home/nalsem/ros2_ws/install/ydlidar_sdk/share/YDLIDAR_SDK/doc/howto/images/ttyUSB0.png
[1.915s] -- Up-to-date: /home/nalsem/ros2_ws/install/ydlidar_sdk/share/YDLIDAR_SDK/doc/howto/images/sequence.png
[1.916s] -- Up-to-date: /home/nalsem/ros2_ws/install/ydlidar_sdk/share/YDLIDAR_SDK/doc/howto/images/csharp_project.png
[1.917s] -- Up-to-date: /home/nalsem/ros2_ws/install/ydlidar_sdk/share/YDLIDAR_SDK/doc/howto/images/csharp_running.png
[1.918s] -- Up-to-date: /home/nalsem/ros2_ws/install/ydlidar_sdk/share/YDLIDAR_SDK/doc/howto/images/cpack.png
[1.919s] -- Up-to-date: /home/nalsem/ros2_ws/install/ydlidar_sdk/share/YDLIDAR_SDK/doc/howto/images/ttyUSB1.png
[1.920s] -- Up-to-date: /home/nalsem/ros2_ws/install/ydlidar_sdk/share/YDLIDAR_SDK/doc/howto/images/csharp_build.png
[1.920s] -- Up-to-date: /home/nalsem/ros2_ws/install/ydlidar_sdk/share/YDLIDAR_SDK/doc/howto/images/vscode
[1.921s] -- Up-to-date: /home/nalsem/ros2_ws/install/ydlidar_sdk/share/YDLIDAR_SDK/doc/howto/images/vscode/run_tasks.jpg
[1.922s] -- Up-to-date: /home/nalsem/ros2_ws/install/ydlidar_sdk/share/YDLIDAR_SDK/doc/howto/images/vscode/tasks.png
[1.935s] -- Up-to-date: /home/nalsem/ros2_ws/install/ydlidar_sdk/share/YDLIDAR_SDK/doc/howto/images/csharp_library.png
[1.951s] -- Up-to-date: /home/nalsem/ros2_ws/install/ydlidar_sdk/share/YDLIDAR_SDK/doc/howto/how_to_create_a_pull.md
[1.952s] -- Up-to-date: /home/nalsem/ros2_ws/install/ydlidar_sdk/share/YDLIDAR_SDK/doc/howto/how_to_build_and_install.md
[1.953s] -- Up-to-date: /home/nalsem/ros2_ws/install/ydlidar_sdk/share/YDLIDAR_SDK/doc/howto/how_to_gerenrate_vs_project_by_cmake.md
[1.955s] -- Up-to-date: /home/nalsem/ros2_ws/install/ydlidar_sdk/share/YDLIDAR_SDK/doc/howto/how_to_solve_slow_pull_from_cn.md
[1.957s] -- Up-to-date: /home/nalsem/ros2_ws/install/ydlidar_sdk/share/YDLIDAR_SDK/doc/howto/how_to_build_and_debug_using_vscode.md
[1.958s] -- Up-to-date: /home/nalsem/ros2_ws/install/ydlidar_sdk/share/YDLIDAR_SDK/doc/howto/README.md
[1.959s] -- Up-to-date: /home/nalsem/ros2_ws/install/ydlidar_sdk/share/YDLIDAR_SDK/doc/howto/how_to_create_a_udev_rules.md
[1.961s] -- Up-to-date: /home/nalsem/ros2_ws/install/ydlidar_sdk/share/YDLIDAR_SDK/doc/tutorials
[1.963s] -- Up-to-date: /home/nalsem/ros2_ws/install/ydlidar_sdk/share/YDLIDAR_SDK/doc/tutorials/examine_the_simple_lidar_tutorial.md
[1.964s] -- Up-to-date: /home/nalsem/ros2_ws/install/ydlidar_sdk/share/YDLIDAR_SDK/doc/tutorials/writing_lidar_tutorial_python.md
[1.974s] -- Up-to-date: /home/nalsem/ros2_ws/install/ydlidar_sdk/share/YDLIDAR_SDK/doc/tutorials/writing_lidar_tutorial_c.md
[1.976s] -- Up-to-date: /home/nalsem/ros2_ws/install/ydlidar_sdk/share/YDLIDAR_SDK/doc/tutorials/writing_lidar_network_adapter_tutorial_c++.md
[1.976s] -- Up-to-date: /home/nalsem/ros2_ws/install/ydlidar_sdk/share/YDLIDAR_SDK/doc/tutorials/writing_lidar_tutorial_c++.md
[1.977s] -- Up-to-date: /home/nalsem/ros2_ws/install/ydlidar_sdk/share/YDLIDAR_SDK/doc/SDK.pdf
[1.978s] -- Up-to-date: /home/nalsem/ros2_ws/install/ydlidar_sdk/share/YDLIDAR_SDK/doc/FAQs
[1.979s] -- Up-to-date: /home/nalsem/ros2_ws/install/ydlidar_sdk/share/YDLIDAR_SDK/doc/FAQs/General_FAQs_cn.md
[1.980s] -- Up-to-date: /home/nalsem/ros2_ws/install/ydlidar_sdk/share/YDLIDAR_SDK/doc/FAQs/Hardware_FAQs_cn.md
[1.982s] -- Up-to-date: /home/nalsem/ros2_ws/install/ydlidar_sdk/share/YDLIDAR_SDK/doc/FAQs/Software_FAQs_cn.md
[1.984s] -- Up-to-date: /home/nalsem/ros2_ws/install/ydlidar_sdk/share/YDLIDAR_SDK/doc/FAQs/Hardware_FAQs.md
[2.038s] -- Up-to-date: /home/nalsem/ros2_ws/install/ydlidar_sdk/share/YDLIDAR_SDK/doc/FAQs/Software_FAQs.md
[2.039s] -- Up-to-date: /home/nalsem/ros2_ws/install/ydlidar_sdk/share/YDLIDAR_SDK/doc/FAQs/README.md
[2.043s] -- Up-to-date: /home/nalsem/ros2_ws/install/ydlidar_sdk/share/YDLIDAR_SDK/doc/FAQs/General_FAQs.md
[2.045s] -- Up-to-date: /home/nalsem/ros2_ws/install/ydlidar_sdk/share/YDLIDAR_SDK/doc/Dataset.md
[2.046s] -- Up-to-date: /home/nalsem/ros2_ws/install/ydlidar_sdk/share/YDLIDAR_SDK/doc/Diagram.md
[2.047s] -- Up-to-date: /home/nalsem/ros2_ws/install/ydlidar_sdk/share/YDLIDAR_SDK/doc/README.md
[2.052s] -- Up-to-date: /home/nalsem/ros2_ws/install/ydlidar_sdk/share/YDLIDAR_SDK/doc/quickstart
[2.052s] -- Up-to-date: /home/nalsem/ros2_ws/install/ydlidar_sdk/share/YDLIDAR_SDK/doc/quickstart/ydlidar_sdk_software_installation_guide.md
[2.053s] -- Up-to-date: /home/nalsem/ros2_ws/install/ydlidar_sdk/share/YDLIDAR_SDK/doc/quickstart/README.md
[2.053s] -- Up-to-date: /home/nalsem/ros2_ws/install/ydlidar_sdk/share/YDLIDAR_SDK/doc/YDLidar-SDK-Communication-Protocol.md
[2.055s] -- Up-to-date: /home/nalsem/ros2_ws/install/ydlidar_sdk/startup/initenv.sh
[2.056s] -- Up-to-date: /home/nalsem/ros2_ws/install/ydlidar_sdk/bin/et_test
[2.057s] -- Up-to-date: /home/nalsem/ros2_ws/install/ydlidar_sdk/bin/gs_test
[2.057s] -- Up-to-date: /home/nalsem/ros2_ws/install/ydlidar_sdk/bin/tmini_test
[2.057s] -- Up-to-date: /home/nalsem/ros2_ws/install/ydlidar_sdk/bin/tof_test
[2.058s] -- Up-to-date: /home/nalsem/ros2_ws/install/ydlidar_sdk/bin/tri_test
[2.059s] -- Up-to-date: /home/nalsem/ros2_ws/install/ydlidar_sdk/bin/lidar_c_api_test
[2.059s] Invoked command in '/home/nalsem/ros2_ws/build/ydlidar_sdk' returned '0': /usr/bin/cmake --install /home/nalsem/ros2_ws/build/ydlidar_sdk
