[0.060s] Invoking command in '/home/nalsem/ros2_ws/build/ydlidar_sdk': /usr/bin/cmake --build /home/nalsem/ros2_ws/build/ydlidar_sdk -- -j4 -l4
[0.273s] [ 53%] Built target ydlidar_sdk
[0.506s] [ 60%] Built target et_test
[0.558s] [ 66%] Built target tri_test
[0.569s] [ 73%] Built target gs_test
[0.598s] [ 80%] Built target tof_test
[0.785s] [ 86%] Built target tmini_test
[0.793s] [ 93%] Built target lidar_c_api_test
[0.826s] [100%] Built target lidar_test
[0.873s] Invoked command in '/home/nalsem/ros2_ws/build/ydlidar_sdk' returned '0': /usr/bin/cmake --build /home/nalsem/ros2_ws/build/ydlidar_sdk -- -j4 -l4
[1.091s] Invoking command in '/home/nalsem/ros2_ws/build/ydlidar_sdk': /usr/bin/cmake --install /home/nalsem/ros2_ws/build/ydlidar_sdk
[1.133s] -- Install configuration: ""
[1.134s] -- Up-to-date: /home/nalsem/ros2_ws/install/ydlidar_sdk/include/core/base/datatype.h
[1.135s] -- Up-to-date: /home/nalsem/ros2_ws/install/ydlidar_sdk/include/core/base/locker.h
[1.136s] -- Up-to-date: /home/nalsem/ros2_ws/install/ydlidar_sdk/include/core/base/thread.h
[1.137s] -- Up-to-date: /home/nalsem/ros2_ws/install/ydlidar_sdk/include/core/base/timer.h
[1.138s] -- Up-to-date: /home/nalsem/ros2_ws/install/ydlidar_sdk/include/core/base/typedef.h
[1.139s] -- Up-to-date: /home/nalsem/ros2_ws/install/ydlidar_sdk/include/core/base/utils.h
[1.140s] -- Up-to-date: /home/nalsem/ros2_ws/install/ydlidar_sdk/include/core/base/v8stdint.h
[1.141s] -- Up-to-date: /home/nalsem/ros2_ws/install/ydlidar_sdk/include/core/base/ydlidar.h
[1.142s] -- Up-to-date: /home/nalsem/ros2_ws/install/ydlidar_sdk/include/core/common/ChannelDevice.h
[1.142s] -- Up-to-date: /home/nalsem/ros2_ws/install/ydlidar_sdk/include/core/common/DriverInterface.h
[1.143s] -- Up-to-date: /home/nalsem/ros2_ws/install/ydlidar_sdk/include/core/common/ydlidar_datatype.h
[1.144s] -- Up-to-date: /home/nalsem/ros2_ws/install/ydlidar_sdk/include/core/common/ydlidar_def.h
[1.145s] -- Up-to-date: /home/nalsem/ros2_ws/install/ydlidar_sdk/include/core/common/ydlidar_help.h
[1.146s] -- Up-to-date: /home/nalsem/ros2_ws/install/ydlidar_sdk/include/core/common/ydlidar_protocol.h
[1.147s] -- Up-to-date: /home/nalsem/ros2_ws/install/ydlidar_sdk/include/core/math/angles.h
[1.148s] -- Up-to-date: /home/nalsem/ros2_ws/install/ydlidar_sdk/include/core/network/ActiveSocket.h
[1.149s] -- Up-to-date: /home/nalsem/ros2_ws/install/ydlidar_sdk/include/core/network/PassiveSocket.h
[1.150s] -- Up-to-date: /home/nalsem/ros2_ws/install/ydlidar_sdk/include/core/network/SimpleSocket.h
[1.151s] -- Up-to-date: /home/nalsem/ros2_ws/install/ydlidar_sdk/include/core/network/StatTimer.h
[1.152s] -- Up-to-date: /home/nalsem/ros2_ws/install/ydlidar_sdk/include/core/serial/common.h
[1.154s] -- Up-to-date: /home/nalsem/ros2_ws/install/ydlidar_sdk/include/core/serial/serial.h
[1.155s] -- Up-to-date: /home/nalsem/ros2_ws/install/ydlidar_sdk/include/core/serial/impl/unix/lock.h
[1.156s] -- Up-to-date: /home/nalsem/ros2_ws/install/ydlidar_sdk/include/core/serial/impl/unix/unix.h
[1.157s] -- Up-to-date: /home/nalsem/ros2_ws/install/ydlidar_sdk/include/core/serial/impl/unix/unix_serial.h
[1.158s] -- Up-to-date: /home/nalsem/ros2_ws/install/ydlidar_sdk/include/src/CYdLidar.h
[1.158s] -- Up-to-date: /home/nalsem/ros2_ws/install/ydlidar_sdk/include/src/ETLidarDriver.h
[1.159s] -- Up-to-date: /home/nalsem/ros2_ws/install/ydlidar_sdk/include/src/GS2LidarDriver.h
[1.161s] -- Up-to-date: /home/nalsem/ros2_ws/install/ydlidar_sdk/include/src/YDlidarDriver.h
[1.162s] -- Up-to-date: /home/nalsem/ros2_ws/install/ydlidar_sdk/include/src/ydlidar_sdk.h
[1.163s] -- Up-to-date: /home/nalsem/ros2_ws/install/ydlidar_sdk/include/src/filters/FilterInterface.h
[1.164s] -- Up-to-date: /home/nalsem/ros2_ws/install/ydlidar_sdk/include/src/filters/NoiseFilter.h
[1.165s] -- Up-to-date: /home/nalsem/ros2_ws/install/ydlidar_sdk/include/ydlidar_config.h
[1.166s] -- Up-to-date: /home/nalsem/ros2_ws/install/ydlidar_sdk/lib/libydlidar_sdk.a
[1.167s] -- Up-to-date: /home/nalsem/ros2_ws/install/ydlidar_sdk/lib/pkgconfig/YDLIDAR_SDK.pc
[1.168s] -- Up-to-date: /home/nalsem/ros2_ws/install/ydlidar_sdk/lib/cmake/ydlidar_sdk/ydlidar_sdkConfig.cmake
[1.169s] -- Up-to-date: /home/nalsem/ros2_ws/install/ydlidar_sdk/lib/cmake/ydlidar_sdk/ydlidar_sdkTargets.cmake
[1.170s] -- Up-to-date: /home/nalsem/ros2_ws/install/ydlidar_sdk/lib/cmake/ydlidar_sdk/ydlidar_sdkConfigVersion.cmake
[1.171s] -- Up-to-date: /home/nalsem/ros2_ws/install/ydlidar_sdk/share/YDLIDAR_SDK/FindYDLIDAR_SDK.cmake
[1.172s] -- Up-to-date: /home/nalsem/ros2_ws/install/ydlidar_sdk/share/YDLIDAR_SDK
[1.173s] -- Up-to-date: /home/nalsem/ros2_ws/install/ydlidar_sdk/share/YDLIDAR_SDK/PackageConfigVersion.cmake.in
[1.173s] -- Up-to-date: /home/nalsem/ros2_ws/install/ydlidar_sdk/share/YDLIDAR_SDK/PkgConfig.pc.in
[1.174s] -- Up-to-date: /home/nalsem/ros2_ws/install/ydlidar_sdk/share/YDLIDAR_SDK/PackageConfig.cmake.in
[1.175s] -- Up-to-date: /home/nalsem/ros2_ws/install/ydlidar_sdk/share/YDLIDAR_SDK/FindPackage.cmake.in
[1.176s] -- Up-to-date: /home/nalsem/ros2_ws/install/ydlidar_sdk/share/YDLIDAR_SDK/common
[1.177s] -- Up-to-date: /home/nalsem/ros2_ws/install/ydlidar_sdk/share/YDLIDAR_SDK/common/ydlidar_parse.cmake
[1.178s] -- Up-to-date: /home/nalsem/ros2_ws/install/ydlidar_sdk/share/YDLIDAR_SDK/common/ydlidar_base.cmake
[1.178s] -- Up-to-date: /home/nalsem/ros2_ws/install/ydlidar_sdk/share/YDLIDAR_SDK/install_package.cmake
[1.181s] -- Up-to-date: /home/nalsem/ros2_ws/install/ydlidar_sdk/share/YDLIDAR_SDK/cmake_uninstall.cmake.in
[1.181s] -- Up-to-date: /home/nalsem/ros2_ws/install/ydlidar_sdk/share/YDLIDAR_SDK/script_show_final_summary.cmake
[1.181s] -- Up-to-date: /home/nalsem/ros2_ws/install/ydlidar_sdk/share/YDLIDAR_SDK/LICENSE.txt
[1.182s] -- Up-to-date: /home/nalsem/ros2_ws/install/ydlidar_sdk/share/YDLIDAR_SDK/README.md
[1.182s] -- Up-to-date: /home/nalsem/ros2_ws/install/ydlidar_sdk/share/YDLIDAR_SDK/doc
[1.183s] -- Up-to-date: /home/nalsem/ros2_ws/install/ydlidar_sdk/share/YDLIDAR_SDK/doc/YDLidar_SDK_Communication_Protocol.pdf
[1.188s] -- Up-to-date: /home/nalsem/ros2_ws/install/ydlidar_sdk/share/YDLIDAR_SDK/doc/YDLIDAR_SDK_API_for_Developers.md
[1.189s] -- Up-to-date: /home/nalsem/ros2_ws/install/ydlidar_sdk/share/YDLIDAR_SDK/doc/images
[1.189s] -- Up-to-date: /home/nalsem/ros2_ws/install/ydlidar_sdk/share/YDLIDAR_SDK/doc/images/angle_q2.png
[1.190s] -- Up-to-date: /home/nalsem/ros2_ws/install/ydlidar_sdk/share/YDLIDAR_SDK/doc/images/communication_mechanism.png
[1.190s] -- Up-to-date: /home/nalsem/ros2_ws/install/ydlidar_sdk/share/YDLIDAR_SDK/doc/images/system_workflow.png
[1.190s] -- Up-to-date: /home/nalsem/ros2_ws/install/ydlidar_sdk/share/YDLIDAR_SDK/doc/images/sdk_init.png
[1.191s] -- Up-to-date: /home/nalsem/ros2_ws/install/ydlidar_sdk/share/YDLIDAR_SDK/doc/images/YDLidar.jpg
[1.191s] -- Up-to-date: /home/nalsem/ros2_ws/install/ydlidar_sdk/share/YDLIDAR_SDK/doc/images/frame_intensity.png
[1.192s] -- Up-to-date: /home/nalsem/ros2_ws/install/ydlidar_sdk/share/YDLIDAR_SDK/doc/images/YDLidar.png
[1.192s] -- Up-to-date: /home/nalsem/ros2_ws/install/ydlidar_sdk/share/YDLIDAR_SDK/doc/images/frame.png
[1.192s] -- Up-to-date: /home/nalsem/ros2_ws/install/ydlidar_sdk/share/YDLIDAR_SDK/doc/images/EAI.png
[1.193s] -- Up-to-date: /home/nalsem/ros2_ws/install/ydlidar_sdk/share/YDLIDAR_SDK/doc/images/FlowChart.png
[1.193s] -- Up-to-date: /home/nalsem/ros2_ws/install/ydlidar_sdk/share/YDLIDAR_SDK/doc/images/sdk_scanning.png
[1.194s] -- Up-to-date: /home/nalsem/ros2_ws/install/ydlidar_sdk/share/YDLIDAR_SDK/doc/images/sequence.png
[1.194s] -- Up-to-date: /home/nalsem/ros2_ws/install/ydlidar_sdk/share/YDLIDAR_SDK/doc/images/sdk_architecture.png
[1.194s] -- Up-to-date: /home/nalsem/ros2_ws/install/ydlidar_sdk/share/YDLIDAR_SDK/doc/YDLidar-SDK-Communication-Protocol.pdf
[1.195s] -- Up-to-date: /home/nalsem/ros2_ws/install/ydlidar_sdk/share/YDLIDAR_SDK/doc/YDLidar-SDK-Communication-Protocol.html
[1.195s] -- Up-to-date: /home/nalsem/ros2_ws/install/ydlidar_sdk/share/YDLIDAR_SDK/doc/Tutorials.md
[1.196s] -- Up-to-date: /home/nalsem/ros2_ws/install/ydlidar_sdk/share/YDLIDAR_SDK/doc/howto
[1.213s] -- Up-to-date: /home/nalsem/ros2_ws/install/ydlidar_sdk/share/YDLIDAR_SDK/doc/howto/how_to_create_a_csharp_project.md
[1.215s] -- Up-to-date: /home/nalsem/ros2_ws/install/ydlidar_sdk/share/YDLIDAR_SDK/doc/howto/images
[1.215s] -- Up-to-date: /home/nalsem/ros2_ws/install/ydlidar_sdk/share/YDLIDAR_SDK/doc/howto/images/csharp_exception.png
[1.216s] -- Up-to-date: /home/nalsem/ros2_ws/install/ydlidar_sdk/share/YDLIDAR_SDK/doc/howto/images/ydlidar_lidar_monitor.png
[1.216s] -- Up-to-date: /home/nalsem/ros2_ws/install/ydlidar_sdk/share/YDLIDAR_SDK/doc/howto/images/sdk_init.png
[1.216s] -- Up-to-date: /home/nalsem/ros2_ws/install/ydlidar_sdk/share/YDLIDAR_SDK/doc/howto/images/sdk_scanning.png
[1.217s] -- Up-to-date: /home/nalsem/ros2_ws/install/ydlidar_sdk/share/YDLIDAR_SDK/doc/howto/images/ttyUSB0.png
[1.217s] -- Up-to-date: /home/nalsem/ros2_ws/install/ydlidar_sdk/share/YDLIDAR_SDK/doc/howto/images/sequence.png
[1.218s] -- Up-to-date: /home/nalsem/ros2_ws/install/ydlidar_sdk/share/YDLIDAR_SDK/doc/howto/images/csharp_project.png
[1.218s] -- Up-to-date: /home/nalsem/ros2_ws/install/ydlidar_sdk/share/YDLIDAR_SDK/doc/howto/images/csharp_running.png
[1.218s] -- Up-to-date: /home/nalsem/ros2_ws/install/ydlidar_sdk/share/YDLIDAR_SDK/doc/howto/images/cpack.png
[1.219s] -- Up-to-date: /home/nalsem/ros2_ws/install/ydlidar_sdk/share/YDLIDAR_SDK/doc/howto/images/ttyUSB1.png
[1.219s] -- Up-to-date: /home/nalsem/ros2_ws/install/ydlidar_sdk/share/YDLIDAR_SDK/doc/howto/images/csharp_build.png
[1.220s] -- Up-to-date: /home/nalsem/ros2_ws/install/ydlidar_sdk/share/YDLIDAR_SDK/doc/howto/images/vscode
[1.220s] -- Up-to-date: /home/nalsem/ros2_ws/install/ydlidar_sdk/share/YDLIDAR_SDK/doc/howto/images/vscode/run_tasks.jpg
[1.220s] -- Up-to-date: /home/nalsem/ros2_ws/install/ydlidar_sdk/share/YDLIDAR_SDK/doc/howto/images/vscode/tasks.png
[1.221s] -- Up-to-date: /home/nalsem/ros2_ws/install/ydlidar_sdk/share/YDLIDAR_SDK/doc/howto/images/csharp_library.png
[1.221s] -- Up-to-date: /home/nalsem/ros2_ws/install/ydlidar_sdk/share/YDLIDAR_SDK/doc/howto/how_to_create_a_pull.md
[1.222s] -- Up-to-date: /home/nalsem/ros2_ws/install/ydlidar_sdk/share/YDLIDAR_SDK/doc/howto/how_to_build_and_install.md
[1.222s] -- Up-to-date: /home/nalsem/ros2_ws/install/ydlidar_sdk/share/YDLIDAR_SDK/doc/howto/how_to_gerenrate_vs_project_by_cmake.md
[1.222s] -- Up-to-date: /home/nalsem/ros2_ws/install/ydlidar_sdk/share/YDLIDAR_SDK/doc/howto/how_to_solve_slow_pull_from_cn.md
[1.223s] -- Up-to-date: /home/nalsem/ros2_ws/install/ydlidar_sdk/share/YDLIDAR_SDK/doc/howto/how_to_build_and_debug_using_vscode.md
[1.223s] -- Up-to-date: /home/nalsem/ros2_ws/install/ydlidar_sdk/share/YDLIDAR_SDK/doc/howto/README.md
[1.224s] -- Up-to-date: /home/nalsem/ros2_ws/install/ydlidar_sdk/share/YDLIDAR_SDK/doc/howto/how_to_create_a_udev_rules.md
[1.224s] -- Up-to-date: /home/nalsem/ros2_ws/install/ydlidar_sdk/share/YDLIDAR_SDK/doc/tutorials
[1.248s] -- Up-to-date: /home/nalsem/ros2_ws/install/ydlidar_sdk/share/YDLIDAR_SDK/doc/tutorials/examine_the_simple_lidar_tutorial.md
[1.249s] -- Up-to-date: /home/nalsem/ros2_ws/install/ydlidar_sdk/share/YDLIDAR_SDK/doc/tutorials/writing_lidar_tutorial_python.md
[1.249s] -- Up-to-date: /home/nalsem/ros2_ws/install/ydlidar_sdk/share/YDLIDAR_SDK/doc/tutorials/writing_lidar_tutorial_c.md
[1.250s] -- Up-to-date: /home/nalsem/ros2_ws/install/ydlidar_sdk/share/YDLIDAR_SDK/doc/tutorials/writing_lidar_network_adapter_tutorial_c++.md
[1.250s] -- Up-to-date: /home/nalsem/ros2_ws/install/ydlidar_sdk/share/YDLIDAR_SDK/doc/tutorials/writing_lidar_tutorial_c++.md
[1.251s] -- Up-to-date: /home/nalsem/ros2_ws/install/ydlidar_sdk/share/YDLIDAR_SDK/doc/SDK.pdf
[1.251s] -- Up-to-date: /home/nalsem/ros2_ws/install/ydlidar_sdk/share/YDLIDAR_SDK/doc/FAQs
[1.251s] -- Up-to-date: /home/nalsem/ros2_ws/install/ydlidar_sdk/share/YDLIDAR_SDK/doc/FAQs/General_FAQs_cn.md
[1.252s] -- Up-to-date: /home/nalsem/ros2_ws/install/ydlidar_sdk/share/YDLIDAR_SDK/doc/FAQs/Hardware_FAQs_cn.md
[1.252s] -- Up-to-date: /home/nalsem/ros2_ws/install/ydlidar_sdk/share/YDLIDAR_SDK/doc/FAQs/Software_FAQs_cn.md
[1.253s] -- Up-to-date: /home/nalsem/ros2_ws/install/ydlidar_sdk/share/YDLIDAR_SDK/doc/FAQs/Hardware_FAQs.md
[1.253s] -- Up-to-date: /home/nalsem/ros2_ws/install/ydlidar_sdk/share/YDLIDAR_SDK/doc/FAQs/Software_FAQs.md
[1.254s] -- Up-to-date: /home/nalsem/ros2_ws/install/ydlidar_sdk/share/YDLIDAR_SDK/doc/FAQs/README.md
[1.254s] -- Up-to-date: /home/nalsem/ros2_ws/install/ydlidar_sdk/share/YDLIDAR_SDK/doc/FAQs/General_FAQs.md
[1.254s] -- Up-to-date: /home/nalsem/ros2_ws/install/ydlidar_sdk/share/YDLIDAR_SDK/doc/Dataset.md
[1.255s] -- Up-to-date: /home/nalsem/ros2_ws/install/ydlidar_sdk/share/YDLIDAR_SDK/doc/Diagram.md
[1.255s] -- Up-to-date: /home/nalsem/ros2_ws/install/ydlidar_sdk/share/YDLIDAR_SDK/doc/README.md
[1.255s] -- Up-to-date: /home/nalsem/ros2_ws/install/ydlidar_sdk/share/YDLIDAR_SDK/doc/quickstart
[1.256s] -- Up-to-date: /home/nalsem/ros2_ws/install/ydlidar_sdk/share/YDLIDAR_SDK/doc/quickstart/ydlidar_sdk_software_installation_guide.md
[1.256s] -- Up-to-date: /home/nalsem/ros2_ws/install/ydlidar_sdk/share/YDLIDAR_SDK/doc/quickstart/README.md
[1.257s] -- Up-to-date: /home/nalsem/ros2_ws/install/ydlidar_sdk/share/YDLIDAR_SDK/doc/YDLidar-SDK-Communication-Protocol.md
[1.257s] -- Up-to-date: /home/nalsem/ros2_ws/install/ydlidar_sdk/startup/initenv.sh
[1.257s] -- Up-to-date: /home/nalsem/ros2_ws/install/ydlidar_sdk/bin/et_test
[1.258s] -- Up-to-date: /home/nalsem/ros2_ws/install/ydlidar_sdk/bin/gs_test
[1.258s] -- Up-to-date: /home/nalsem/ros2_ws/install/ydlidar_sdk/bin/tmini_test
[1.259s] -- Up-to-date: /home/nalsem/ros2_ws/install/ydlidar_sdk/bin/tof_test
[1.259s] -- Up-to-date: /home/nalsem/ros2_ws/install/ydlidar_sdk/bin/tri_test
[1.259s] -- Up-to-date: /home/nalsem/ros2_ws/install/ydlidar_sdk/bin/lidar_c_api_test
[1.260s] Invoked command in '/home/nalsem/ros2_ws/build/ydlidar_sdk' returned '0': /usr/bin/cmake --install /home/nalsem/ros2_ws/build/ydlidar_sdk
