[1.985s] Invoking command in '/home/nalsem/ros2_ws/build/sllidar_ros2': CMAKE_PREFIX_PATH=${CMAKE_PREFIX_PATH}:/home/nalsem/ros2_ws/install/nalsem_A:/home/nalsem/ros2_ws/install/mecha_autoship_camera:/opt/ros/foxy /usr/bin/cmake /home/nalsem/ros2_ws/src/sllidar_ros2 -DAMENT_CMAKE_SYMLINK_INSTALL=1 -DCMAKE_INSTALL_PREFIX=/home/nalsem/ros2_ws/install/sllidar_ros2
[2.704s] -- The C compiler identification is GNU 9.4.0
[3.179s] -- The CXX compiler identification is GNU 9.4.0
[3.209s] -- Check for working C compiler: /usr/bin/cc
[3.473s] -- Check for working C compiler: /usr/bin/cc -- works
[3.479s] -- Detecting C compiler ABI info
[3.747s] -- Detecting C compiler ABI info - done
[3.799s] -- Detecting C compile features
[3.799s] -- Detecting C compile features - done
[3.810s] -- Check for working CXX compiler: /usr/bin/c++
[4.102s] -- Check for working CXX compiler: /usr/bin/c++ -- works
[4.107s] -- Detecting CXX compiler ABI info
[4.438s] -- Detecting CXX compiler ABI info - done
[4.490s] -- Detecting CXX compile features
[4.492s] -- Detecting CXX compile features - done
[4.518s] -- Found ament_cmake: 0.9.9 (/opt/ros/foxy/share/ament_cmake/cmake)
[4.686s] -- Found PythonInterp: /usr/bin/python3 (found suitable version "3.8.10", minimum required is "3") 
[4.687s] -- Using PYTHON_EXECUTABLE: /usr/bin/python3
[5.594s] -- Override CMake install command with custom implementation using symlinks instead of copying resources
[5.760s] -- Found rclcpp: 2.4.1 (/opt/ros/foxy/share/rclcpp/cmake)
[6.043s] -- Using all available rosidl_typesupport_c: rosidl_typesupport_fastrtps_c;rosidl_typesupport_introspection_c
[6.086s] -- Found rosidl_adapter: 1.2.1 (/opt/ros/foxy/share/rosidl_adapter/cmake)
[6.574s] -- Found OpenSSL: /usr/lib/aarch64-linux-gnu/libcrypto.so (found version "1.1.1f")  
[6.768s] -- Found FastRTPS: /opt/ros/foxy/include  
[7.249s] -- Using all available rosidl_typesupport_cpp: rosidl_typesupport_fastrtps_cpp;rosidl_typesupport_introspection_cpp
[7.546s] -- Found rmw_implementation_cmake: 1.0.3 (/opt/ros/foxy/share/rmw_implementation_cmake/cmake)
[7.554s] -- Using RMW implementation 'rmw_fastrtps_cpp' as default
[7.559s] -- Looking for pthread.h
[7.835s] -- Looking for pthread.h - found
[7.836s] -- Performing Test CMAKE_HAVE_LIBC_PTHREAD
[8.095s] -- Performing Test CMAKE_HAVE_LIBC_PTHREAD - Failed
[8.096s] -- Looking for pthread_create in pthreads
[8.300s] -- Looking for pthread_create in pthreads - not found
[8.301s] -- Looking for pthread_create in pthread
[8.548s] -- Looking for pthread_create in pthread - found
[8.552s] -- Found Threads: TRUE  
[9.306s] -- Found sensor_msgs: 2.0.5 (/opt/ros/foxy/share/sensor_msgs/cmake)
[9.874s] -- Found std_srvs: 2.0.5 (/opt/ros/foxy/share/std_srvs/cmake)
[10.265s] -- Configuring done
[10.321s] -- Generating done
[10.327s] -- Build files have been written to: /home/nalsem/ros2_ws/build/sllidar_ros2
[10.354s] Invoked command in '/home/nalsem/ros2_ws/build/sllidar_ros2' returned '0': CMAKE_PREFIX_PATH=${CMAKE_PREFIX_PATH}:/home/nalsem/ros2_ws/install/nalsem_A:/home/nalsem/ros2_ws/install/mecha_autoship_camera:/opt/ros/foxy /usr/bin/cmake /home/nalsem/ros2_ws/src/sllidar_ros2 -DAMENT_CMAKE_SYMLINK_INSTALL=1 -DCMAKE_INSTALL_PREFIX=/home/nalsem/ros2_ws/install/sllidar_ros2
[10.368s] Invoking command in '/home/nalsem/ros2_ws/build/sllidar_ros2': CMAKE_PREFIX_PATH=${CMAKE_PREFIX_PATH}:/home/nalsem/ros2_ws/install/nalsem_A:/home/nalsem/ros2_ws/install/mecha_autoship_camera:/opt/ros/foxy /usr/bin/cmake --build /home/nalsem/ros2_ws/build/sllidar_ros2 -- -j4 -l4
[10.514s] [35m[1mScanning dependencies of target sllidar_client[0m
[10.515s] [35m[1mScanning dependencies of target sllidar_node[0m
[10.786s] [ 14%] [32mBuilding CXX object CMakeFiles/sllidar_node.dir/src/sllidar_node.cpp.o[0m
[10.787s] [ 14%] [32mBuilding CXX object CMakeFiles/sllidar_client.dir/src/sllidar_client.cpp.o[0m
[10.787s] [ 21%] [32mBuilding CXX object CMakeFiles/sllidar_node.dir/sdk/src/arch/linux/net_serial.cpp.o[0m
[10.816s] [ 28%] [32mBuilding CXX object CMakeFiles/sllidar_node.dir/sdk/src/arch/linux/net_socket.cpp.o[0m
[11.105s] In file included from [01m[K/home/nalsem/ros2_ws/src/sllidar_ros2/./sdk/src/sdkcommon.h:47[m[K,
[11.105s]                  from [01m[K/home/nalsem/ros2_ws/src/sllidar_ros2/sdk/src/arch/linux/net_socket.cpp:10[m[K:
[11.106s] [01m[K/home/nalsem/ros2_ws/src/sllidar_ros2/./sdk/src/hal/assert.h:1:1:[m[K [01;35m[Kwarning: [m[Knull character(s) ignored
[11.106s]     1 | [01;35m[K [m[K                                                                                                                                                                                                                                                                                                                        
[11.106s]       | [01;35m[K^[m[K
[12.309s] [01m[K/home/nalsem/ros2_ws/src/sllidar_ros2/sdk/src/arch/linux/net_serial.cpp:[m[K In member function ‘[01m[Kbool rp::arch::net::raw_serial::open(const char*, uint32_t, uint32_t)[m[K’:
[12.309s] [01m[K/home/nalsem/ros2_ws/src/sllidar_ros2/sdk/src/arch/linux/net_serial.cpp:97:74:[m[K [01;35m[Kwarning: [m[Kunused parameter ‘[01m[Kflags[m[K’ [[01;35m[K-Wunused-parameter[m[K]
[12.310s]    97 | bool raw_serial::open(const char * portname, uint32_t baudrate, [01;35m[Kuint32_t flags[m[K)
[12.310s]       |                                                                 [01;35m[K~~~~~~~~~^~~~~[m[K
[12.311s] [01m[K/home/nalsem/ros2_ws/src/sllidar_ros2/sdk/src/arch/linux/net_serial.cpp:[m[K In member function ‘[01m[Kvirtual void rp::arch::net::raw_serial::flush(_u32)[m[K’:
[12.313s] [01m[K/home/nalsem/ros2_ws/src/sllidar_ros2/sdk/src/arch/linux/net_serial.cpp:281:30:[m[K [01;35m[Kwarning: [m[Kunused parameter ‘[01m[Kflags[m[K’ [[01;35m[K-Wunused-parameter[m[K]
[12.313s]   281 | void raw_serial::flush( [01;35m[K_u32 flags[m[K)
[12.314s]       |                         [01;35m[K~~~~~^~~~~[m[K
[12.314s] [01m[K/home/nalsem/ros2_ws/src/sllidar_ros2/sdk/src/arch/linux/net_serial.cpp:[m[K In member function ‘[01m[Kvirtual int rp::arch::net::raw_serial::waitforsent(_u32, size_t*)[m[K’:
[12.315s] [01m[K/home/nalsem/ros2_ws/src/sllidar_ros2/sdk/src/arch/linux/net_serial.cpp:286:34:[m[K [01;35m[Kwarning: [m[Kunused parameter ‘[01m[Ktimeout[m[K’ [[01;35m[K-Wunused-parameter[m[K]
[12.315s]   286 | int raw_serial::waitforsent([01;35m[K_u32 timeout[m[K, size_t * returned_size)
[12.315s]       |                             [01;35m[K~~~~~^~~~~~~[m[K
[12.316s] [01m[K/home/nalsem/ros2_ws/src/sllidar_ros2/sdk/src/arch/linux/net_serial.cpp:[m[K In member function ‘[01m[Kvirtual int rp::arch::net::raw_serial::waitforrecv(_u32, size_t*)[m[K’:
[12.316s] [01m[K/home/nalsem/ros2_ws/src/sllidar_ros2/sdk/src/arch/linux/net_serial.cpp:292:34:[m[K [01;35m[Kwarning: [m[Kunused parameter ‘[01m[Ktimeout[m[K’ [[01;35m[K-Wunused-parameter[m[K]
[12.317s]   292 | int raw_serial::waitforrecv([01;35m[K_u32 timeout[m[K, size_t * returned_size)
[12.317s]       |                             [01;35m[K~~~~~^~~~~~~[m[K
[12.503s] In file included from [01m[K/home/nalsem/ros2_ws/src/sllidar_ros2/./sdk/include/rplidar_protocol.h:36[m[K,
[12.504s]                  from [01m[K/home/nalsem/ros2_ws/src/sllidar_ros2/./sdk/include/rplidar.h:39[m[K,
[12.505s]                  from [01m[K/home/nalsem/ros2_ws/src/sllidar_ros2/./sdk/src/sdkcommon.h:49[m[K,
[12.506s]                  from [01m[K/home/nalsem/ros2_ws/src/sllidar_ros2/sdk/src/arch/linux/net_socket.cpp:10[m[K:
[12.507s] [01m[K/home/nalsem/ros2_ws/src/sllidar_ros2/./sdk/include/sl_lidar_protocol.h:58:16:[m[K [01;35m[Kwarning: [m[KISO C++ forbids zero-size array ‘[01m[Kdata[m[K’ [[01;35m[K-Wpedantic[m[K]
[12.508s]    58 |     sl_u8 data[[01;35m[K0[m[K];
[12.509s]       |                [01;35m[K^[m[K
[12.513s] In file included from [01m[K/home/nalsem/ros2_ws/src/sllidar_ros2/./sdk/include/rplidar_cmd.h:36[m[K,
[12.514s]                  from [01m[K/home/nalsem/ros2_ws/src/sllidar_ros2/./sdk/include/rplidar.h:40[m[K,
[12.515s]                  from [01m[K/home/nalsem/ros2_ws/src/sllidar_ros2/./sdk/src/sdkcommon.h:49[m[K,
[12.516s]                  from [01m[K/home/nalsem/ros2_ws/src/sllidar_ros2/sdk/src/arch/linux/net_socket.cpp:10[m[K:
[12.517s] [01m[K/home/nalsem/ros2_ws/src/sllidar_ros2/./sdk/include/sl_lidar_cmd.h:295:20:[m[K [01;35m[Kwarning: [m[KISO C++ forbids zero-size array ‘[01m[Kpayload[m[K’ [[01;35m[K-Wpedantic[m[K]
[12.518s]   295 |     sl_u8  payload[[01;35m[K0[m[K];
[12.519s]       |                    [01;35m[K^[m[K
[12.779s] [ 35%] [32mBuilding CXX object CMakeFiles/sllidar_node.dir/sdk/src/arch/linux/timer.cpp.o[0m
[12.792s] [01m[K/home/nalsem/ros2_ws/src/sllidar_ros2/sdk/src/arch/linux/net_socket.cpp:[m[K In member function ‘[01m[Kvirtual u_result rp::net::SocketAddress::getAddressAsString(char*, size_t) const[m[K’:
[12.793s] [01m[K/home/nalsem/ros2_ws/src/sllidar_ros2/sdk/src/arch/linux/net_socket.cpp:170:17:[m[K [01;35m[Kwarning: [m[Kordered comparison of pointer with integer zero [[01;35m[K-Wextra[m[K]
[12.794s]   170 |     return ans<=[01;35m[K0[m[K?RESULT_OPERATION_FAIL:RESULT_OK;
[12.794s]       |                 [01;35m[K^[m[K
[12.818s] [01m[K/home/nalsem/ros2_ws/src/sllidar_ros2/sdk/src/arch/linux/net_socket.cpp:[m[K In member function ‘[01m[Kvirtual u_result rp::arch::net::StreamSocketImpl::send(const void*, size_t)[m[K’:
[12.819s] [01m[K/home/nalsem/ros2_ws/src/sllidar_ros2/sdk/src/arch/linux/net_socket.cpp:438:17:[m[K [01;35m[Kwarning: [m[Kcomparison of integer expressions of different signedness: ‘[01m[Ksize_t[m[K’ {aka ‘[01m[Klong unsigned int[m[K’} and ‘[01m[Kint[m[K’ [[01;35m[K-Wsign-compare[m[K]
[12.819s]   438 |         if ([01;35m[Kans == (int)len[m[K) {
[12.820s]       |             [01;35m[K~~~~^~~~~~~~~~~[m[K
[12.836s] In file included from [01m[K/home/nalsem/ros2_ws/src/sllidar_ros2/./sdk/src/arch/linux/arch_linux.h:42[m[K,
[12.837s]                  from [01m[K/home/nalsem/ros2_ws/src/sllidar_ros2/./sdk/src/sdkcommon.h:41[m[K,
[12.837s]                  from [01m[K/home/nalsem/ros2_ws/src/sllidar_ros2/sdk/src/arch/linux/net_socket.cpp:10[m[K:
[12.838s] [01m[K/home/nalsem/ros2_ws/src/sllidar_ros2/sdk/src/arch/linux/net_socket.cpp:[m[K In member function ‘[01m[Kvirtual u_result rp::arch::net::DGramSocketImpl::sendTo(const rp::net::SocketAddress&, const void*, size_t)[m[K’:
[12.838s] [01m[K/home/nalsem/ros2_ws/src/sllidar_ros2/sdk/src/arch/linux/net_socket.cpp:726:24:[m[K [01;35m[Kwarning: [m[Kcomparison of integer expressions of different signedness: ‘[01m[Ksize_t[m[K’ {aka ‘[01m[Klong unsigned int[m[K’} and ‘[01m[Kint[m[K’ [[01;35m[K-Wsign-compare[m[K]
[12.839s]   726 |             assert([01;35m[Kans == (int)len[m[K);
[12.840s]       |                    [01;35m[K~~~~^~~~~~~~~~~[m[K
[13.034s] [01m[K/home/nalsem/ros2_ws/src/sllidar_ros2/sdk/src/arch/linux/net_socket.cpp:722:47:[m[K [01;35m[Kwarning: [m[Knonnull argument ‘[01m[Ktarget[m[K’ compared to NULL [[01;35m[K-Wnonnull-compare[m[K]
[13.034s]   722 |         const struct sockaddr* addr = &target [01;35m[K?[m[K reinterpret_cast<const struct sockaddr*>(target.getPlatformData()) : NULL;
[13.035s]       |                                               [01;35m[K^[m[K
[13.501s] [ 42%] [32mBuilding CXX object CMakeFiles/sllidar_node.dir/sdk/src/hal/thread.cpp.o[0m
[13.761s] In file included from [01m[K/home/nalsem/ros2_ws/src/sllidar_ros2/./sdk/src/sdkcommon.h:47[m[K,
[13.761s]                  from [01m[K/home/nalsem/ros2_ws/src/sllidar_ros2/sdk/src/hal/thread.cpp:35[m[K:
[13.762s] [01m[K/home/nalsem/ros2_ws/src/sllidar_ros2/./sdk/src/hal/assert.h:1:1:[m[K [01;35m[Kwarning: [m[Knull character(s) ignored
[13.763s]     1 | [01;35m[K [m[K                                                                                                                                                                                                                                                                                                                        
[13.764s]       | [01;35m[K^[m[K
[14.500s] [ 50%] [32mBuilding CXX object CMakeFiles/sllidar_node.dir/sdk/src/rplidar_driver.cpp.o[0m
[14.841s] In file included from [01m[K/home/nalsem/ros2_ws/src/sllidar_ros2/./sdk/include/rplidar_protocol.h:36[m[K,
[14.842s]                  from [01m[K/home/nalsem/ros2_ws/src/sllidar_ros2/./sdk/include/rplidar.h:39[m[K,
[14.842s]                  from [01m[K/home/nalsem/ros2_ws/src/sllidar_ros2/./sdk/src/sdkcommon.h:49[m[K,
[14.843s]                  from [01m[K/home/nalsem/ros2_ws/src/sllidar_ros2/sdk/src/hal/thread.cpp:35[m[K:
[14.843s] [01m[K/home/nalsem/ros2_ws/src/sllidar_ros2/./sdk/include/sl_lidar_protocol.h:58:16:[m[K [01;35m[Kwarning: [m[KISO C++ forbids zero-size array ‘[01m[Kdata[m[K’ [[01;35m[K-Wpedantic[m[K]
[14.844s]    58 |     sl_u8 data[[01;35m[K0[m[K];
[14.844s]       |                [01;35m[K^[m[K
[14.845s] In file included from [01m[K/home/nalsem/ros2_ws/src/sllidar_ros2/./sdk/include/rplidar_cmd.h:36[m[K,
[14.845s]                  from [01m[K/home/nalsem/ros2_ws/src/sllidar_ros2/./sdk/include/rplidar.h:40[m[K,
[14.846s]                  from [01m[K/home/nalsem/ros2_ws/src/sllidar_ros2/./sdk/src/sdkcommon.h:49[m[K,
[14.846s]                  from [01m[K/home/nalsem/ros2_ws/src/sllidar_ros2/sdk/src/hal/thread.cpp:35[m[K:
[14.847s] [01m[K/home/nalsem/ros2_ws/src/sllidar_ros2/./sdk/include/sl_lidar_cmd.h:295:20:[m[K [01;35m[Kwarning: [m[KISO C++ forbids zero-size array ‘[01m[Kpayload[m[K’ [[01;35m[K-Wpedantic[m[K]
[14.848s]   295 |     sl_u8  payload[[01;35m[K0[m[K];
[14.849s]       |                    [01;35m[K^[m[K
[14.849s] In file included from [01m[K/home/nalsem/ros2_ws/src/sllidar_ros2/sdk/src/sdkcommon.h:47[m[K,
[14.850s]                  from [01m[K/home/nalsem/ros2_ws/src/sllidar_ros2/sdk/src/rplidar_driver.cpp:33[m[K:
[14.850s] [01m[K/home/nalsem/ros2_ws/src/sllidar_ros2/sdk/src/hal/assert.h:1:1:[m[K [01;35m[Kwarning: [m[Knull character(s) ignored
[14.851s]     1 | [01;35m[K [m[K                                                                                                                                                                                                                                                                                                                        
[14.851s]       | [01;35m[K^[m[K
[14.911s] In file included from [01m[K/home/nalsem/ros2_ws/src/sllidar_ros2/sdk/src/rplidar_driver.cpp:37[m[K:
[14.912s] [01m[K/home/nalsem/ros2_ws/src/sllidar_ros2/sdk/src/hal/assert.h:1:1:[m[K [01;35m[Kwarning: [m[Knull character(s) ignored
[14.912s]     1 | [01;35m[K [m[K                                                                                                                                                                                                                                                                                                                        
[14.913s]       | [01;35m[K^[m[K
[15.044s] In file included from [01m[K/home/nalsem/ros2_ws/src/sllidar_ros2/sdk/src/hal/thread.cpp:43[m[K:
[15.045s] [01m[K/home/nalsem/ros2_ws/src/sllidar_ros2/./sdk/src/arch/linux/thread.hpp:[m[K In static member function ‘[01m[Kstatic rp::hal::Thread rp::hal::Thread::create(thread_proc_t, void*)[m[K’:
[15.045s] [01m[K/home/nalsem/ros2_ws/src/sllidar_ros2/./sdk/src/arch/linux/thread.hpp:48:77:[m[K [01;35m[Kwarning: [m[Kcast between incompatible function types from ‘[01m[Kthread_proc_t[m[K’ {aka ‘[01m[Klong unsigned int (*)(void*)[m[K’} to ‘[01m[Kvoid* (*)(void*)[m[K’ [[01;35m[K-Wcast-function-type[m[K]
[15.046s]    48 |     pthread_create((pthread_t *)&newborn._handle, NULL, (void * (*)(void *))[01;35m[Kproc[m[K, data);
[15.046s]       |                                                                             [01;35m[K^~~~[m[K
[15.047s] [01m[K/home/nalsem/ros2_ws/src/sllidar_ros2/./sdk/src/arch/linux/thread.hpp:[m[K In member function ‘[01m[Ku_result rp::hal::Thread::join(long unsigned int)[m[K’:
[15.048s] [01m[K/home/nalsem/ros2_ws/src/sllidar_ros2/./sdk/src/arch/linux/thread.hpp:129:37:[m[K [01;35m[Kwarning: [m[Kunused parameter ‘[01m[Ktimeout[m[K’ [[01;35m[K-Wunused-parameter[m[K]
[15.048s]   129 | u_result Thread::join([01;35m[Kunsigned long timeout[m[K)
[15.049s]       |                       [01;35m[K~~~~~~~~~~~~~~^~~~~~~[m[K
[15.377s] [ 57%] [32mBuilding CXX object CMakeFiles/sllidar_node.dir/sdk/src/sl_crc.cpp.o[0m
[15.428s] In file included from [01m[K/home/nalsem/ros2_ws/src/sllidar_ros2/./sdk/include/sl_lidar_cmd.h:36[m[K,
[15.430s]                  from [01m[K/home/nalsem/ros2_ws/src/sllidar_ros2/./sdk/include/sl_crc.h:36[m[K,
[15.431s]                  from [01m[K/home/nalsem/ros2_ws/src/sllidar_ros2/sdk/src/sl_crc.cpp:33[m[K:
[15.431s] [01m[K/home/nalsem/ros2_ws/src/sllidar_ros2/./sdk/include/sl_lidar_protocol.h:58:16:[m[K [01;35m[Kwarning: [m[KISO C++ forbids zero-size array ‘[01m[Kdata[m[K’ [[01;35m[K-Wpedantic[m[K]
[15.432s]    58 |     sl_u8 data[[01;35m[K0[m[K];
[15.433s]       |                [01;35m[K^[m[K
[15.437s] In file included from [01m[K/home/nalsem/ros2_ws/src/sllidar_ros2/./sdk/include/sl_crc.h:36[m[K,
[15.438s]                  from [01m[K/home/nalsem/ros2_ws/src/sllidar_ros2/sdk/src/sl_crc.cpp:33[m[K:
[15.440s] [01m[K/home/nalsem/ros2_ws/src/sllidar_ros2/./sdk/include/sl_lidar_cmd.h:295:20:[m[K [01;35m[Kwarning: [m[KISO C++ forbids zero-size array ‘[01m[Kpayload[m[K’ [[01;35m[K-Wpedantic[m[K]
[15.441s]   295 |     sl_u8  payload[[01;35m[K0[m[K];
[15.442s]       |                    [01;35m[K^[m[K
[15.446s] [01m[K/home/nalsem/ros2_ws/src/sllidar_ros2/sdk/src/sl_crc.cpp:[m[K In function ‘[01m[Ksl_u32 sl::crc32::cal(sl_u32, void*, sl_u16)[m[K’:
[15.447s] [01m[K/home/nalsem/ros2_ws/src/sllidar_ros2/sdk/src/sl_crc.cpp:77:29:[m[K [01;35m[Kwarning: [m[Ksuggest parentheses around ‘[01m[K-[m[K’ in operand of ‘[01m[K&[m[K’ [[01;35m[K-Wparentheses[m[K]
[15.448s]    77 |         sl_u8 leftBytes = [01;35m[K4 - len[m[K & 0x3;
[15.449s]       |                           [01;35m[K~~^~~~~[m[K
[15.552s] [ 64%] [32mBuilding CXX object CMakeFiles/sllidar_node.dir/sdk/src/sl_lidar_driver.cpp.o[0m
[15.828s] In file included from [01m[K/home/nalsem/ros2_ws/src/sllidar_ros2/sdk/src/sdkcommon.h:47[m[K,
[15.830s]                  from [01m[K/home/nalsem/ros2_ws/src/sllidar_ros2/sdk/src/sl_lidar_driver.cpp:33[m[K:
[15.830s] [01m[K/home/nalsem/ros2_ws/src/sllidar_ros2/sdk/src/hal/assert.h:1:1:[m[K [01;35m[Kwarning: [m[Knull character(s) ignored
[15.831s]     1 | [01;35m[K [m[K                                                                                                                                                                                                                                                                                                                        
[15.831s]       | [01;35m[K^[m[K
[15.856s] In file included from [01m[K/home/nalsem/ros2_ws/src/sllidar_ros2/sdk/src/sl_lidar_driver.cpp:37[m[K:
[15.858s] [01m[K/home/nalsem/ros2_ws/src/sllidar_ros2/sdk/src/hal/assert.h:1:1:[m[K [01;35m[Kwarning: [m[Knull character(s) ignored
[15.858s]     1 | [01;35m[K [m[K                                                                                                                                                                                                                                                                                                                        
[15.859s]       | [01;35m[K^[m[K
[16.121s] In file included from [01m[K/home/nalsem/ros2_ws/src/sllidar_ros2/./sdk/include/rplidar_protocol.h:36[m[K,
[16.122s]                  from [01m[K/home/nalsem/ros2_ws/src/sllidar_ros2/./sdk/include/rplidar.h:39[m[K,
[16.123s]                  from [01m[K/home/nalsem/ros2_ws/src/sllidar_ros2/sdk/src/sdkcommon.h:49[m[K,
[16.123s]                  from [01m[K/home/nalsem/ros2_ws/src/sllidar_ros2/sdk/src/rplidar_driver.cpp:33[m[K:
[16.124s] [01m[K/home/nalsem/ros2_ws/src/sllidar_ros2/./sdk/include/sl_lidar_protocol.h:58:16:[m[K [01;35m[Kwarning: [m[KISO C++ forbids zero-size array ‘[01m[Kdata[m[K’ [[01;35m[K-Wpedantic[m[K]
[16.125s]    58 |     sl_u8 data[[01;35m[K0[m[K];
[16.125s]       |                [01;35m[K^[m[K
[16.126s] In file included from [01m[K/home/nalsem/ros2_ws/src/sllidar_ros2/./sdk/include/rplidar_cmd.h:36[m[K,
[16.126s]                  from [01m[K/home/nalsem/ros2_ws/src/sllidar_ros2/./sdk/include/rplidar.h:40[m[K,
[16.127s]                  from [01m[K/home/nalsem/ros2_ws/src/sllidar_ros2/sdk/src/sdkcommon.h:49[m[K,
[16.127s]                  from [01m[K/home/nalsem/ros2_ws/src/sllidar_ros2/sdk/src/rplidar_driver.cpp:33[m[K:
[16.128s] [01m[K/home/nalsem/ros2_ws/src/sllidar_ros2/./sdk/include/sl_lidar_cmd.h:295:20:[m[K [01;35m[Kwarning: [m[KISO C++ forbids zero-size array ‘[01m[Kpayload[m[K’ [[01;35m[K-Wpedantic[m[K]
[16.128s]   295 |     sl_u8  payload[[01;35m[K0[m[K];
[16.129s]       |                    [01;35m[K^[m[K
[16.514s] [01m[K/home/nalsem/ros2_ws/src/sllidar_ros2/sdk/src/rplidar_driver.cpp:[m[K In member function ‘[01m[Ku_result rp::standalone::rplidar::RPlidarDriver::connect(const char*, _u32, _u32)[m[K’:
[16.515s] [01m[K/home/nalsem/ros2_ws/src/sllidar_ros2/sdk/src/rplidar_driver.cpp:67:77:[m[K [01;35m[Kwarning: [m[Kunused parameter ‘[01m[Kflag[m[K’ [[01;35m[K-Wunused-parameter[m[K]
[16.515s]    67 |     u_result RPlidarDriver::connect(const char *path, _u32 portOrBaud, [01;35m[K_u32 flag[m[K)
[16.516s]       |                                                                        [01;35m[K~~~~~^~~~[m[K
[16.517s] [01m[K/home/nalsem/ros2_ws/src/sllidar_ros2/sdk/src/rplidar_driver.cpp:[m[K In member function ‘[01m[Ku_result rp::standalone::rplidar::RPlidarDriver::reset(_u32)[m[K’:
[16.517s] [01m[K/home/nalsem/ros2_ws/src/sllidar_ros2/sdk/src/rplidar_driver.cpp:101:40:[m[K [01;35m[Kwarning: [m[Kunused parameter ‘[01m[Ktimeout[m[K’ [[01;35m[K-Wunused-parameter[m[K]
[16.518s]   101 |     u_result RPlidarDriver::reset([01;35m[K_u32 timeout[m[K)
[16.518s]       |                                   [01;35m[K~~~~~^~~~~~~[m[K
[16.519s] [01m[K/home/nalsem/ros2_ws/src/sllidar_ros2/sdk/src/rplidar_driver.cpp:[m[K In member function ‘[01m[Ku_result rp::standalone::rplidar::RPlidarDriver::getScanDataWithInterval(rplidar_response_measurement_node_t*, size_t&)[m[K’:
[16.520s] [01m[K/home/nalsem/ros2_ws/src/sllidar_ros2/sdk/src/rplidar_driver.cpp:175:91:[m[K [01;35m[Kwarning: [m[Kunused parameter ‘[01m[Knodebuffer[m[K’ [[01;35m[K-Wunused-parameter[m[K]
[16.520s]   175 |     u_result RPlidarDriver::getScanDataWithInterval([01;35m[Krplidar_response_measurement_node_t * nodebuffer[m[K, size_t & count)
[16.521s]       |                                                     [01;35m[K~~~~~~~~~~~~~~~~~~~~~~~~~~~~~~~~~~~~~~^~~~~~~~~~[m[K
[16.521s] [01m[K/home/nalsem/ros2_ws/src/sllidar_ros2/sdk/src/rplidar_driver.cpp:175:112:[m[K [01;35m[Kwarning: [m[Kunused parameter ‘[01m[Kcount[m[K’ [[01;35m[K-Wunused-parameter[m[K]
[16.522s]   175 |     u_result RPlidarDriver::getScanDataWithInterval(rplidar_response_measurement_node_t * nodebuffer, [01;35m[Ksize_t & count[m[K)
[16.522s]       |                                                                                                       [01;35m[K~~~~~~~~~^~~~~[m[K
[16.851s] [ 71%] [32mBuilding CXX object CMakeFiles/sllidar_node.dir/sdk/src/sl_serial_channel.cpp.o[0m
[16.900s] [01m[K/home/nalsem/ros2_ws/src/sllidar_ros2/sdk/src/sl_serial_channel.cpp:33:9:[m[K [01;35m[Kwarning: [m[K#pragma once in main file
[16.901s]    33 | #pragma [01;35m[Konce[m[K
[16.902s]       |         [01;35m[K^~~~[m[K
[16.913s] In file included from [01m[K/home/nalsem/ros2_ws/src/sllidar_ros2/./sdk/include/rplidar_protocol.h:36[m[K,
[16.914s]                  from [01m[K/home/nalsem/ros2_ws/src/sllidar_ros2/./sdk/include/rplidar.h:39[m[K,
[16.915s]                  from [01m[K/home/nalsem/ros2_ws/src/sllidar_ros2/sdk/src/sdkcommon.h:49[m[K,
[16.915s]                  from [01m[K/home/nalsem/ros2_ws/src/sllidar_ros2/sdk/src/sl_lidar_driver.cpp:33[m[K:
[16.916s] [01m[K/home/nalsem/ros2_ws/src/sllidar_ros2/./sdk/include/sl_lidar_protocol.h:58:16:[m[K [01;35m[Kwarning: [m[KISO C++ forbids zero-size array ‘[01m[Kdata[m[K’ [[01;35m[K-Wpedantic[m[K]
[16.916s]    58 |     sl_u8 data[[01;35m[K0[m[K];
[16.917s]       |                [01;35m[K^[m[K
[16.918s] In file included from [01m[K/home/nalsem/ros2_ws/src/sllidar_ros2/./sdk/include/rplidar_cmd.h:36[m[K,
[16.918s]                  from [01m[K/home/nalsem/ros2_ws/src/sllidar_ros2/./sdk/include/rplidar.h:40[m[K,
[16.918s]                  from [01m[K/home/nalsem/ros2_ws/src/sllidar_ros2/sdk/src/sdkcommon.h:49[m[K,
[16.919s]                  from [01m[K/home/nalsem/ros2_ws/src/sllidar_ros2/sdk/src/sl_lidar_driver.cpp:33[m[K:
[16.919s] [01m[K/home/nalsem/ros2_ws/src/sllidar_ros2/./sdk/include/sl_lidar_cmd.h:295:20:[m[K [01;35m[Kwarning: [m[KISO C++ forbids zero-size array ‘[01m[Kpayload[m[K’ [[01;35m[K-Wpedantic[m[K]
[16.920s]   295 |     sl_u8  payload[[01;35m[K0[m[K];
[16.921s]       |                    [01;35m[K^[m[K
[17.288s] [01m[K/home/nalsem/ros2_ws/src/sllidar_ros2/sdk/src/sl_lidar_driver.cpp:[m[K In member function ‘[01m[Kvirtual sl_result sl::SlamtecLidarDriver::reset(sl_u32)[m[K’:
[17.289s] [01m[K/home/nalsem/ros2_ws/src/sllidar_ros2/sdk/src/sl_lidar_driver.cpp:273:32:[m[K [01;35m[Kwarning: [m[Kunused parameter ‘[01m[KtimeoutInMs[m[K’ [[01;35m[K-Wunused-parameter[m[K]
[17.289s]   273 |         sl_result reset([01;35m[Ksl_u32 timeoutInMs = DEFAULT_TIMEOUT[m[K)
[17.290s]       |                         [01;35m[K~~~~~~~^~~~~~~~~~~~~~~~~~~~~~~~~~~~~[m[K
[17.301s] [01m[K/home/nalsem/ros2_ws/src/sllidar_ros2/sdk/src/sl_lidar_driver.cpp:[m[K In member function ‘[01m[Kvirtual sl_result sl::SlamtecLidarDriver::getAllSupportedScanModes(std::vector<sl::LidarScanMode>&, sl_u32)[m[K’:
[17.302s] [01m[K/home/nalsem/ros2_ws/src/sllidar_ros2/sdk/src/sl_lidar_driver.cpp:286:89:[m[K [01;35m[Kwarning: [m[Kunused parameter ‘[01m[KtimeoutInMs[m[K’ [[01;35m[K-Wunused-parameter[m[K]
[17.303s]   286 |         sl_result getAllSupportedScanModes(std::vector<LidarScanMode>& outModes, [01;35m[Ksl_u32 timeoutInMs = DEFAULT_TIMEOUT[m[K)
[17.304s]       |                                                                                  [01;35m[K~~~~~~~^~~~~~~~~~~~~~~~~~~~~~~~~~~~~[m[K
[17.309s] [01m[K/home/nalsem/ros2_ws/src/sllidar_ros2/sdk/src/sl_lidar_driver.cpp:[m[K In member function ‘[01m[Kvirtual sl_result sl::SlamtecLidarDriver::startScan(bool, bool, sl_u32, sl::LidarScanMode*)[m[K’:
[17.310s] [01m[K/home/nalsem/ros2_ws/src/sllidar_ros2/sdk/src/sl_lidar_driver.cpp:347:69:[m[K [01;35m[Kwarning: [m[Kunused parameter ‘[01m[Koptions[m[K’ [[01;35m[K-Wunused-parameter[m[K]
[17.311s]   347 |         sl_result startScan(bool force, bool useTypicalScan, [01;35m[Ksl_u32 options = 0[m[K, LidarScanMode* outUsedScanMode = nullptr)
[17.312s]       |                                                              [01;35m[K~~~~~~~^~~~~~~~~~~[m[K
[17.324s] [01m[K/home/nalsem/ros2_ws/src/sllidar_ros2/sdk/src/sl_lidar_driver.cpp:[m[K In member function ‘[01m[Kvirtual sl_result sl::SlamtecLidarDriver::stop(sl_u32)[m[K’:
[17.325s] [01m[K/home/nalsem/ros2_ws/src/sllidar_ros2/sdk/src/sl_lidar_driver.cpp:534:31:[m[K [01;35m[Kwarning: [m[Kunused parameter ‘[01m[Ktimeout[m[K’ [[01;35m[K-Wunused-parameter[m[K]
[17.326s]   534 |         sl_result stop([01;35m[Ksl_u32 timeout = DEFAULT_TIMEOUT[m[K)
[17.327s]       |                        [01;35m[K~~~~~~~^~~~~~~~~~~~~~~~~~~~~~~~~[m[K
[17.330s] [01m[K/home/nalsem/ros2_ws/src/sllidar_ros2/sdk/src/sl_lidar_driver.cpp:[m[K In member function ‘[01m[Kvirtual sl_result sl::SlamtecLidarDriver::getDeviceInfo(sl_lidar_response_device_info_t&, sl_u32)[m[K’:
[17.331s] [01m[K/home/nalsem/ros2_ws/src/sllidar_ros2/sdk/src/sl_lidar_driver.cpp:579:79:[m[K [01;35m[Kwarning: [m[Kunused parameter ‘[01m[Ktimeout[m[K’ [[01;35m[K-Wunused-parameter[m[K]
[17.332s]   579 |         sl_result getDeviceInfo(sl_lidar_response_device_info_t& info, [01;35m[Ksl_u32 timeout = DEFAULT_TIMEOUT[m[K)
[17.333s]       |                                                                        [01;35m[K~~~~~~~^~~~~~~~~~~~~~~~~~~~~~~~~[m[K
[17.337s] [01m[K/home/nalsem/ros2_ws/src/sllidar_ros2/sdk/src/sl_lidar_driver.cpp:[m[K In member function ‘[01m[Kvirtual sl_result sl::SlamtecLidarDriver::checkMotorCtrlSupport(sl::MotorCtrlSupport&, sl_u32)[m[K’:
[17.338s] [01m[K/home/nalsem/ros2_ws/src/sllidar_ros2/sdk/src/sl_lidar_driver.cpp:592:76:[m[K [01;35m[Kwarning: [m[Kunused parameter ‘[01m[Ktimeout[m[K’ [[01;35m[K-Wunused-parameter[m[K]
[17.338s]   592 |         sl_result checkMotorCtrlSupport(MotorCtrlSupport & support, [01;35m[Ksl_u32 timeout = DEFAULT_TIMEOUT[m[K)
[17.339s]       |                                                                     [01;35m[K~~~~~~~^~~~~~~~~~~~~~~~~~~~~~~~~[m[K
[17.341s] [01m[K/home/nalsem/ros2_ws/src/sllidar_ros2/sdk/src/sl_lidar_driver.cpp:[m[K In member function ‘[01m[Kvirtual sl_result sl::SlamtecLidarDriver::getFrequency(const sl::LidarScanMode&, const sl_lidar_response_measurement_node_hq_t*, size_t, float&)[m[K’:
[17.341s] [01m[K/home/nalsem/ros2_ws/src/sllidar_ros2/sdk/src/sl_lidar_driver.cpp:627:110:[m[K [01;35m[Kwarning: [m[Kunused parameter ‘[01m[Knodes[m[K’ [[01;35m[K-Wunused-parameter[m[K]
[17.342s]   627 |         sl_result getFrequency(const LidarScanMode& scanMode, [01;35m[Kconst sl_lidar_response_measurement_node_hq_t* nodes[m[K, size_t count, float& frequency)
[17.342s]       |                                                               [01;35m[K~~~~~~~~~~~~~~~~~~~~~~~~~~~~~~~~~~~~~~~~~~~~~~~^~~~~[m[K
[17.345s] [01m[K/home/nalsem/ros2_ws/src/sllidar_ros2/sdk/src/sl_lidar_driver.cpp:[m[K In member function ‘[01m[Kvirtual sl_result sl::SlamtecLidarDriver::getHealth(sl_lidar_response_device_health_t&, sl_u32)[m[K’:
[17.346s] [01m[K/home/nalsem/ros2_ws/src/sllidar_ros2/sdk/src/sl_lidar_driver.cpp:640:79:[m[K [01;35m[Kwarning: [m[Kunused parameter ‘[01m[Ktimeout[m[K’ [[01;35m[K-Wunused-parameter[m[K]
[17.346s]   640 |         sl_result getHealth(sl_lidar_response_device_health_t& health, [01;35m[Ksl_u32 timeout = DEFAULT_TIMEOUT[m[K)
[17.347s]       |                                                                        [01;35m[K~~~~~~~^~~~~~~~~~~~~~~~~~~~~~~~~[m[K
[17.356s] [01m[K/home/nalsem/ros2_ws/src/sllidar_ros2/sdk/src/sl_lidar_driver.cpp:[m[K In member function ‘[01m[Kvirtual sl_result sl::SlamtecLidarDriver::getMotorInfo(sl::LidarMotorInfo&, sl_u32)[m[K’:
[17.357s] [01m[K/home/nalsem/ros2_ws/src/sllidar_ros2/sdk/src/sl_lidar_driver.cpp:730:66:[m[K [01;35m[Kwarning: [m[Kunused parameter ‘[01m[KtimeoutInMs[m[K’ [[01;35m[K-Wunused-parameter[m[K]
[17.358s]   730 |         sl_result getMotorInfo(LidarMotorInfo &motorInfo, [01;35m[Ksl_u32 timeoutInMs[m[K)
[17.358s]       |                                                           [01;35m[K~~~~~~~^~~~~~~~~~~[m[K
[17.381s] [01m[K/home/nalsem/ros2_ws/src/sllidar_ros2/sdk/src/sl_lidar_driver.cpp:[m[K In member function ‘[01m[Ksl_result sl::SlamtecLidarDriver::_sendCommand(sl_u16, const void*, size_t)[m[K’:
[17.382s] [01m[K/home/nalsem/ros2_ws/src/sllidar_ros2/sdk/src/sl_lidar_driver.cpp:1089:35:[m[K [01;35m[Kwarning: [m[Kcomparison of integer expressions of different signedness: ‘[01m[Kint[m[K’ and ‘[01m[Kstd::vector<unsigned char>::size_type[m[K’ {aka ‘[01m[Klong unsigned int[m[K’} [[01;35m[K-Wsign-compare[m[K]
[17.382s]  1089 |             for (int pos = 0; [01;35m[Kpos < cmd_packet.size()[m[K; pos++) {
[17.383s]       |                               [01;35m[K~~~~^~~~~~~~~~~~~~~~~~~[m[K
[17.384s] [01m[K/home/nalsem/ros2_ws/src/sllidar_ros2/sdk/src/sl_lidar_driver.cpp:1058:19:[m[K [01;35m[Kwarning: [m[Kunused variable ‘[01m[Kpkt_header[m[K’ [[01;35m[K-Wunused-variable[m[K]
[17.385s]  1058 |             sl_u8 [01;35m[Kpkt_header[m[K[10];
[17.385s]       |                   [01;35m[K^~~~~~~~~~[m[K
[17.399s] [01m[K/home/nalsem/ros2_ws/src/sllidar_ros2/sdk/src/sl_lidar_driver.cpp:[m[K In member function ‘[01m[Kvoid sl::SlamtecLidarDriver::_ultraCapsuleToNormal(const sl_lidar_response_ultra_capsule_measurement_nodes_t&, sl_lidar_response_measurement_node_hq_t*, size_t&)[m[K’:
[17.399s] [01m[K/home/nalsem/ros2_ws/src/sllidar_ros2/sdk/src/sl_lidar_driver.cpp:1370:40:[m[K [01;35m[Kwarning: [m[Kcomparison of integer expressions of different signedness: ‘[01m[Kint[m[K’ and ‘[01m[Kunsigned int[m[K’ [[01;35m[K-Wsign-compare[m[K]
[17.400s]  1370 |                     if (([01;35m[Kdist_predict1 == 0xFFFFFE00[m[K) || (dist_predict1 == 0x1FF)) {
[17.400s]       |                          [01;35m[K~~~~~~~~~~~~~~^~~~~~~~~~~~~[m[K
[17.402s] [01m[K/home/nalsem/ros2_ws/src/sllidar_ros2/sdk/src/sl_lidar_driver.cpp:1379:40:[m[K [01;35m[Kwarning: [m[Kcomparison of integer expressions of different signedness: ‘[01m[Kint[m[K’ and ‘[01m[Kunsigned int[m[K’ [[01;35m[K-Wsign-compare[m[K]
[17.402s]  1379 |                     if (([01;35m[Kdist_predict2 == 0xFFFFFE00[m[K) || (dist_predict2 == 0x1FF)) {
[17.403s]       |                          [01;35m[K~~~~~~~~~~~~~~^~~~~~~~~~~~~[m[K
[17.415s] [01m[K/home/nalsem/ros2_ws/src/sllidar_ros2/sdk/src/sl_lidar_driver.cpp:[m[K In member function ‘[01m[Kvoid sl::SlamtecLidarDriver::_dense_capsuleToNormal(const sl_lidar_response_capsule_measurement_nodes_t&, sl_lidar_response_measurement_node_hq_t*, size_t&)[m[K’:
[17.416s] [01m[K/home/nalsem/ros2_ws/src/sllidar_ros2/sdk/src/sl_lidar_driver.cpp:1577:116:[m[K [01;35m[Kwarning: [m[Ktype qualifiers ignored on cast result type [[01;35m[K-Wignored-qualifiers[m[K]
[17.416s]  1577 |                     const int dist = static_cast<const int>(_cached_previous_dense_capsuledata.cabins[pos].distance[01;35m[K)[m[K;
[17.417s]       |                                                                                                                    [01;35m[K^[m[K
[17.697s] In file included from [01m[K/home/nalsem/ros2_ws/src/sllidar_ros2/./sdk/include/sl_lidar_cmd.h:36[m[K,
[17.698s]                  from [01m[K/home/nalsem/ros2_ws/src/sllidar_ros2/./sdk/include/sl_lidar_driver.h:54[m[K,
[17.698s]                  from [01m[K/home/nalsem/ros2_ws/src/sllidar_ros2/./sdk/include/sl_lidar.h:36[m[K,
[17.699s]                  from [01m[K/home/nalsem/ros2_ws/src/sllidar_ros2/src/sllidar_node.cpp:38[m[K:
[17.699s] [01m[K/home/nalsem/ros2_ws/src/sllidar_ros2/./sdk/include/sl_lidar_protocol.h:58:16:[m[K [01;35m[Kwarning: [m[KISO C++ forbids zero-size array ‘[01m[Kdata[m[K’ [[01;35m[K-Wpedantic[m[K]
[17.700s]    58 |     sl_u8 data[[01;35m[K0[m[K];
[17.700s]       |                [01;35m[K^[m[K
[17.701s] In file included from [01m[K/home/nalsem/ros2_ws/src/sllidar_ros2/./sdk/include/sl_lidar_driver.h:54[m[K,
[17.701s]                  from [01m[K/home/nalsem/ros2_ws/src/sllidar_ros2/./sdk/include/sl_lidar.h:36[m[K,
[17.702s]                  from [01m[K/home/nalsem/ros2_ws/src/sllidar_ros2/src/sllidar_node.cpp:38[m[K:
[17.702s] [01m[K/home/nalsem/ros2_ws/src/sllidar_ros2/./sdk/include/sl_lidar_cmd.h:295:20:[m[K [01;35m[Kwarning: [m[KISO C++ forbids zero-size array ‘[01m[Kpayload[m[K’ [[01;35m[K-Wpedantic[m[K]
[17.703s]   295 |     sl_u8  payload[[01;35m[K0[m[K];
[17.703s]       |                    [01;35m[K^[m[K
[17.780s] [01m[K/home/nalsem/ros2_ws/src/sllidar_ros2/sdk/src/sl_lidar_driver.cpp:[m[K At global scope:
[17.781s] [01m[K/home/nalsem/ros2_ws/src/sllidar_ros2/sdk/src/sl_lidar_driver.cpp:72:17:[m[K [01;35m[Kwarning: [m[K‘[01m[Kvoid sl::convert(const sl_lidar_response_measurement_node_hq_t&, sl_lidar_response_measurement_node_t&)[m[K’ defined but not used [[01;35m[K-Wunused-function[m[K]
[17.781s]    72 |     static void [01;35m[Kconvert[m[K(const sl_lidar_response_measurement_node_hq_t& from, sl_lidar_response_measurement_node_t& to)
[17.782s]       |                 [01;35m[K^~~~~~~[m[K
[17.783s] [01m[K/home/nalsem/ros2_ws/src/sllidar_ros2/sdk/src/sl_lidar_driver.cpp:59:17:[m[K [01;35m[Kwarning: [m[K‘[01m[Kvoid sl::printDeprecationWarn(const char*, const char*)[m[K’ defined but not used [[01;35m[K-Wunused-function[m[K]
[17.783s]    59 |     static void [01;35m[KprintDeprecationWarn[m[K(const char* fn, const char* replacement)
[17.784s]       |                 [01;35m[K^~~~~~~~~~~~~~~~~~~~[m[K
[17.865s] In file included from [01m[K/home/nalsem/ros2_ws/src/sllidar_ros2/./sdk/include/sl_lidar_cmd.h:36[m[K,
[17.866s]                  from [01m[K/home/nalsem/ros2_ws/src/sllidar_ros2/./sdk/include/sl_lidar_driver.h:54[m[K,
[17.866s]                  from [01m[K/home/nalsem/ros2_ws/src/sllidar_ros2/sdk/src/sl_serial_channel.cpp:34[m[K:
[17.867s] [01m[K/home/nalsem/ros2_ws/src/sllidar_ros2/./sdk/include/sl_lidar_protocol.h:58:16:[m[K [01;35m[Kwarning: [m[KISO C++ forbids zero-size array ‘[01m[Kdata[m[K’ [[01;35m[K-Wpedantic[m[K]
[17.867s]    58 |     sl_u8 data[[01;35m[K0[m[K];
[17.868s]       |                [01;35m[K^[m[K
[17.870s] In file included from [01m[K/home/nalsem/ros2_ws/src/sllidar_ros2/./sdk/include/sl_lidar_driver.h:54[m[K,
[17.870s]                  from [01m[K/home/nalsem/ros2_ws/src/sllidar_ros2/sdk/src/sl_serial_channel.cpp:34[m[K:
[17.871s] [01m[K/home/nalsem/ros2_ws/src/sllidar_ros2/./sdk/include/sl_lidar_cmd.h:295:20:[m[K [01;35m[Kwarning: [m[KISO C++ forbids zero-size array ‘[01m[Kpayload[m[K’ [[01;35m[K-Wpedantic[m[K]
[17.872s]   295 |     sl_u8  payload[[01;35m[K0[m[K];
[17.872s]       |                    [01;35m[K^[m[K
[18.139s] [ 78%] [32mBuilding CXX object CMakeFiles/sllidar_node.dir/sdk/src/sl_tcp_channel.cpp.o[0m
[18.192s] [01m[K/home/nalsem/ros2_ws/src/sllidar_ros2/sdk/src/sl_tcp_channel.cpp:33:9:[m[K [01;35m[Kwarning: [m[K#pragma once in main file
[18.192s]    33 | #pragma [01;35m[Konce[m[K
[18.193s]       |         [01;35m[K^~~~[m[K
[19.030s] [ 85%] [32mBuilding CXX object CMakeFiles/sllidar_node.dir/sdk/src/sl_udp_channel.cpp.o[0m
[19.113s] [01m[K/home/nalsem/ros2_ws/src/sllidar_ros2/sdk/src/sl_udp_channel.cpp:33:9:[m[K [01;35m[Kwarning: [m[K#pragma once in main file
[19.115s]    33 | #pragma [01;35m[Konce[m[K
[19.116s]       |         [01;35m[K^~~~[m[K
[19.186s] In file included from [01m[K/home/nalsem/ros2_ws/src/sllidar_ros2/./sdk/include/sl_lidar_cmd.h:36[m[K,
[19.187s]                  from [01m[K/home/nalsem/ros2_ws/src/sllidar_ros2/./sdk/include/sl_lidar_driver.h:54[m[K,
[19.187s]                  from [01m[K/home/nalsem/ros2_ws/src/sllidar_ros2/sdk/src/sl_tcp_channel.cpp:34[m[K:
[19.187s] [01m[K/home/nalsem/ros2_ws/src/sllidar_ros2/./sdk/include/sl_lidar_protocol.h:58:16:[m[K [01;35m[Kwarning: [m[KISO C++ forbids zero-size array ‘[01m[Kdata[m[K’ [[01;35m[K-Wpedantic[m[K]
[19.188s]    58 |     sl_u8 data[[01;35m[K0[m[K];
[19.189s]       |                [01;35m[K^[m[K
[19.189s] In file included from [01m[K/home/nalsem/ros2_ws/src/sllidar_ros2/./sdk/include/sl_lidar_driver.h:54[m[K,
[19.190s]                  from [01m[K/home/nalsem/ros2_ws/src/sllidar_ros2/sdk/src/sl_tcp_channel.cpp:34[m[K:
[19.190s] [01m[K/home/nalsem/ros2_ws/src/sllidar_ros2/./sdk/include/sl_lidar_cmd.h:295:20:[m[K [01;35m[Kwarning: [m[KISO C++ forbids zero-size array ‘[01m[Kpayload[m[K’ [[01;35m[K-Wpedantic[m[K]
[19.191s]   295 |     sl_u8  payload[[01;35m[K0[m[K];
[19.192s]       |                    [01;35m[K^[m[K
[19.208s] [01m[K/home/nalsem/ros2_ws/src/sllidar_ros2/sdk/src/sl_tcp_channel.cpp:[m[K In member function ‘[01m[Kvoid sl::TcpChannel::setStatus(_u32)[m[K’:
[19.209s] [01m[K/home/nalsem/ros2_ws/src/sllidar_ros2/sdk/src/sl_tcp_channel.cpp:95:29:[m[K [01;35m[Kwarning: [m[Kunused parameter ‘[01m[Kflag[m[K’ [[01;35m[K-Wunused-parameter[m[K]
[19.210s]    95 |         void setStatus([01;35m[K_u32 flag[m[K){}
[19.210s]       |                        [01;35m[K~~~~~^~~~[m[K
[20.073s] In file included from [01m[K/home/nalsem/ros2_ws/src/sllidar_ros2/./sdk/include/sl_lidar_cmd.h:36[m[K,
[20.073s]                  from [01m[K/home/nalsem/ros2_ws/src/sllidar_ros2/./sdk/include/sl_lidar_driver.h:54[m[K,
[20.074s]                  from [01m[K/home/nalsem/ros2_ws/src/sllidar_ros2/sdk/src/sl_udp_channel.cpp:34[m[K:
[20.074s] [01m[K/home/nalsem/ros2_ws/src/sllidar_ros2/./sdk/include/sl_lidar_protocol.h:58:16:[m[K [01;35m[Kwarning: [m[KISO C++ forbids zero-size array ‘[01m[Kdata[m[K’ [[01;35m[K-Wpedantic[m[K]
[20.075s]    58 |     sl_u8 data[[01;35m[K0[m[K];
[20.075s]       |                [01;35m[K^[m[K
[20.076s] In file included from [01m[K/home/nalsem/ros2_ws/src/sllidar_ros2/./sdk/include/sl_lidar_driver.h:54[m[K,
[20.077s]                  from [01m[K/home/nalsem/ros2_ws/src/sllidar_ros2/sdk/src/sl_udp_channel.cpp:34[m[K:
[20.077s] [01m[K/home/nalsem/ros2_ws/src/sllidar_ros2/./sdk/include/sl_lidar_cmd.h:295:20:[m[K [01;35m[Kwarning: [m[KISO C++ forbids zero-size array ‘[01m[Kpayload[m[K’ [[01;35m[K-Wpedantic[m[K]
[20.078s]   295 |     sl_u8  payload[[01;35m[K0[m[K];
[20.078s]       |                    [01;35m[K^[m[K
[20.096s] [01m[K/home/nalsem/ros2_ws/src/sllidar_ros2/sdk/src/sl_udp_channel.cpp:[m[K In member function ‘[01m[Kvoid sl::UdpChannel::setStatus(_u32)[m[K’:
[20.097s] [01m[K/home/nalsem/ros2_ws/src/sllidar_ros2/sdk/src/sl_udp_channel.cpp:103:29:[m[K [01;35m[Kwarning: [m[Kunused parameter ‘[01m[Kflag[m[K’ [[01;35m[K-Wunused-parameter[m[K]
[20.097s]   103 |         void setStatus([01;35m[K_u32 flag[m[K){}
[20.098s]       |                        [01;35m[K~~~~~^~~~[m[K
[22.523s] [01m[K/home/nalsem/ros2_ws/src/sllidar_ros2/src/sllidar_node.cpp:[m[K In member function ‘[01m[Kbool SLlidarNode::checkSLLIDARHealth(sl::ILidarDriver*)[m[K’:
[22.523s] [01m[K/home/nalsem/ros2_ws/src/sllidar_ros2/src/sllidar_node.cpp:147:5:[m[K [01;35m[Kwarning: [m[Kcontrol reaches end of non-void function [[01;35m[K-Wreturn-type[m[K]
[22.524s]   147 |     [01;35m[K}[m[K
[22.524s]       |     [01;35m[K^[m[K
[27.869s] [ 92%] [32m[1mLinking CXX executable sllidar_node[0m
[28.995s] [ 92%] Built target sllidar_node
[32.755s] [100%] [32m[1mLinking CXX executable sllidar_client[0m
[33.805s] [100%] Built target sllidar_client
[33.855s] Invoked command in '/home/nalsem/ros2_ws/build/sllidar_ros2' returned '0': CMAKE_PREFIX_PATH=${CMAKE_PREFIX_PATH}:/home/nalsem/ros2_ws/install/nalsem_A:/home/nalsem/ros2_ws/install/mecha_autoship_camera:/opt/ros/foxy /usr/bin/cmake --build /home/nalsem/ros2_ws/build/sllidar_ros2 -- -j4 -l4
[34.051s] Invoking command in '/home/nalsem/ros2_ws/build/sllidar_ros2': CMAKE_PREFIX_PATH=${CMAKE_PREFIX_PATH}:/home/nalsem/ros2_ws/install/nalsem_A:/home/nalsem/ros2_ws/install/mecha_autoship_camera:/opt/ros/foxy /usr/bin/cmake --install /home/nalsem/ros2_ws/build/sllidar_ros2
[34.115s] -- Install configuration: ""
[34.117s] -- Execute custom install script
[34.122s] -- Symlinking: /home/nalsem/ros2_ws/install/sllidar_ros2/share/sllidar_ros2/launch/sllidar_a3_launch.py
[34.152s] -- Symlinking: /home/nalsem/ros2_ws/install/sllidar_ros2/share/sllidar_ros2/launch/sllidar_launch.py
[34.184s] -- Symlinking: /home/nalsem/ros2_ws/install/sllidar_ros2/share/sllidar_ros2/launch/sllidar_s1_launch.py
[34.215s] -- Symlinking: /home/nalsem/ros2_ws/install/sllidar_ros2/share/sllidar_ros2/launch/sllidar_s1_tcp_launch.py
[34.246s] -- Symlinking: /home/nalsem/ros2_ws/install/sllidar_ros2/share/sllidar_ros2/launch/sllidar_s2_launch.py
[34.278s] -- Symlinking: /home/nalsem/ros2_ws/install/sllidar_ros2/share/sllidar_ros2/launch/sllidar_s2e_launch.py
[34.309s] -- Symlinking: /home/nalsem/ros2_ws/install/sllidar_ros2/share/sllidar_ros2/launch/sllidar_t1_launch.py
[34.340s] -- Symlinking: /home/nalsem/ros2_ws/install/sllidar_ros2/share/sllidar_ros2/launch/view_sllidar_a3_launch.py
[34.370s] -- Symlinking: /home/nalsem/ros2_ws/install/sllidar_ros2/share/sllidar_ros2/launch/view_sllidar_launch.py
[34.402s] -- Symlinking: /home/nalsem/ros2_ws/install/sllidar_ros2/share/sllidar_ros2/launch/view_sllidar_s1_launch.py
[34.436s] -- Symlinking: /home/nalsem/ros2_ws/install/sllidar_ros2/share/sllidar_ros2/launch/view_sllidar_s1_tcp_launch.py
[34.468s] -- Symlinking: /home/nalsem/ros2_ws/install/sllidar_ros2/share/sllidar_ros2/launch/view_sllidar_s2_launch.py
[34.499s] -- Symlinking: /home/nalsem/ros2_ws/install/sllidar_ros2/share/sllidar_ros2/launch/view_sllidar_s2e_launch.py
[34.533s] -- Symlinking: /home/nalsem/ros2_ws/install/sllidar_ros2/share/sllidar_ros2/launch/view_sllidar_t1_launch.py
[34.568s] -- Symlinking: /home/nalsem/ros2_ws/install/sllidar_ros2/share/sllidar_ros2/rviz/sllidar_ros2.rviz
[34.601s] -- Symlinking: /home/nalsem/ros2_ws/install/sllidar_ros2/lib/sllidar_ros2/sllidar_node
[34.632s] -- Symlinking: /home/nalsem/ros2_ws/install/sllidar_ros2/lib/sllidar_ros2/sllidar_client
[34.664s] -- Symlinking: /home/nalsem/ros2_ws/install/sllidar_ros2/share/ament_index/resource_index/package_run_dependencies/sllidar_ros2
[34.696s] -- Symlinking: /home/nalsem/ros2_ws/install/sllidar_ros2/share/ament_index/resource_index/parent_prefix_path/sllidar_ros2
[34.732s] -- Symlinking: /home/nalsem/ros2_ws/install/sllidar_ros2/share/sllidar_ros2/environment/ament_prefix_path.sh
[34.764s] -- Symlinking: /home/nalsem/ros2_ws/install/sllidar_ros2/share/sllidar_ros2/environment/ament_prefix_path.dsv
[34.796s] -- Symlinking: /home/nalsem/ros2_ws/install/sllidar_ros2/share/sllidar_ros2/environment/path.sh
[34.827s] -- Symlinking: /home/nalsem/ros2_ws/install/sllidar_ros2/share/sllidar_ros2/environment/path.dsv
[34.858s] -- Symlinking: /home/nalsem/ros2_ws/install/sllidar_ros2/share/sllidar_ros2/local_setup.bash
[34.889s] -- Symlinking: /home/nalsem/ros2_ws/install/sllidar_ros2/share/sllidar_ros2/local_setup.sh
[34.921s] -- Symlinking: /home/nalsem/ros2_ws/install/sllidar_ros2/share/sllidar_ros2/local_setup.zsh
[34.952s] -- Symlinking: /home/nalsem/ros2_ws/install/sllidar_ros2/share/sllidar_ros2/local_setup.dsv
[34.983s] -- Symlinking: /home/nalsem/ros2_ws/install/sllidar_ros2/share/sllidar_ros2/package.dsv
[35.016s] -- Symlinking: /home/nalsem/ros2_ws/install/sllidar_ros2/share/ament_index/resource_index/packages/sllidar_ros2
[35.048s] -- Symlinking: /home/nalsem/ros2_ws/install/sllidar_ros2/share/sllidar_ros2/cmake/ament_cmake_export_dependencies-extras.cmake
[35.080s] -- Symlinking: /home/nalsem/ros2_ws/install/sllidar_ros2/share/sllidar_ros2/cmake/ament_cmake_export_include_directories-extras.cmake
[35.112s] -- Symlinking: /home/nalsem/ros2_ws/install/sllidar_ros2/share/sllidar_ros2/cmake/sllidar_ros2Config.cmake
[35.143s] -- Symlinking: /home/nalsem/ros2_ws/install/sllidar_ros2/share/sllidar_ros2/cmake/sllidar_ros2Config-version.cmake
[35.181s] -- Symlinking: /home/nalsem/ros2_ws/install/sllidar_ros2/share/sllidar_ros2/package.xml
[35.236s] Invoked command in '/home/nalsem/ros2_ws/build/sllidar_ros2' returned '0': CMAKE_PREFIX_PATH=${CMAKE_PREFIX_PATH}:/home/nalsem/ros2_ws/install/nalsem_A:/home/nalsem/ros2_ws/install/mecha_autoship_camera:/opt/ros/foxy /usr/bin/cmake --install /home/nalsem/ros2_ws/build/sllidar_ros2
