[3.037s] Invoking command in '/home/nalsem/ros2_ws/build/sllidar_ros2': CMAKE_PREFIX_PATH=${CMAKE_PREFIX_PATH}:/home/nalsem/ros2_ws/install/nalsem_A:/home/nalsem/ros2_ws/install/mecha_autoship_camera:/home/nalsem/ros2_ws/install/mecha_autoship_bringup:/opt/ros/foxy /usr/bin/cmake --build /home/nalsem/ros2_ws/build/sllidar_ros2 -- -j4 -l4
[4.332s] [ 85%] Built target sllidar_node
[4.337s] [100%] Built target sllidar_client
[4.479s] Invoked command in '/home/nalsem/ros2_ws/build/sllidar_ros2' returned '0': CMAKE_PREFIX_PATH=${CMAKE_PREFIX_PATH}:/home/nalsem/ros2_ws/install/nalsem_A:/home/nalsem/ros2_ws/install/mecha_autoship_camera:/home/nalsem/ros2_ws/install/mecha_autoship_bringup:/opt/ros/foxy /usr/bin/cmake --build /home/nalsem/ros2_ws/build/sllidar_ros2 -- -j4 -l4
[5.246s] Invoking command in '/home/nalsem/ros2_ws/build/sllidar_ros2': CMAKE_PREFIX_PATH=${CMAKE_PREFIX_PATH}:/home/nalsem/ros2_ws/install/nalsem_A:/home/nalsem/ros2_ws/install/mecha_autoship_camera:/home/nalsem/ros2_ws/install/mecha_autoship_bringup:/opt/ros/foxy /usr/bin/cmake --install /home/nalsem/ros2_ws/build/sllidar_ros2
[5.303s] -- Install configuration: ""
[5.308s] -- Execute custom install script
[5.314s] -- Up-to-date symlink: /home/nalsem/ros2_ws/install/sllidar_ros2/share/sllidar_ros2/launch/sllidar_a3_launch.py
[5.318s] -- Up-to-date symlink: /home/nalsem/ros2_ws/install/sllidar_ros2/share/sllidar_ros2/launch/sllidar_launch.py
[5.319s] -- Up-to-date symlink: /home/nalsem/ros2_ws/install/sllidar_ros2/share/sllidar_ros2/launch/sllidar_s1_launch.py
[5.320s] -- Up-to-date symlink: /home/nalsem/ros2_ws/install/sllidar_ros2/share/sllidar_ros2/launch/sllidar_s1_tcp_launch.py
[5.322s] -- Up-to-date symlink: /home/nalsem/ros2_ws/install/sllidar_ros2/share/sllidar_ros2/launch/sllidar_s2_launch.py
[5.323s] -- Up-to-date symlink: /home/nalsem/ros2_ws/install/sllidar_ros2/share/sllidar_ros2/launch/sllidar_s2e_launch.py
[5.326s] -- Up-to-date symlink: /home/nalsem/ros2_ws/install/sllidar_ros2/share/sllidar_ros2/launch/sllidar_t1_launch.py
[5.327s] -- Up-to-date symlink: /home/nalsem/ros2_ws/install/sllidar_ros2/share/sllidar_ros2/launch/view_sllidar_a3_launch.py
[5.330s] -- Up-to-date symlink: /home/nalsem/ros2_ws/install/sllidar_ros2/share/sllidar_ros2/launch/view_sllidar_launch.py
[5.331s] -- Up-to-date symlink: /home/nalsem/ros2_ws/install/sllidar_ros2/share/sllidar_ros2/launch/view_sllidar_s1_launch.py
[5.333s] -- Up-to-date symlink: /home/nalsem/ros2_ws/install/sllidar_ros2/share/sllidar_ros2/launch/view_sllidar_s1_tcp_launch.py
[5.335s] -- Up-to-date symlink: /home/nalsem/ros2_ws/install/sllidar_ros2/share/sllidar_ros2/launch/view_sllidar_s2_launch.py
[5.336s] -- Up-to-date symlink: /home/nalsem/ros2_ws/install/sllidar_ros2/share/sllidar_ros2/launch/view_sllidar_s2e_launch.py
[5.338s] -- Up-to-date symlink: /home/nalsem/ros2_ws/install/sllidar_ros2/share/sllidar_ros2/launch/view_sllidar_t1_launch.py
[5.340s] -- Up-to-date symlink: /home/nalsem/ros2_ws/install/sllidar_ros2/share/sllidar_ros2/rviz/sllidar_ros2.rviz
[5.344s] -- Up-to-date symlink: /home/nalsem/ros2_ws/install/sllidar_ros2/lib/sllidar_ros2/sllidar_node
[5.346s] -- Up-to-date symlink: /home/nalsem/ros2_ws/install/sllidar_ros2/lib/sllidar_ros2/sllidar_client
[5.350s] -- Up-to-date symlink: /home/nalsem/ros2_ws/install/sllidar_ros2/share/ament_index/resource_index/package_run_dependencies/sllidar_ros2
[5.353s] -- Up-to-date symlink: /home/nalsem/ros2_ws/install/sllidar_ros2/share/ament_index/resource_index/parent_prefix_path/sllidar_ros2
[5.358s] -- Up-to-date symlink: /home/nalsem/ros2_ws/install/sllidar_ros2/share/sllidar_ros2/environment/ament_prefix_path.sh
[5.360s] -- Up-to-date symlink: /home/nalsem/ros2_ws/install/sllidar_ros2/share/sllidar_ros2/environment/ament_prefix_path.dsv
[5.364s] -- Up-to-date symlink: /home/nalsem/ros2_ws/install/sllidar_ros2/share/sllidar_ros2/environment/path.sh
[5.368s] -- Up-to-date symlink: /home/nalsem/ros2_ws/install/sllidar_ros2/share/sllidar_ros2/environment/path.dsv
[5.373s] -- Up-to-date symlink: /home/nalsem/ros2_ws/install/sllidar_ros2/share/sllidar_ros2/local_setup.bash
[5.375s] -- Up-to-date symlink: /home/nalsem/ros2_ws/install/sllidar_ros2/share/sllidar_ros2/local_setup.sh
[5.379s] -- Up-to-date symlink: /home/nalsem/ros2_ws/install/sllidar_ros2/share/sllidar_ros2/local_setup.zsh
[5.381s] -- Up-to-date symlink: /home/nalsem/ros2_ws/install/sllidar_ros2/share/sllidar_ros2/local_setup.dsv
[5.382s] -- Symlinking: /home/nalsem/ros2_ws/install/sllidar_ros2/share/sllidar_ros2/package.dsv
[5.464s] -- Up-to-date symlink: /home/nalsem/ros2_ws/install/sllidar_ros2/share/ament_index/resource_index/packages/sllidar_ros2
[5.466s] -- Up-to-date symlink: /home/nalsem/ros2_ws/install/sllidar_ros2/share/sllidar_ros2/cmake/ament_cmake_export_dependencies-extras.cmake
[5.469s] -- Up-to-date symlink: /home/nalsem/ros2_ws/install/sllidar_ros2/share/sllidar_ros2/cmake/ament_cmake_export_include_directories-extras.cmake
[5.481s] -- Up-to-date symlink: /home/nalsem/ros2_ws/install/sllidar_ros2/share/sllidar_ros2/cmake/sllidar_ros2Config.cmake
[5.495s] -- Up-to-date symlink: /home/nalsem/ros2_ws/install/sllidar_ros2/share/sllidar_ros2/cmake/sllidar_ros2Config-version.cmake
[5.505s] -- Up-to-date symlink: /home/nalsem/ros2_ws/install/sllidar_ros2/share/sllidar_ros2/package.xml
[5.518s] Invoked command in '/home/nalsem/ros2_ws/build/sllidar_ros2' returned '0': CMAKE_PREFIX_PATH=${CMAKE_PREFIX_PATH}:/home/nalsem/ros2_ws/install/nalsem_A:/home/nalsem/ros2_ws/install/mecha_autoship_camera:/home/nalsem/ros2_ws/install/mecha_autoship_bringup:/opt/ros/foxy /usr/bin/cmake --install /home/nalsem/ros2_ws/build/sllidar_ros2
