[0.075s] Invoking command in '/home/nalsem/ros2_ws/build/ydlidar_sdk': /usr/bin/cmake /home/nalsem/ros2_ws/src/YDLidar-SDK -DCMAKE_INSTALL_PREFIX=/home/nalsem/ros2_ws/install/ydlidar_sdk
[0.373s] -- The C compiler identification is GNU 9.4.0
[0.653s] -- The CXX compiler identification is GNU 9.4.0
[0.687s] -- Check for working C compiler: /usr/bin/cc
[0.973s] -- Check for working C compiler: /usr/bin/cc -- works
[0.977s] -- Detecting C compiler ABI info
[1.284s] -- Detecting C compiler ABI info - done
[1.354s] -- Detecting C compile features
[1.357s] -- Detecting C compile features - done
[1.375s] -- Check for working CXX compiler: /usr/bin/c++
[1.735s] -- Check for working CXX compiler: /usr/bin/c++ -- works
[1.739s] -- Detecting CXX compiler ABI info
[2.091s] -- Detecting CXX compiler ABI info - done
[2.157s] -- Detecting CXX compile features
[2.161s] -- Detecting CXX compile features - done
[2.180s] CMake Deprecation Warning at CMakeLists.txt:44 (cmake_policy):
[2.181s]   The OLD behavior for policy CMP0053 will be removed from a future version
[2.181s]   of CMake.
[2.182s] 
[2.183s]   The cmake-policies(7) manual explains that the OLD behaviors of all
[2.184s]   policies are deprecated and that a policy should be set to OLD only under
[2.184s]   specific short-term circumstances.  Projects should be ported to the NEW
[2.185s]   behavior and not rely on setting a policy to OLD.
[2.185s] 
[2.186s] 
[2.187s] CMake Deprecation Warning at CMakeLists.txt:47 (cmake_policy):
[2.188s]   The OLD behavior for policy CMP0037 will be removed from a future version
[2.188s]   of CMake.
[2.189s] 
[2.190s]   The cmake-policies(7) manual explains that the OLD behaviors of all
[2.190s]   policies are deprecated and that a policy should be set to OLD only under
[2.191s]   specific short-term circumstances.  Projects should be ported to the NEW
[2.192s]   behavior and not rely on setting a policy to OLD.
[2.192s] 
[2.193s] 
[2.195s] CMake Deprecation Warning at CMakeLists.txt:50 (cmake_policy):
[2.200s]   The OLD behavior for policy CMP0043 will be removed from a future version
[2.200s]   of CMake.
[2.201s] 
[2.201s]   The cmake-policies(7) manual explains that the OLD behaviors of all
[2.201s]   policies are deprecated and that a policy should be set to OLD only under
[2.202s]   specific short-term circumstances.  Projects should be ported to the NEW
[2.202s]   behavior and not rely on setting a policy to OLD.
[2.202s] 
[2.203s] 
[2.204s] -- Could NOT find SWIG (missing: SWIG_EXECUTABLE SWIG_DIR) 
[2.365s] -- Found PythonInterp: /usr/bin/python (found version "3.8.10") 
[2.455s] -- Found PythonLibs: /usr/lib/aarch64-linux-gnu/libpython3.8.so (found version "3.8.10") 
[2.522s] -- Found GTest: /usr/lib/aarch64-linux-gnu/libgtest.a  
[3.771s] -- build test is ON.....
[3.775s] CMake Deprecation Warning at cmake/install_package.cmake:101 (cmake_policy):
[3.775s]   The OLD behavior for policy CMP0026 will be removed from a future version
[3.776s]   of CMake.
[3.776s] 
[3.776s]   The cmake-policies(7) manual explains that the OLD behaviors of all
[3.777s]   policies are deprecated and that a policy should be set to OLD only under
[3.777s]   specific short-term circumstances.  Projects should be ported to the NEW
[3.778s]   behavior and not rely on setting a policy to OLD.
[3.778s] Call Stack (most recent call first):
[3.779s]   CMakeLists.txt:162 (install_package)
[3.779s] 
[3.779s] 
[3.787s] CMake Warning (dev) at cmake/install_package.cmake:191 (install):
[3.787s]   Policy CMP0062 is not set: Disallow install() of export() result.  Run
[3.788s]   "cmake --help-policy CMP0062" for policy details.  Use the cmake_policy
[3.788s]   command to set the policy and suppress this warning.
[3.788s] 
[3.789s]   The file
[3.789s] 
[3.789s]     /home/nalsem/ros2_ws/build/ydlidar_sdk/ydlidar_sdkTargets.cmake
[3.790s] 
[3.790s]   was generated by the export() command.  It should not be installed with the
[3.790s]   install() command.  Use the install(EXPORT) mechanism instead.  See the
[3.791s]   cmake-packages(7) manual for more.
[3.791s] 
[3.791s] Call Stack (most recent call first):
[3.792s]   CMakeLists.txt:162 (install_package)
[3.792s] This warning is for project developers.  Use -Wno-dev to suppress it.
[3.792s] 
[3.840s] -- 
[3.841s] -- +===========================================================================+
[3.841s] -- |         Resulting configuration for                             |
[3.841s] -- +===========================================================================+
[3.842s] --  _________________________ PLATFORM _____________________________
[3.842s] --  Host                        : Linux4.9.140-tegraaarch64
[3.842s] --  Is the system big endian?   :  No 
[3.843s] --  Word size (32/64 bit)       : 64
[3.843s] --  CMake version               : 3.16.3
[3.843s] --  CMake generator             : Unix Makefiles
[3.844s] --  CMake build tool            : /usr/bin/make
[3.844s] --  Compiler                    : GNU
[3.844s] --  Configuration               : 
[3.845s] -- 
[3.845s] --  __________________________ OPTIONS _____________________________
[3.845s] --  Build YDLidar-SDK as a shared library?　　 :  No 
[3.846s] --  Build Examples?　　　　　　　　　　　　　　 : Yes 
[3.846s] --  Build C Sharp API?　　　　　　　　　　　　 :  No 
[3.846s] --  Build TEST?  			　　　 : Yes 
[3.847s] -- 
[3.847s] --  _________________________ INSTALL _____________________
[3.847s] --  Install prefix                    : /home/nalsem/ros2_ws/install/ydlidar_sdk
[3.848s] -- 
[3.848s] --  _______________________ WRAPPERS/BINDINGS ______________________
[3.848s] --  Python bindings (pyydlidar)   :  No 
[3.849s] --   - dep: Swig found?       :  No [Version: ]
[3.849s] --   - dep: PythonLibs found?  : Yes [Version: 3.8.10]
[3.850s] -- 
[3.859s] -- Configuring done
[3.944s] -- Generating done
[3.953s] -- Build files have been written to: /home/nalsem/ros2_ws/build/ydlidar_sdk
[3.982s] Invoked command in '/home/nalsem/ros2_ws/build/ydlidar_sdk' returned '0': /usr/bin/cmake /home/nalsem/ros2_ws/src/YDLidar-SDK -DCMAKE_INSTALL_PREFIX=/home/nalsem/ros2_ws/install/ydlidar_sdk
[3.991s] Invoking command in '/home/nalsem/ros2_ws/build/ydlidar_sdk': /usr/bin/cmake --build /home/nalsem/ros2_ws/build/ydlidar_sdk -- -j4 -l4
[4.130s] [35m[1mScanning dependencies of target ydlidar_sdk[0m
[4.232s] [  3%] [32mBuilding CXX object CMakeFiles/ydlidar_sdk.dir/core/network/PassiveSocket.cpp.o[0m
[4.233s] [  6%] [32mBuilding CXX object CMakeFiles/ydlidar_sdk.dir/core/common/ydlidar_def.cpp.o[0m
[4.245s] [ 10%] [32mBuilding CXX object CMakeFiles/ydlidar_sdk.dir/core/network/ActiveSocket.cpp.o[0m
[4.249s] [ 13%] [32mBuilding CXX object CMakeFiles/ydlidar_sdk.dir/core/base/timer.cpp.o[0m
[4.465s] [ 16%] [32mBuilding CXX object CMakeFiles/ydlidar_sdk.dir/core/network/SimpleSocket.cpp.o[0m
[5.274s] [ 20%] [32mBuilding CXX object CMakeFiles/ydlidar_sdk.dir/core/serial/serial.cpp.o[0m
[6.026s] [ 23%] [32mBuilding C object CMakeFiles/ydlidar_sdk.dir/core/serial/impl/unix/lock.c.o[0m
[6.031s] [ 26%] [32mBuilding CXX object CMakeFiles/ydlidar_sdk.dir/core/serial/impl/unix/list_ports_linux.cpp.o[0m
[6.344s] [ 30%] [32mBuilding CXX object CMakeFiles/ydlidar_sdk.dir/src/CYdLidar.cpp.o[0m
[6.355s] [ 33%] [32mBuilding CXX object CMakeFiles/ydlidar_sdk.dir/core/serial/impl/unix/unix_serial.cpp.o[0m
[8.300s] [ 36%] [32mBuilding CXX object CMakeFiles/ydlidar_sdk.dir/src/ETLidarDriver.cpp.o[0m
[8.527s] [ 40%] [32mBuilding CXX object CMakeFiles/ydlidar_sdk.dir/src/GS2LidarDriver.cpp.o[0m
[8.810s] [ 43%] [32mBuilding CXX object CMakeFiles/ydlidar_sdk.dir/src/YDlidarDriver.cpp.o[0m
[10.913s] [01m[K/home/nalsem/ros2_ws/src/YDLidar-SDK/src/GS2LidarDriver.cpp:[m[K In member function ‘[01m[Kresult_t ydlidar::GS2LidarDriver::waitPackage(node_info*, uint32_t)[m[K’:
[10.913s] [01m[K/home/nalsem/ros2_ws/src/YDLidar-SDK/src/GS2LidarDriver.cpp:912:83:[m[K [01;35m[Kwarning: [m[Ktaking address of packed member of ‘[01m[Knode_info[m[K’ may result in an unaligned pointer value [[01;35m[K-Waddress-of-packed-member[m[K]
[10.914s]   912 |             angTransform((*node).distance_q2, package_Sample_Index, &sampleAngle, [01;35m[K&(*node).distance_q2[m[K);
[10.915s]       |                                                                                   [01;35m[K^~~~~~~~~~~~~~~~~~~~[m[K
[11.587s] [ 46%] [32mBuilding CXX object CMakeFiles/ydlidar_sdk.dir/src/ydlidar_sdk.cpp.o[0m
[12.515s] [ 50%] [32mBuilding CXX object CMakeFiles/ydlidar_sdk.dir/src/filters/NoiseFilter.cpp.o[0m
[15.408s] [ 53%] [32m[1mLinking CXX static library libydlidar_sdk.a[0m
[15.651s] [ 53%] Built target ydlidar_sdk
[15.700s] [35m[1mScanning dependencies of target tof_test[0m
[15.780s] [35m[1mScanning dependencies of target gs_test[0m
[15.788s] [35m[1mScanning dependencies of target et_test[0m
[15.790s] [35m[1mScanning dependencies of target tri_test[0m
[15.842s] [ 56%] [32mBuilding CXX object samples/CMakeFiles/tof_test.dir/tof_test.cpp.o[0m
[15.858s] [ 60%] [32mBuilding CXX object samples/CMakeFiles/gs_test.dir/gs_test.cpp.o[0m
[15.882s] [ 63%] [32mBuilding CXX object samples/CMakeFiles/et_test.dir/et_test.cpp.o[0m
[15.915s] [ 66%] [32mBuilding CXX object samples/CMakeFiles/tri_test.dir/tri_test.cpp.o[0m
[19.099s] [ 70%] [32m[1mLinking CXX executable ../et_test[0m
[19.799s] [ 73%] [32m[1mLinking CXX executable ../tof_test[0m
[19.800s] [ 73%] Built target et_test
[19.958s] [35m[1mScanning dependencies of target tmini_test[0m
[20.046s] [ 76%] [32m[1mLinking CXX executable ../gs_test[0m
[20.050s] [ 80%] [32mBuilding CXX object samples/CMakeFiles/tmini_test.dir/tmini_test.cpp.o[0m
[20.091s] [ 83%] [32m[1mLinking CXX executable ../tri_test[0m
[20.769s] [ 83%] Built target tof_test
[20.823s] [ 83%] Built target gs_test
[20.865s] [35m[1mScanning dependencies of target lidar_c_api_test[0m
[20.950s] [35m[1mScanning dependencies of target lidar_test[0m
[20.967s] [ 83%] Built target tri_test
[20.971s] [ 86%] [32mBuilding C object samples/CMakeFiles/lidar_c_api_test.dir/lidar_c_api_test.c.o[0m
[21.028s] [01m[Kcc1:[m[K [01;35m[Kwarning: [m[Kcommand line option ‘[01m[K-std=c++11[m[K’ is valid for C++/ObjC++ but not for C
[21.048s] [ 90%] [32mBuilding CXX object test/CMakeFiles/lidar_test.dir/lidar_test.cpp.o[0m
[21.285s] [ 93%] [32m[1mLinking CXX executable ../lidar_c_api_test[0m
[22.033s] [ 93%] Built target lidar_c_api_test
[23.287s] [ 96%] [32m[1mLinking CXX executable ../tmini_test[0m
[23.778s] [ 96%] Built target tmini_test
[25.301s] [100%] [32m[1mLinking CXX executable lidar_test[0m
[25.813s] [100%] Built target lidar_test
[25.858s] Invoked command in '/home/nalsem/ros2_ws/build/ydlidar_sdk' returned '0': /usr/bin/cmake --build /home/nalsem/ros2_ws/build/ydlidar_sdk -- -j4 -l4
[26.066s] Invoking command in '/home/nalsem/ros2_ws/build/ydlidar_sdk': /usr/bin/cmake --install /home/nalsem/ros2_ws/build/ydlidar_sdk
[26.100s] -- Install configuration: ""
[26.101s] -- Installing: /home/nalsem/ros2_ws/install/ydlidar_sdk/include/core/base/datatype.h
[26.102s] -- Installing: /home/nalsem/ros2_ws/install/ydlidar_sdk/include/core/base/locker.h
[26.103s] -- Installing: /home/nalsem/ros2_ws/install/ydlidar_sdk/include/core/base/thread.h
[26.103s] -- Installing: /home/nalsem/ros2_ws/install/ydlidar_sdk/include/core/base/timer.h
[26.104s] -- Installing: /home/nalsem/ros2_ws/install/ydlidar_sdk/include/core/base/typedef.h
[26.105s] -- Installing: /home/nalsem/ros2_ws/install/ydlidar_sdk/include/core/base/utils.h
[26.105s] -- Installing: /home/nalsem/ros2_ws/install/ydlidar_sdk/include/core/base/v8stdint.h
[26.106s] -- Installing: /home/nalsem/ros2_ws/install/ydlidar_sdk/include/core/base/ydlidar.h
[26.107s] -- Installing: /home/nalsem/ros2_ws/install/ydlidar_sdk/include/core/common/ChannelDevice.h
[26.108s] -- Installing: /home/nalsem/ros2_ws/install/ydlidar_sdk/include/core/common/DriverInterface.h
[26.109s] -- Installing: /home/nalsem/ros2_ws/install/ydlidar_sdk/include/core/common/ydlidar_datatype.h
[26.109s] -- Installing: /home/nalsem/ros2_ws/install/ydlidar_sdk/include/core/common/ydlidar_def.h
[26.110s] -- Installing: /home/nalsem/ros2_ws/install/ydlidar_sdk/include/core/common/ydlidar_help.h
[26.111s] -- Installing: /home/nalsem/ros2_ws/install/ydlidar_sdk/include/core/common/ydlidar_protocol.h
[26.112s] -- Installing: /home/nalsem/ros2_ws/install/ydlidar_sdk/include/core/math/angles.h
[26.114s] -- Installing: /home/nalsem/ros2_ws/install/ydlidar_sdk/include/core/network/ActiveSocket.h
[26.115s] -- Installing: /home/nalsem/ros2_ws/install/ydlidar_sdk/include/core/network/PassiveSocket.h
[26.115s] -- Installing: /home/nalsem/ros2_ws/install/ydlidar_sdk/include/core/network/SimpleSocket.h
[26.116s] -- Installing: /home/nalsem/ros2_ws/install/ydlidar_sdk/include/core/network/StatTimer.h
[26.117s] -- Installing: /home/nalsem/ros2_ws/install/ydlidar_sdk/include/core/serial/common.h
[26.117s] -- Installing: /home/nalsem/ros2_ws/install/ydlidar_sdk/include/core/serial/serial.h
[26.118s] -- Installing: /home/nalsem/ros2_ws/install/ydlidar_sdk/include/core/serial/impl/unix/lock.h
[26.119s] -- Installing: /home/nalsem/ros2_ws/install/ydlidar_sdk/include/core/serial/impl/unix/unix.h
[26.120s] -- Installing: /home/nalsem/ros2_ws/install/ydlidar_sdk/include/core/serial/impl/unix/unix_serial.h
[26.121s] -- Installing: /home/nalsem/ros2_ws/install/ydlidar_sdk/include/src/CYdLidar.h
[26.122s] -- Installing: /home/nalsem/ros2_ws/install/ydlidar_sdk/include/src/ETLidarDriver.h
[26.124s] -- Installing: /home/nalsem/ros2_ws/install/ydlidar_sdk/include/src/GS2LidarDriver.h
[26.125s] -- Installing: /home/nalsem/ros2_ws/install/ydlidar_sdk/include/src/YDlidarDriver.h
[26.126s] -- Installing: /home/nalsem/ros2_ws/install/ydlidar_sdk/include/src/ydlidar_sdk.h
[26.126s] -- Installing: /home/nalsem/ros2_ws/install/ydlidar_sdk/include/src/filters/FilterInterface.h
[26.127s] -- Installing: /home/nalsem/ros2_ws/install/ydlidar_sdk/include/src/filters/NoiseFilter.h
[26.128s] -- Installing: /home/nalsem/ros2_ws/install/ydlidar_sdk/include/ydlidar_config.h
[26.128s] -- Installing: /home/nalsem/ros2_ws/install/ydlidar_sdk/lib/libydlidar_sdk.a
[26.137s] -- Installing: /home/nalsem/ros2_ws/install/ydlidar_sdk/lib/pkgconfig/YDLIDAR_SDK.pc
[26.138s] -- Installing: /home/nalsem/ros2_ws/install/ydlidar_sdk/lib/cmake/ydlidar_sdk/ydlidar_sdkConfig.cmake
[26.139s] -- Installing: /home/nalsem/ros2_ws/install/ydlidar_sdk/lib/cmake/ydlidar_sdk/ydlidar_sdkTargets.cmake
[26.150s] -- Installing: /home/nalsem/ros2_ws/install/ydlidar_sdk/lib/cmake/ydlidar_sdk/ydlidar_sdkConfigVersion.cmake
[26.150s] -- Installing: /home/nalsem/ros2_ws/install/ydlidar_sdk/share/YDLIDAR_SDK/FindYDLIDAR_SDK.cmake
[26.151s] -- Up-to-date: /home/nalsem/ros2_ws/install/ydlidar_sdk/share/YDLIDAR_SDK
[26.151s] -- Installing: /home/nalsem/ros2_ws/install/ydlidar_sdk/share/YDLIDAR_SDK/PackageConfigVersion.cmake.in
[26.152s] -- Installing: /home/nalsem/ros2_ws/install/ydlidar_sdk/share/YDLIDAR_SDK/PkgConfig.pc.in
[26.153s] -- Installing: /home/nalsem/ros2_ws/install/ydlidar_sdk/share/YDLIDAR_SDK/PackageConfig.cmake.in
[26.153s] -- Installing: /home/nalsem/ros2_ws/install/ydlidar_sdk/share/YDLIDAR_SDK/FindPackage.cmake.in
[26.154s] -- Installing: /home/nalsem/ros2_ws/install/ydlidar_sdk/share/YDLIDAR_SDK/common
[26.155s] -- Installing: /home/nalsem/ros2_ws/install/ydlidar_sdk/share/YDLIDAR_SDK/common/ydlidar_parse.cmake
[26.156s] -- Installing: /home/nalsem/ros2_ws/install/ydlidar_sdk/share/YDLIDAR_SDK/common/ydlidar_base.cmake
[26.156s] -- Installing: /home/nalsem/ros2_ws/install/ydlidar_sdk/share/YDLIDAR_SDK/install_package.cmake
[26.157s] -- Installing: /home/nalsem/ros2_ws/install/ydlidar_sdk/share/YDLIDAR_SDK/cmake_uninstall.cmake.in
[26.158s] -- Installing: /home/nalsem/ros2_ws/install/ydlidar_sdk/share/YDLIDAR_SDK/script_show_final_summary.cmake
[26.159s] -- Installing: /home/nalsem/ros2_ws/install/ydlidar_sdk/share/YDLIDAR_SDK/LICENSE.txt
[26.160s] -- Installing: /home/nalsem/ros2_ws/install/ydlidar_sdk/share/YDLIDAR_SDK/README.md
[26.160s] -- Installing: /home/nalsem/ros2_ws/install/ydlidar_sdk/share/YDLIDAR_SDK/doc
[26.161s] -- Installing: /home/nalsem/ros2_ws/install/ydlidar_sdk/share/YDLIDAR_SDK/doc/YDLidar_SDK_Communication_Protocol.pdf
[26.162s] -- Installing: /home/nalsem/ros2_ws/install/ydlidar_sdk/share/YDLIDAR_SDK/doc/YDLIDAR_SDK_API_for_Developers.md
[26.162s] -- Installing: /home/nalsem/ros2_ws/install/ydlidar_sdk/share/YDLIDAR_SDK/doc/images
[26.163s] -- Installing: /home/nalsem/ros2_ws/install/ydlidar_sdk/share/YDLIDAR_SDK/doc/images/angle_q2.png
[26.164s] -- Installing: /home/nalsem/ros2_ws/install/ydlidar_sdk/share/YDLIDAR_SDK/doc/images/communication_mechanism.png
[26.165s] -- Installing: /home/nalsem/ros2_ws/install/ydlidar_sdk/share/YDLIDAR_SDK/doc/images/system_workflow.png
[26.165s] -- Installing: /home/nalsem/ros2_ws/install/ydlidar_sdk/share/YDLIDAR_SDK/doc/images/sdk_init.png
[26.166s] -- Installing: /home/nalsem/ros2_ws/install/ydlidar_sdk/share/YDLIDAR_SDK/doc/images/YDLidar.jpg
[26.167s] -- Installing: /home/nalsem/ros2_ws/install/ydlidar_sdk/share/YDLIDAR_SDK/doc/images/frame_intensity.png
[26.168s] -- Installing: /home/nalsem/ros2_ws/install/ydlidar_sdk/share/YDLIDAR_SDK/doc/images/YDLidar.png
[26.168s] -- Installing: /home/nalsem/ros2_ws/install/ydlidar_sdk/share/YDLIDAR_SDK/doc/images/frame.png
[26.169s] -- Installing: /home/nalsem/ros2_ws/install/ydlidar_sdk/share/YDLIDAR_SDK/doc/images/EAI.png
[26.169s] -- Installing: /home/nalsem/ros2_ws/install/ydlidar_sdk/share/YDLIDAR_SDK/doc/images/FlowChart.png
[26.170s] -- Installing: /home/nalsem/ros2_ws/install/ydlidar_sdk/share/YDLIDAR_SDK/doc/images/sdk_scanning.png
[26.171s] -- Installing: /home/nalsem/ros2_ws/install/ydlidar_sdk/share/YDLIDAR_SDK/doc/images/sequence.png
[26.172s] -- Installing: /home/nalsem/ros2_ws/install/ydlidar_sdk/share/YDLIDAR_SDK/doc/images/sdk_architecture.png
[26.173s] -- Installing: /home/nalsem/ros2_ws/install/ydlidar_sdk/share/YDLIDAR_SDK/doc/YDLidar-SDK-Communication-Protocol.pdf
[26.174s] -- Installing: /home/nalsem/ros2_ws/install/ydlidar_sdk/share/YDLIDAR_SDK/doc/YDLidar-SDK-Communication-Protocol.html
[26.175s] -- Installing: /home/nalsem/ros2_ws/install/ydlidar_sdk/share/YDLIDAR_SDK/doc/Tutorials.md
[26.176s] -- Installing: /home/nalsem/ros2_ws/install/ydlidar_sdk/share/YDLIDAR_SDK/doc/howto
[26.176s] -- Installing: /home/nalsem/ros2_ws/install/ydlidar_sdk/share/YDLIDAR_SDK/doc/howto/how_to_create_a_csharp_project.md
[26.177s] -- Installing: /home/nalsem/ros2_ws/install/ydlidar_sdk/share/YDLIDAR_SDK/doc/howto/images
[26.178s] -- Installing: /home/nalsem/ros2_ws/install/ydlidar_sdk/share/YDLIDAR_SDK/doc/howto/images/csharp_exception.png
[26.178s] -- Installing: /home/nalsem/ros2_ws/install/ydlidar_sdk/share/YDLIDAR_SDK/doc/howto/images/ydlidar_lidar_monitor.png
[26.179s] -- Installing: /home/nalsem/ros2_ws/install/ydlidar_sdk/share/YDLIDAR_SDK/doc/howto/images/sdk_init.png
[26.180s] -- Installing: /home/nalsem/ros2_ws/install/ydlidar_sdk/share/YDLIDAR_SDK/doc/howto/images/sdk_scanning.png
[26.181s] -- Installing: /home/nalsem/ros2_ws/install/ydlidar_sdk/share/YDLIDAR_SDK/doc/howto/images/ttyUSB0.png
[26.181s] -- Installing: /home/nalsem/ros2_ws/install/ydlidar_sdk/share/YDLIDAR_SDK/doc/howto/images/sequence.png
[26.182s] -- Installing: /home/nalsem/ros2_ws/install/ydlidar_sdk/share/YDLIDAR_SDK/doc/howto/images/csharp_project.png
[26.183s] -- Installing: /home/nalsem/ros2_ws/install/ydlidar_sdk/share/YDLIDAR_SDK/doc/howto/images/csharp_running.png
[26.184s] -- Installing: /home/nalsem/ros2_ws/install/ydlidar_sdk/share/YDLIDAR_SDK/doc/howto/images/cpack.png
[26.184s] -- Installing: /home/nalsem/ros2_ws/install/ydlidar_sdk/share/YDLIDAR_SDK/doc/howto/images/ttyUSB1.png
[26.185s] -- Installing: /home/nalsem/ros2_ws/install/ydlidar_sdk/share/YDLIDAR_SDK/doc/howto/images/csharp_build.png
[26.185s] -- Installing: /home/nalsem/ros2_ws/install/ydlidar_sdk/share/YDLIDAR_SDK/doc/howto/images/vscode
[26.186s] -- Installing: /home/nalsem/ros2_ws/install/ydlidar_sdk/share/YDLIDAR_SDK/doc/howto/images/vscode/run_tasks.jpg
[26.189s] -- Installing: /home/nalsem/ros2_ws/install/ydlidar_sdk/share/YDLIDAR_SDK/doc/howto/images/vscode/tasks.png
[26.194s] -- Installing: /home/nalsem/ros2_ws/install/ydlidar_sdk/share/YDLIDAR_SDK/doc/howto/images/csharp_library.png
[26.195s] -- Installing: /home/nalsem/ros2_ws/install/ydlidar_sdk/share/YDLIDAR_SDK/doc/howto/how_to_create_a_pull.md
[26.196s] -- Installing: /home/nalsem/ros2_ws/install/ydlidar_sdk/share/YDLIDAR_SDK/doc/howto/how_to_build_and_install.md
[26.196s] -- Installing: /home/nalsem/ros2_ws/install/ydlidar_sdk/share/YDLIDAR_SDK/doc/howto/how_to_gerenrate_vs_project_by_cmake.md
[26.197s] -- Installing: /home/nalsem/ros2_ws/install/ydlidar_sdk/share/YDLIDAR_SDK/doc/howto/how_to_solve_slow_pull_from_cn.md
[26.198s] -- Installing: /home/nalsem/ros2_ws/install/ydlidar_sdk/share/YDLIDAR_SDK/doc/howto/how_to_build_and_debug_using_vscode.md
[26.199s] -- Installing: /home/nalsem/ros2_ws/install/ydlidar_sdk/share/YDLIDAR_SDK/doc/howto/README.md
[26.200s] -- Installing: /home/nalsem/ros2_ws/install/ydlidar_sdk/share/YDLIDAR_SDK/doc/howto/how_to_create_a_udev_rules.md
[26.203s] -- Installing: /home/nalsem/ros2_ws/install/ydlidar_sdk/share/YDLIDAR_SDK/doc/tutorials
[26.204s] -- Installing: /home/nalsem/ros2_ws/install/ydlidar_sdk/share/YDLIDAR_SDK/doc/tutorials/examine_the_simple_lidar_tutorial.md
[26.204s] -- Installing: /home/nalsem/ros2_ws/install/ydlidar_sdk/share/YDLIDAR_SDK/doc/tutorials/writing_lidar_tutorial_python.md
[26.205s] -- Installing: /home/nalsem/ros2_ws/install/ydlidar_sdk/share/YDLIDAR_SDK/doc/tutorials/writing_lidar_tutorial_c.md
[26.205s] -- Installing: /home/nalsem/ros2_ws/install/ydlidar_sdk/share/YDLIDAR_SDK/doc/tutorials/writing_lidar_network_adapter_tutorial_c++.md
[26.206s] -- Installing: /home/nalsem/ros2_ws/install/ydlidar_sdk/share/YDLIDAR_SDK/doc/tutorials/writing_lidar_tutorial_c++.md
[26.207s] -- Installing: /home/nalsem/ros2_ws/install/ydlidar_sdk/share/YDLIDAR_SDK/doc/SDK.pdf
[26.212s] -- Installing: /home/nalsem/ros2_ws/install/ydlidar_sdk/share/YDLIDAR_SDK/doc/FAQs
[26.214s] -- Installing: /home/nalsem/ros2_ws/install/ydlidar_sdk/share/YDLIDAR_SDK/doc/FAQs/General_FAQs_cn.md
[26.215s] -- Installing: /home/nalsem/ros2_ws/install/ydlidar_sdk/share/YDLIDAR_SDK/doc/FAQs/Hardware_FAQs_cn.md
[26.218s] -- Installing: /home/nalsem/ros2_ws/install/ydlidar_sdk/share/YDLIDAR_SDK/doc/FAQs/Software_FAQs_cn.md
[26.219s] -- Installing: /home/nalsem/ros2_ws/install/ydlidar_sdk/share/YDLIDAR_SDK/doc/FAQs/Hardware_FAQs.md
[26.220s] -- Installing: /home/nalsem/ros2_ws/install/ydlidar_sdk/share/YDLIDAR_SDK/doc/FAQs/Software_FAQs.md
[26.221s] -- Installing: /home/nalsem/ros2_ws/install/ydlidar_sdk/share/YDLIDAR_SDK/doc/FAQs/README.md
[26.221s] -- Installing: /home/nalsem/ros2_ws/install/ydlidar_sdk/share/YDLIDAR_SDK/doc/FAQs/General_FAQs.md
[26.222s] -- Installing: /home/nalsem/ros2_ws/install/ydlidar_sdk/share/YDLIDAR_SDK/doc/Dataset.md
[26.222s] -- Installing: /home/nalsem/ros2_ws/install/ydlidar_sdk/share/YDLIDAR_SDK/doc/Diagram.md
[26.223s] -- Installing: /home/nalsem/ros2_ws/install/ydlidar_sdk/share/YDLIDAR_SDK/doc/README.md
[26.223s] -- Installing: /home/nalsem/ros2_ws/install/ydlidar_sdk/share/YDLIDAR_SDK/doc/quickstart
[26.227s] -- Installing: /home/nalsem/ros2_ws/install/ydlidar_sdk/share/YDLIDAR_SDK/doc/quickstart/ydlidar_sdk_software_installation_guide.md
[26.228s] -- Installing: /home/nalsem/ros2_ws/install/ydlidar_sdk/share/YDLIDAR_SDK/doc/quickstart/README.md
[26.228s] -- Installing: /home/nalsem/ros2_ws/install/ydlidar_sdk/share/YDLIDAR_SDK/doc/YDLidar-SDK-Communication-Protocol.md
[26.229s] -- Installing: /home/nalsem/ros2_ws/install/ydlidar_sdk/startup/initenv.sh
[26.229s] -- Installing: /home/nalsem/ros2_ws/install/ydlidar_sdk/bin/et_test
[26.231s] -- Installing: /home/nalsem/ros2_ws/install/ydlidar_sdk/bin/gs_test
[26.235s] -- Installing: /home/nalsem/ros2_ws/install/ydlidar_sdk/bin/tmini_test
[26.239s] -- Installing: /home/nalsem/ros2_ws/install/ydlidar_sdk/bin/tof_test
[26.259s] -- Installing: /home/nalsem/ros2_ws/install/ydlidar_sdk/bin/tri_test
[26.261s] -- Installing: /home/nalsem/ros2_ws/install/ydlidar_sdk/bin/lidar_c_api_test
[26.278s] Invoked command in '/home/nalsem/ros2_ws/build/ydlidar_sdk' returned '0': /usr/bin/cmake --install /home/nalsem/ros2_ws/build/ydlidar_sdk
